Log file open, 11/04/19 22:32:14
LogWindows: Failed to load 'aqProf.dll' (GetLastError=126)
LogWindows: File 'aqProf.dll' does not exist
LogWindows: Failed to load 'VtuneApi.dll' (GetLastError=126)
LogWindows: File 'VtuneApi.dll' does not exist
LogWindows: Failed to load 'VtuneApi32e.dll' (GetLastError=126)
LogWindows: File 'VtuneApi32e.dll' does not exist
LogConsoleResponse: Display: Failed to find resolution value strings in scalability ini. Falling back to default.
LogInit: Display: Running engine for game: BattleRoyale
LogPlatformFile: Not using cached read wrapper
LogTaskGraph: Started task graph with 5 named threads and 23 total threads with 3 sets of task threads.
LogStats: Stats thread started at 0.094746
LogD3D11RHI: Loaded GFSDK_Aftermath_Lib.x64.dll
LogICUInternationalization: ICU TimeZone Detection - Raw Offset: +4:00, Platform Override: ''
LogPluginManager: Mounting plugin Paper2D
LogPluginManager: Mounting plugin AISupport
LogPluginManager: Mounting plugin LightPropagationVolume
LogPluginManager: Mounting plugin ActorLayerUtilities
LogPluginManager: Mounting plugin AnimationSharing
LogPluginManager: Mounting plugin CLionSourceCodeAccess
LogPluginManager: Mounting plugin CodeLiteSourceCodeAccess
LogPluginManager: Mounting plugin GitSourceControl
LogPluginManager: Mounting plugin KDevelopSourceCodeAccess
LogPluginManager: Mounting plugin NullSourceCodeAccess
LogPluginManager: Mounting plugin PerforceSourceControl
LogPluginManager: Mounting plugin SubversionSourceControl
LogPluginManager: Mounting plugin UObjectPlugin
LogPluginManager: Mounting plugin VisualStudioCodeSourceCodeAccess
LogPluginManager: Mounting plugin VisualStudioSourceCodeAccess
LogPluginManager: Mounting plugin XCodeSourceCodeAccess
LogPluginManager: Mounting plugin AssetManagerEditor
LogPluginManager: Mounting plugin CryptoKeys
LogPluginManager: Mounting plugin CurveEditorTools
LogPluginManager: Mounting plugin DataValidation
LogPluginManager: Mounting plugin FacialAnimation
LogPluginManager: Mounting plugin GameplayTagsEditor
LogPluginManager: Mounting plugin MacGraphicsSwitching
LogPluginManager: Mounting plugin MaterialAnalyzer
LogPluginManager: Mounting plugin MobileLauncherProfileWizard
LogPluginManager: Mounting plugin PluginBrowser
LogPluginManager: Mounting plugin SpeedTreeImporter
LogPluginManager: Mounting plugin DatasmithContent
LogPluginManager: Mounting plugin VariantManagerContent
LogPluginManager: Mounting plugin AlembicImporter
LogPluginManager: Mounting plugin AutomationUtils
LogPluginManager: Mounting plugin BackChannel
LogPluginManager: Mounting plugin CharacterAI
LogPluginManager: Mounting plugin GeometryCache
LogPluginManager: Mounting plugin HTML5Networking
LogPluginManager: Mounting plugin PlatformCrypto
LogPluginManager: Mounting plugin ProxyLODPlugin
LogPluginManager: Mounting plugin SkeletalReduction
LogPluginManager: Mounting plugin MagicLeap
LogPluginManager: Mounting plugin MagicLeapMedia
LogPluginManager: Mounting plugin AndroidMedia
LogPluginManager: Mounting plugin AvfMedia
LogPluginManager: Mounting plugin ImgMedia
LogPluginManager: Mounting plugin MediaCompositing
LogPluginManager: Mounting plugin MediaPlayerEditor
LogPluginManager: Mounting plugin WebMMedia
LogPluginManager: Mounting plugin WmfMedia
LogPluginManager: Mounting plugin TcpMessaging
LogPluginManager: Mounting plugin UdpMessaging
LogPluginManager: Mounting plugin ActorSequence
LogPluginManager: Mounting plugin LevelSequenceEditor
LogPluginManager: Mounting plugin MatineeToLevelSequence
LogPluginManager: Mounting plugin NetcodeUnitTest
LogPluginManager: Mounting plugin NUTUnrealEngine4
LogPluginManager: Mounting plugin OnlineSubsystemGooglePlay
LogPluginManager: Mounting plugin OnlineSubsystemIOS
LogPluginManager: Mounting plugin OnlineSubsystem
LogPluginManager: Mounting plugin OnlineSubsystemNull
LogPluginManager: Mounting plugin OnlineSubsystemUtils
LogPluginManager: Mounting plugin LauncherChunkInstaller
LogPluginManager: Mounting plugin AndroidDeviceProfileSelector
LogPluginManager: Mounting plugin AndroidMoviePlayer
LogPluginManager: Mounting plugin AndroidPermission
LogPluginManager: Mounting plugin AppleImageUtils
LogPluginManager: Mounting plugin AppleMoviePlayer
LogPluginManager: Mounting plugin ArchVisCharacter
LogPluginManager: Mounting plugin AudioCapture
LogPluginManager: Mounting plugin CableComponent
LogPluginManager: Mounting plugin CustomMeshComponent
LogPluginManager: Mounting plugin EditableMesh
LogPluginManager: Mounting plugin ExampleDeviceProfileSelector
LogPluginManager: Mounting plugin GoogleCloudMessaging
LogPluginManager: Mounting plugin IOSDeviceProfileSelector
LogPluginManager: Mounting plugin LinuxDeviceProfileSelector
LogPluginManager: Mounting plugin LocationServicesBPLibrary
LogPluginManager: Mounting plugin MobilePatchingUtils
LogPluginManager: Mounting plugin OculusVR
LogPluginManager: Mounting plugin PhysXVehicles
LogPluginManager: Mounting plugin ProceduralMeshComponent
LogPluginManager: Mounting plugin RuntimePhysXCooking
LogPluginManager: Mounting plugin SignificanceManager
LogPluginManager: Mounting plugin SteamVR
LogPluginManager: Mounting plugin WebMMoviePlayer
LogPluginManager: Mounting plugin WindowsMoviePlayer
LogPluginManager: Mounting plugin ScreenshotTools
LogInit: Using libcurl 7.55.1-DEV
LogInit:  - built for x86_64-pc-win32
LogInit:  - supports SSL with OpenSSL/1.1.1
LogInit:  - supports HTTP deflate (compression) using libz 1.2.8
LogInit:  - other features:
LogInit:      CURL_VERSION_SSL
LogInit:      CURL_VERSION_LIBZ
LogInit:      CURL_VERSION_IPV6
LogInit:      CURL_VERSION_ASYNCHDNS
LogInit:      CURL_VERSION_LARGEFILE
LogInit:      CURL_VERSION_IDN
LogInit:  CurlRequestOptions (configurable via config and command line):
LogInit:  - bVerifyPeer = true  - Libcurl will verify peer certificate
LogInit:  - bUseHttpProxy = false  - Libcurl will NOT use HTTP proxy
LogInit:  - bDontReuseConnections = false  - Libcurl will reuse connections
LogInit:  - MaxHostConnections = 16  - Libcurl will limit the number of connections to a host
LogInit:  - LocalHostAddr = Default
LogInit:  - BufferSize = 65536
LogOnline: OSS: Creating online subsystem instance for: NULL
LogInit: WinSock: version 1.1 (2.2), MaxSocks=32767, MaxUdp=65467
LogInit: Build: ++UE4+Release-4.23-CL-9631420
LogInit: Engine Version: 4.23.1-9631420+++UE4+Release-4.23
LogInit: Compatible Engine Version: 4.23.0-8386587+++UE4+Release-4.23
LogInit: Net CL: 8386587
LogInit: OS: Windows 10 (Release 1903) (), CPU: AMD Ryzen 5 1400 Quad-Core Processor           , GPU: NVIDIA GeForce GTX 1050 Ti
LogInit: Compiled (64-bit): Oct 18 2019 02:07:44
LogInit: Compiled with Visual C++: 19.16.27030.01
LogInit: Build Configuration: Development
LogInit: Branch Name: ++UE4+Release-4.23
LogInit: Command Line: 
LogInit: Base Directory: E:/UE_4.23/Engine/Binaries/Win64/
LogInit: Installed Engine Build: 1
LogDevObjectVersion: Number of dev versions registered: 23
LogDevObjectVersion:   Dev-Blueprints (B0D832E4-1F89-4F0D-ACCF-7EB736FD4AA2): 10
LogDevObjectVersion:   Dev-Build (E1C64328-A22C-4D53-A36C-8E866417BD8C): 0
LogDevObjectVersion:   Dev-Core (375EC13C-06E4-48FB-B500-84F0262A717E): 3
LogDevObjectVersion:   Dev-Editor (E4B068ED-F494-42E9-A231-DA0B2E46BB41): 34
LogDevObjectVersion:   Dev-Framework (CFFC743F-43B0-4480-9391-14DF171D2073): 35
LogDevObjectVersion:   Dev-Mobile (B02B49B5-BB20-44E9-A304-32B752E40360): 2
LogDevObjectVersion:   Dev-Networking (A4E4105C-59A1-49B5-A7C5-40C4547EDFEE): 0
LogDevObjectVersion:   Dev-Online (39C831C9-5AE6-47DC-9A44-9C173E1C8E7C): 0
LogDevObjectVersion:   Dev-Physics (78F01B33-EBEA-4F98-B9B4-84EACCB95AA2): 0
LogDevObjectVersion:   Dev-Platform (6631380F-2D4D-43E0-8009-CF276956A95A): 0
LogDevObjectVersion:   Dev-Rendering (12F88B9F-8875-4AFC-A67C-D90C383ABD29): 31
LogDevObjectVersion:   Dev-Sequencer (7B5AE74C-D270-4C10-A958-57980B212A5A): 11
LogDevObjectVersion:   Dev-VR (D7296918-1DD6-4BDD-9DE2-64A83CC13884): 2
LogDevObjectVersion:   Dev-LoadTimes (C2A15278-BFE7-4AFE-6C17-90FF531DF755): 1
LogDevObjectVersion:   Private-Geometry (6EACA3D4-40EC-4CC1-B786-8BED09428FC5): 3
LogDevObjectVersion:   Dev-AnimPhys (29E575DD-E0A3-4627-9D10-D276232CDCEA): 17
LogDevObjectVersion:   Dev-Anim (AF43A65D-7FD3-4947-9873-3E8ED9C1BB05): 2
LogDevObjectVersion:   Dev-ReflectionCapture (6B266CEC-1EC7-4B8F-A30B-E4D90942FC07): 1
LogDevObjectVersion:   Dev-Automation (0DF73D61-A23F-47EA-B727-89E90C41499A): 1
LogDevObjectVersion:   FortniteMain (601D1886-AC64-4F84-AA16-D3DE0DEAC7D6): 27
LogDevObjectVersion:   Dev-Enterprise (9DFFBCD6-494F-0158-E221-12823C92A888): 6
LogDevObjectVersion:   Dev-Niagara (F2AED0AC-9AFE-416F-8664-AA7FFA26D6FC): 1
LogDevObjectVersion:   Dev-Destruction (174F1F0B-B4C6-45A5-B13F-2EE8D0FB917D): 9
LogInit: Presizing for max 16777216 objects, including 0 objects not considered by GC, pre-allocating 0 bytes for permanent pool.
LogInit: Object subsystem initialized
LogConfig: Setting CVar [[con.DebugEarlyDefault:1]]
LogConfig: Setting CVar [[r.setres:1280x720]]
[2019.11.04-19.32.15:182][  0]LogConfig: Setting CVar [[r.VSync:0]]
[2019.11.04-19.32.15:182][  0]LogConfig: Setting CVar [[r.RHICmdBypass:0]]
[2019.11.04-19.32.15:182][  0]LogConfig: Applying CVar settings from Section [/Script/Engine.RendererSettings] File [E:/BattleRoyale/Saved/Config/Windows/Engine.ini]
[2019.11.04-19.32.15:182][  0]LogConfig: Setting CVar [[r.GPUCrashDebugging:0]]
[2019.11.04-19.32.15:182][  0]LogConfig: Applying CVar settings from Section [/Script/Engine.RendererOverrideSettings] File [E:/BattleRoyale/Saved/Config/Windows/Engine.ini]
[2019.11.04-19.32.15:182][  0]LogConfig: Setting CVar [[r.SupportAllShaderPermutations:0]]
[2019.11.04-19.32.15:182][  0]LogConfig: Setting CVar [[r.SkinCache.ForceRecomputeTangents:0]]
[2019.11.04-19.32.15:182][  0]LogConfig: Applying CVar settings from Section [/Script/Engine.StreamingSettings] File [E:/BattleRoyale/Saved/Config/Windows/Engine.ini]
[2019.11.04-19.32.15:182][  0]LogConfig: Setting CVar [[s.MinBulkDataSizeForAsyncLoading:131072]]
[2019.11.04-19.32.15:182][  0]LogConfig: Setting CVar [[s.AsyncLoadingThreadEnabled:0]]
[2019.11.04-19.32.15:182][  0]LogConfig: Setting CVar [[s.EventDrivenLoaderEnabled:1]]
[2019.11.04-19.32.15:182][  0]LogConfig: Setting CVar [[s.WarnIfTimeLimitExceeded:0]]
[2019.11.04-19.32.15:182][  0]LogConfig: Setting CVar [[s.TimeLimitExceededMultiplier:1.5]]
[2019.11.04-19.32.15:182][  0]LogConfig: Setting CVar [[s.TimeLimitExceededMinTime:0.005]]
[2019.11.04-19.32.15:182][  0]LogConfig: Setting CVar [[s.UseBackgroundLevelStreaming:1]]
[2019.11.04-19.32.15:182][  0]LogConfig: Setting CVar [[s.PriorityAsyncLoadingExtraTime:15.0]]
[2019.11.04-19.32.15:182][  0]LogConfig: Setting CVar [[s.LevelStreamingActorsUpdateTimeLimit:5.0]]
[2019.11.04-19.32.15:182][  0]LogConfig: Setting CVar [[s.PriorityLevelStreamingActorsUpdateExtraTime:5.0]]
[2019.11.04-19.32.15:182][  0]LogConfig: Setting CVar [[s.LevelStreamingComponentsRegistrationGranularity:10]]
[2019.11.04-19.32.15:182][  0]LogConfig: Setting CVar [[s.UnregisterComponentsTimeLimit:1.0]]
[2019.11.04-19.32.15:182][  0]LogConfig: Setting CVar [[s.LevelStreamingComponentsUnregistrationGranularity:5]]
[2019.11.04-19.32.15:182][  0]LogConfig: Applying CVar settings from Section [/Script/Engine.GarbageCollectionSettings] File [E:/BattleRoyale/Saved/Config/Windows/Engine.ini]
[2019.11.04-19.32.15:183][  0]LogConfig: Setting CVar [[gc.MaxObjectsNotConsideredByGC:1]]
[2019.11.04-19.32.15:183][  0]LogConfig: Setting CVar [[gc.SizeOfPermanentObjectPool:0]]
[2019.11.04-19.32.15:183][  0]LogConfig: Setting CVar [[gc.FlushStreamingOnGC:0]]
[2019.11.04-19.32.15:183][  0]LogConfig: Setting CVar [[gc.NumRetriesBeforeForcingGC:10]]
[2019.11.04-19.32.15:183][  0]LogConfig: Setting CVar [[gc.AllowParallelGC:1]]
[2019.11.04-19.32.15:183][  0]LogConfig: Setting CVar [[gc.TimeBetweenPurgingPendingKillObjects:61.1]]
[2019.11.04-19.32.15:183][  0]LogConfig: Setting CVar [[gc.MaxObjectsInEditor:16777216]]
[2019.11.04-19.32.15:183][  0]LogConfig: Setting CVar [[gc.IncrementalBeginDestroyEnabled:1]]
[2019.11.04-19.32.15:183][  0]LogConfig: Setting CVar [[gc.CreateGCClusters:1]]
[2019.11.04-19.32.15:183][  0]LogConfig: Setting CVar [[gc.MinGCClusterSize:5]]
[2019.11.04-19.32.15:183][  0]LogConfig: Setting CVar [[gc.ActorClusteringEnabled:0]]
[2019.11.04-19.32.15:183][  0]LogConfig: Setting CVar [[gc.BlueprintClusteringEnabled:0]]
[2019.11.04-19.32.15:183][  0]LogConfig: Setting CVar [[gc.UseDisregardForGCOnDedicatedServers:0]]
[2019.11.04-19.32.15:183][  0]LogConfig: Applying CVar settings from Section [/Script/Engine.NetworkSettings] File [E:/BattleRoyale/Saved/Config/Windows/Engine.ini]
[2019.11.04-19.32.15:183][  0]LogConfig: Applying CVar settings from Section [/Script/UnrealEd.CookerSettings] File [E:/BattleRoyale/Saved/Config/Windows/Engine.ini]
[2019.11.04-19.32.15:189][  0]LogConfig: Applying CVar settings from Section [ViewDistanceQuality@3] File [E:/BattleRoyale/Saved/Config/Windows/Scalability.ini]
[2019.11.04-19.32.15:189][  0]LogConfig: Setting CVar [[r.SkeletalMeshLODBias:0]]
[2019.11.04-19.32.15:189][  0]LogConfig: Setting CVar [[r.ViewDistanceScale:1.0]]
[2019.11.04-19.32.15:189][  0]LogConfig: Applying CVar settings from Section [AntiAliasingQuality@3] File [E:/BattleRoyale/Saved/Config/Windows/Scalability.ini]
[2019.11.04-19.32.15:189][  0]LogConfig: Setting CVar [[r.PostProcessAAQuality:4]]
[2019.11.04-19.32.15:189][  0]LogConfig: Applying CVar settings from Section [ShadowQuality@3] File [E:/BattleRoyale/Saved/Config/Windows/Scalability.ini]
[2019.11.04-19.32.15:189][  0]LogConfig: Setting CVar [[r.LightFunctionQuality:1]]
[2019.11.04-19.32.15:189][  0]LogConfig: Setting CVar [[r.ShadowQuality:5]]
[2019.11.04-19.32.15:189][  0]LogConfig: Setting CVar [[r.Shadow.CSM.MaxCascades:10]]
[2019.11.04-19.32.15:189][  0]LogConfig: Setting CVar [[r.Shadow.MaxResolution:2048]]
[2019.11.04-19.32.15:189][  0]LogConfig: Setting CVar [[r.Shadow.MaxCSMResolution:2048]]
[2019.11.04-19.32.15:189][  0]LogConfig: Setting CVar [[r.Shadow.RadiusThreshold:0.01]]
[2019.11.04-19.32.15:189][  0]LogConfig: Setting CVar [[r.Shadow.DistanceScale:1.0]]
[2019.11.04-19.32.15:189][  0]LogConfig: Setting CVar [[r.Shadow.CSM.TransitionScale:1.0]]
[2019.11.04-19.32.15:189][  0]LogConfig: Setting CVar [[r.Shadow.PreShadowResolutionFactor:1.0]]
[2019.11.04-19.32.15:189][  0]LogConfig: Setting CVar [[r.DistanceFieldShadowing:1]]
[2019.11.04-19.32.15:189][  0]LogConfig: Setting CVar [[r.DistanceFieldAO:1]]
[2019.11.04-19.32.15:189][  0]LogConfig: Setting CVar [[r.AOQuality:2]]
[2019.11.04-19.32.15:189][  0]LogConfig: Setting CVar [[r.VolumetricFog:1]]
[2019.11.04-19.32.15:189][  0]LogConfig: Setting CVar [[r.VolumetricFog.GridPixelSize:8]]
[2019.11.04-19.32.15:189][  0]LogConfig: Setting CVar [[r.VolumetricFog.GridSizeZ:128]]
[2019.11.04-19.32.15:189][  0]LogConfig: Setting CVar [[r.VolumetricFog.HistoryMissSupersampleCount:4]]
[2019.11.04-19.32.15:189][  0]LogConfig: Setting CVar [[r.LightMaxDrawDistanceScale:1]]
[2019.11.04-19.32.15:189][  0]LogConfig: Setting CVar [[r.CapsuleShadows:1]]
[2019.11.04-19.32.15:189][  0]LogConfig: Applying CVar settings from Section [PostProcessQuality@3] File [E:/BattleRoyale/Saved/Config/Windows/Scalability.ini]
[2019.11.04-19.32.15:189][  0]LogConfig: Setting CVar [[r.MotionBlurQuality:4]]
[2019.11.04-19.32.15:189][  0]LogConfig: Setting CVar [[r.AmbientOcclusionMipLevelFactor:0.4]]
[2019.11.04-19.32.15:189][  0]LogConfig: Setting CVar [[r.AmbientOcclusionMaxQuality:100]]
[2019.11.04-19.32.15:189][  0]LogConfig: Setting CVar [[r.AmbientOcclusionLevels:-1]]
[2019.11.04-19.32.15:189][  0]LogConfig: Setting CVar [[r.AmbientOcclusionRadiusScale:1.0]]
[2019.11.04-19.32.15:189][  0]LogConfig: Setting CVar [[r.DepthOfFieldQuality:2]]
[2019.11.04-19.32.15:189][  0]LogConfig: Setting CVar [[r.RenderTargetPoolMin:400]]
[2019.11.04-19.32.15:189][  0]LogConfig: Setting CVar [[r.LensFlareQuality:2]]
[2019.11.04-19.32.15:189][  0]LogConfig: Setting CVar [[r.SceneColorFringeQuality:1]]
[2019.11.04-19.32.15:189][  0]LogConfig: Setting CVar [[r.EyeAdaptationQuality:2]]
[2019.11.04-19.32.15:189][  0]LogConfig: Setting CVar [[r.BloomQuality:5]]
[2019.11.04-19.32.15:189][  0]LogConfig: Setting CVar [[r.FastBlurThreshold:100]]
[2019.11.04-19.32.15:189][  0]LogConfig: Setting CVar [[r.Upscale.Quality:3]]
[2019.11.04-19.32.15:189][  0]LogConfig: Setting CVar [[r.Tonemapper.GrainQuantization:1]]
[2019.11.04-19.32.15:189][  0]LogConfig: Setting CVar [[r.LightShaftQuality:1]]
[2019.11.04-19.32.15:189][  0]LogConfig: Setting CVar [[r.Filter.SizeScale:1]]
[2019.11.04-19.32.15:189][  0]LogConfig: Setting CVar [[r.Tonemapper.Quality:5]]
[2019.11.04-19.32.15:189][  0]LogConfig: Setting CVar [[r.DOF.Gather.AccumulatorQuality:1        ; higher gathering accumulator quality]]
[2019.11.04-19.32.15:189][  0]LogConfig: Setting CVar [[r.DOF.Gather.PostfilterMethod:1          ; Median3x3 postfilering method]]
[2019.11.04-19.32.15:189][  0]LogConfig: Setting CVar [[r.DOF.Gather.EnableBokehSettings:0       ; no bokeh simulation when gathering]]
[2019.11.04-19.32.15:190][  0]LogConfig: Setting CVar [[r.DOF.Gather.RingCount:4                 ; medium number of samples when gathering]]
[2019.11.04-19.32.15:190][  0]LogConfig: Setting CVar [[r.DOF.Scatter.ForegroundCompositing:1    ; additive foreground scattering]]
[2019.11.04-19.32.15:190][  0]LogConfig: Setting CVar [[r.DOF.Scatter.BackgroundCompositing:2    ; additive background scattering]]
[2019.11.04-19.32.15:190][  0]LogConfig: Setting CVar [[r.DOF.Scatter.EnableBokehSettings:1      ; bokeh simulation when scattering]]
[2019.11.04-19.32.15:190][  0]LogConfig: Setting CVar [[r.DOF.Scatter.MaxSpriteRatio:0.1         ; only a maximum of 10% of scattered bokeh]]
[2019.11.04-19.32.15:190][  0]LogConfig: Setting CVar [[r.DOF.Recombine.Quality:1                ; cheap slight out of focus]]
[2019.11.04-19.32.15:190][  0]LogConfig: Setting CVar [[r.DOF.Recombine.EnableBokehSettings:0    ; no bokeh simulation on slight out of focus]]
[2019.11.04-19.32.15:190][  0]LogConfig: Setting CVar [[r.DOF.TemporalAAQuality:1                ; more stable temporal accumulation]]
[2019.11.04-19.32.15:190][  0]LogConfig: Setting CVar [[r.DOF.Kernel.MaxForegroundRadius:0.025]]
[2019.11.04-19.32.15:190][  0]LogConfig: Setting CVar [[r.DOF.Kernel.MaxBackgroundRadius:0.025]]
[2019.11.04-19.32.15:190][  0]LogConfig: Applying CVar settings from Section [TextureQuality@3] File [E:/BattleRoyale/Saved/Config/Windows/Scalability.ini]
[2019.11.04-19.32.15:190][  0]LogConfig: Setting CVar [[r.Streaming.MipBias:0]]
[2019.11.04-19.32.15:190][  0]LogConfig: Setting CVar [[r.Streaming.AmortizeCPUToGPUCopy:0]]
[2019.11.04-19.32.15:190][  0]LogConfig: Setting CVar [[r.Streaming.MaxNumTexturesToStreamPerFrame:0]]
[2019.11.04-19.32.15:190][  0]LogConfig: Setting CVar [[r.Streaming.Boost:1]]
[2019.11.04-19.32.15:190][  0]LogConfig: Setting CVar [[r.MaxAnisotropy:8]]
[2019.11.04-19.32.15:190][  0]LogConfig: Setting CVar [[r.Streaming.LimitPoolSizeToVRAM:0]]
[2019.11.04-19.32.15:190][  0]LogConfig: Setting CVar [[r.Streaming.PoolSize:1000]]
[2019.11.04-19.32.15:190][  0]LogConfig: Setting CVar [[r.Streaming.MaxEffectiveScreenSize:0]]
[2019.11.04-19.32.15:190][  0]LogConfig: Applying CVar settings from Section [EffectsQuality@3] File [E:/BattleRoyale/Saved/Config/Windows/Scalability.ini]
[2019.11.04-19.32.15:190][  0]LogConfig: Setting CVar [[r.TranslucencyLightingVolumeDim:64]]
[2019.11.04-19.32.15:190][  0]LogConfig: Setting CVar [[r.RefractionQuality:2]]
[2019.11.04-19.32.15:190][  0]LogConfig: Setting CVar [[r.SSR.Quality:3]]
[2019.11.04-19.32.15:190][  0]LogConfig: Setting CVar [[r.SceneColorFormat:4]]
[2019.11.04-19.32.15:190][  0]LogConfig: Setting CVar [[r.DetailMode:2]]
[2019.11.04-19.32.15:190][  0]LogConfig: Setting CVar [[r.TranslucencyVolumeBlur:1]]
[2019.11.04-19.32.15:190][  0]LogConfig: Setting CVar [[r.MaterialQualityLevel:1 ; High quality]]
[2019.11.04-19.32.15:190][  0]LogConfig: Setting CVar [[r.SSS.Scale:1]]
[2019.11.04-19.32.15:190][  0]LogConfig: Setting CVar [[r.SSS.SampleSet:2]]
[2019.11.04-19.32.15:190][  0]LogConfig: Setting CVar [[r.SSS.Quality:1]]
[2019.11.04-19.32.15:190][  0]LogConfig: Setting CVar [[r.SSS.HalfRes:1]]
[2019.11.04-19.32.15:190][  0]LogConfig: Setting CVar [[r.EmitterSpawnRateScale:1.0]]
[2019.11.04-19.32.15:190][  0]LogConfig: Setting CVar [[r.ParticleLightQuality:2]]
[2019.11.04-19.32.15:190][  0]LogConfig: Applying CVar settings from Section [FoliageQuality@3] File [E:/BattleRoyale/Saved/Config/Windows/Scalability.ini]
[2019.11.04-19.32.15:190][  0]LogConfig: Setting CVar [[foliage.DensityScale:1.0]]
[2019.11.04-19.32.15:190][  0]LogConfig: Setting CVar [[grass.DensityScale:1.0]]
[2019.11.04-19.32.15:190][  0]LogInit: Selected Device Profile: [Windows]
[2019.11.04-19.32.15:190][  0]LogInit: Applying CVar settings loaded from the selected device profile: [Windows]
[2019.11.04-19.32.15:193][  0]LogHAL: Display: Platform has ~ 16 GB [17127804928 / 17179869184 / 16], which maps to Larger [LargestMinGB=32, LargerMinGB=12, DefaultMinGB=8, SmallerMinGB=6, SmallestMinGB=0)
[2019.11.04-19.32.15:193][  0]LogInit: Going up to parent DeviceProfile []
[2019.11.04-19.32.15:194][  0]LogConfig: Applying CVar settings from Section [ViewDistanceQuality@3] File [E:/BattleRoyale/Saved/Config/Windows/Scalability.ini]
[2019.11.04-19.32.15:194][  0]LogConfig: Setting CVar [[r.SkeletalMeshLODBias:0]]
[2019.11.04-19.32.15:194][  0]LogConfig: Setting CVar [[r.ViewDistanceScale:1.0]]
[2019.11.04-19.32.15:194][  0]LogConfig: Applying CVar settings from Section [AntiAliasingQuality@3] File [E:/BattleRoyale/Saved/Config/Windows/Scalability.ini]
[2019.11.04-19.32.15:194][  0]LogConfig: Setting CVar [[r.PostProcessAAQuality:4]]
[2019.11.04-19.32.15:194][  0]LogConfig: Applying CVar settings from Section [ShadowQuality@3] File [E:/BattleRoyale/Saved/Config/Windows/Scalability.ini]
[2019.11.04-19.32.15:194][  0]LogConfig: Setting CVar [[r.LightFunctionQuality:1]]
[2019.11.04-19.32.15:194][  0]LogConfig: Setting CVar [[r.ShadowQuality:5]]
[2019.11.04-19.32.15:194][  0]LogConfig: Setting CVar [[r.Shadow.CSM.MaxCascades:10]]
[2019.11.04-19.32.15:194][  0]LogConfig: Setting CVar [[r.Shadow.MaxResolution:2048]]
[2019.11.04-19.32.15:194][  0]LogConfig: Setting CVar [[r.Shadow.MaxCSMResolution:2048]]
[2019.11.04-19.32.15:194][  0]LogConfig: Setting CVar [[r.Shadow.RadiusThreshold:0.01]]
[2019.11.04-19.32.15:194][  0]LogConfig: Setting CVar [[r.Shadow.DistanceScale:1.0]]
[2019.11.04-19.32.15:194][  0]LogConfig: Setting CVar [[r.Shadow.CSM.TransitionScale:1.0]]
[2019.11.04-19.32.15:194][  0]LogConfig: Setting CVar [[r.Shadow.PreShadowResolutionFactor:1.0]]
[2019.11.04-19.32.15:194][  0]LogConfig: Setting CVar [[r.DistanceFieldShadowing:1]]
[2019.11.04-19.32.15:194][  0]LogConfig: Setting CVar [[r.DistanceFieldAO:1]]
[2019.11.04-19.32.15:194][  0]LogConfig: Setting CVar [[r.AOQuality:2]]
[2019.11.04-19.32.15:194][  0]LogConfig: Setting CVar [[r.VolumetricFog:1]]
[2019.11.04-19.32.15:194][  0]LogConfig: Setting CVar [[r.VolumetricFog.GridPixelSize:8]]
[2019.11.04-19.32.15:194][  0]LogConfig: Setting CVar [[r.VolumetricFog.GridSizeZ:128]]
[2019.11.04-19.32.15:194][  0]LogConfig: Setting CVar [[r.VolumetricFog.HistoryMissSupersampleCount:4]]
[2019.11.04-19.32.15:194][  0]LogConfig: Setting CVar [[r.LightMaxDrawDistanceScale:1]]
[2019.11.04-19.32.15:194][  0]LogConfig: Setting CVar [[r.CapsuleShadows:1]]
[2019.11.04-19.32.15:194][  0]LogConfig: Applying CVar settings from Section [PostProcessQuality@3] File [E:/BattleRoyale/Saved/Config/Windows/Scalability.ini]
[2019.11.04-19.32.15:194][  0]LogConfig: Setting CVar [[r.MotionBlurQuality:4]]
[2019.11.04-19.32.15:194][  0]LogConfig: Setting CVar [[r.AmbientOcclusionMipLevelFactor:0.4]]
[2019.11.04-19.32.15:194][  0]LogConfig: Setting CVar [[r.AmbientOcclusionMaxQuality:100]]
[2019.11.04-19.32.15:194][  0]LogConfig: Setting CVar [[r.AmbientOcclusionLevels:-1]]
[2019.11.04-19.32.15:194][  0]LogConfig: Setting CVar [[r.AmbientOcclusionRadiusScale:1.0]]
[2019.11.04-19.32.15:194][  0]LogConfig: Setting CVar [[r.DepthOfFieldQuality:2]]
[2019.11.04-19.32.15:194][  0]LogConfig: Setting CVar [[r.RenderTargetPoolMin:400]]
[2019.11.04-19.32.15:194][  0]LogConfig: Setting CVar [[r.LensFlareQuality:2]]
[2019.11.04-19.32.15:194][  0]LogConfig: Setting CVar [[r.SceneColorFringeQuality:1]]
[2019.11.04-19.32.15:194][  0]LogConfig: Setting CVar [[r.EyeAdaptationQuality:2]]
[2019.11.04-19.32.15:194][  0]LogConfig: Setting CVar [[r.BloomQuality:5]]
[2019.11.04-19.32.15:194][  0]LogConfig: Setting CVar [[r.FastBlurThreshold:100]]
[2019.11.04-19.32.15:194][  0]LogConfig: Setting CVar [[r.Upscale.Quality:3]]
[2019.11.04-19.32.15:194][  0]LogConfig: Setting CVar [[r.Tonemapper.GrainQuantization:1]]
[2019.11.04-19.32.15:194][  0]LogConfig: Setting CVar [[r.LightShaftQuality:1]]
[2019.11.04-19.32.15:194][  0]LogConfig: Setting CVar [[r.Filter.SizeScale:1]]
[2019.11.04-19.32.15:194][  0]LogConfig: Setting CVar [[r.Tonemapper.Quality:5]]
[2019.11.04-19.32.15:194][  0]LogConfig: Setting CVar [[r.DOF.Gather.AccumulatorQuality:1        ; higher gathering accumulator quality]]
[2019.11.04-19.32.15:194][  0]LogConfig: Setting CVar [[r.DOF.Gather.PostfilterMethod:1          ; Median3x3 postfilering method]]
[2019.11.04-19.32.15:194][  0]LogConfig: Setting CVar [[r.DOF.Gather.EnableBokehSettings:0       ; no bokeh simulation when gathering]]
[2019.11.04-19.32.15:194][  0]LogConfig: Setting CVar [[r.DOF.Gather.RingCount:4                 ; medium number of samples when gathering]]
[2019.11.04-19.32.15:194][  0]LogConfig: Setting CVar [[r.DOF.Scatter.ForegroundCompositing:1    ; additive foreground scattering]]
[2019.11.04-19.32.15:194][  0]LogConfig: Setting CVar [[r.DOF.Scatter.BackgroundCompositing:2    ; additive background scattering]]
[2019.11.04-19.32.15:194][  0]LogConfig: Setting CVar [[r.DOF.Scatter.EnableBokehSettings:1      ; bokeh simulation when scattering]]
[2019.11.04-19.32.15:194][  0]LogConfig: Setting CVar [[r.DOF.Scatter.MaxSpriteRatio:0.1         ; only a maximum of 10% of scattered bokeh]]
[2019.11.04-19.32.15:194][  0]LogConfig: Setting CVar [[r.DOF.Recombine.Quality:1                ; cheap slight out of focus]]
[2019.11.04-19.32.15:195][  0]LogConfig: Setting CVar [[r.DOF.Recombine.EnableBokehSettings:0    ; no bokeh simulation on slight out of focus]]
[2019.11.04-19.32.15:195][  0]LogConfig: Setting CVar [[r.DOF.TemporalAAQuality:1                ; more stable temporal accumulation]]
[2019.11.04-19.32.15:195][  0]LogConfig: Setting CVar [[r.DOF.Kernel.MaxForegroundRadius:0.025]]
[2019.11.04-19.32.15:195][  0]LogConfig: Setting CVar [[r.DOF.Kernel.MaxBackgroundRadius:0.025]]
[2019.11.04-19.32.15:195][  0]LogConfig: Applying CVar settings from Section [TextureQuality@3] File [E:/BattleRoyale/Saved/Config/Windows/Scalability.ini]
[2019.11.04-19.32.15:195][  0]LogConfig: Setting CVar [[r.Streaming.MipBias:0]]
[2019.11.04-19.32.15:195][  0]LogConfig: Setting CVar [[r.Streaming.AmortizeCPUToGPUCopy:0]]
[2019.11.04-19.32.15:195][  0]LogConfig: Setting CVar [[r.Streaming.MaxNumTexturesToStreamPerFrame:0]]
[2019.11.04-19.32.15:195][  0]LogConfig: Setting CVar [[r.Streaming.Boost:1]]
[2019.11.04-19.32.15:195][  0]LogConfig: Setting CVar [[r.MaxAnisotropy:8]]
[2019.11.04-19.32.15:195][  0]LogConfig: Setting CVar [[r.Streaming.LimitPoolSizeToVRAM:0]]
[2019.11.04-19.32.15:195][  0]LogConfig: Setting CVar [[r.Streaming.PoolSize:1000]]
[2019.11.04-19.32.15:195][  0]LogConfig: Setting CVar [[r.Streaming.MaxEffectiveScreenSize:0]]
[2019.11.04-19.32.15:195][  0]LogConfig: Applying CVar settings from Section [EffectsQuality@3] File [E:/BattleRoyale/Saved/Config/Windows/Scalability.ini]
[2019.11.04-19.32.15:195][  0]LogConfig: Setting CVar [[r.TranslucencyLightingVolumeDim:64]]
[2019.11.04-19.32.15:195][  0]LogConfig: Setting CVar [[r.RefractionQuality:2]]
[2019.11.04-19.32.15:195][  0]LogConfig: Setting CVar [[r.SSR.Quality:3]]
[2019.11.04-19.32.15:195][  0]LogConfig: Setting CVar [[r.SceneColorFormat:4]]
[2019.11.04-19.32.15:195][  0]LogConfig: Setting CVar [[r.DetailMode:2]]
[2019.11.04-19.32.15:195][  0]LogConfig: Setting CVar [[r.TranslucencyVolumeBlur:1]]
[2019.11.04-19.32.15:195][  0]LogConfig: Setting CVar [[r.MaterialQualityLevel:1 ; High quality]]
[2019.11.04-19.32.15:195][  0]LogConfig: Setting CVar [[r.SSS.Scale:1]]
[2019.11.04-19.32.15:195][  0]LogConfig: Setting CVar [[r.SSS.SampleSet:2]]
[2019.11.04-19.32.15:195][  0]LogConfig: Setting CVar [[r.SSS.Quality:1]]
[2019.11.04-19.32.15:195][  0]LogConfig: Setting CVar [[r.SSS.HalfRes:1]]
[2019.11.04-19.32.15:195][  0]LogConfig: Setting CVar [[r.EmitterSpawnRateScale:1.0]]
[2019.11.04-19.32.15:195][  0]LogConfig: Setting CVar [[r.ParticleLightQuality:2]]
[2019.11.04-19.32.15:195][  0]LogConfig: Applying CVar settings from Section [FoliageQuality@3] File [E:/BattleRoyale/Saved/Config/Windows/Scalability.ini]
[2019.11.04-19.32.15:195][  0]LogConfig: Setting CVar [[foliage.DensityScale:1.0]]
[2019.11.04-19.32.15:195][  0]LogConfig: Setting CVar [[grass.DensityScale:1.0]]
[2019.11.04-19.32.15:195][  0]LogConfig: Applying CVar settings from Section [Startup] File [../../../Engine/Config/ConsoleVariables.ini]
[2019.11.04-19.32.15:195][  0]LogConfig: Setting CVar [[net.UseAdaptiveNetUpdateFrequency:0]]
[2019.11.04-19.32.15:195][  0]LogConfig: Setting CVar [[p.chaos.AllowCreatePhysxBodies:1]]
[2019.11.04-19.32.15:195][  0]LogConfig: Applying CVar settings from Section [ConsoleVariables] File [E:/BattleRoyale/Saved/Config/Windows/Engine.ini]
[2019.11.04-19.32.15:196][  0]LogInit: Computer: DESKTOP-V651FJE
[2019.11.04-19.32.15:196][  0]LogInit: User: user
[2019.11.04-19.32.15:196][  0]LogInit: CPU Page size=4096, Cores=4
[2019.11.04-19.32.15:196][  0]LogInit: High frequency timer resolution =10.000000 MHz
[2019.11.04-19.32.15:196][  0]LogMemory: Memory total: Physical=16.0GB (16GB approx)
[2019.11.04-19.32.15:196][  0]LogMemory: Platform Memory Stats for Windows
[2019.11.04-19.32.15:196][  0]LogMemory: Process Physical Memory: 104.54 MB used, 104.54 MB peak
[2019.11.04-19.32.15:196][  0]LogMemory: Process Virtual Memory: 124.78 MB used, 124.78 MB peak
[2019.11.04-19.32.15:196][  0]LogMemory: Physical Memory: 4079.14 MB used,  12255.21 MB free, 16334.35 MB total
[2019.11.04-19.32.15:196][  0]LogMemory: Virtual Memory: 4678.70 MB used,  134213048.00 MB free, 134217728.00 MB total
[2019.11.04-19.32.15:200][  0]LogWindows: WindowsPlatformFeatures enabled
[2019.11.04-19.32.15:224][  0]LogInit: Using OS detected language (en-US).
[2019.11.04-19.32.15:224][  0]LogInit: Using OS detected locale (en-US).
[2019.11.04-19.32.15:226][  0]LogTextLocalizationManager: No specific localization for 'en-US' exists, so the 'en' localization will be used.
[2019.11.04-19.32.15:443][  0]LogInit: Setting process to per monitor DPI aware
[2019.11.04-19.32.15:546][  0]LogSlate: New Slate User Created.  User Index 0, Is Virtual User: 0
[2019.11.04-19.32.15:546][  0]LogSlate: Slate User Registered.  User Index 0, Is Virtual User: 0
[2019.11.04-19.32.15:802][  0]LogHMD: Failed to initialize OpenVR with code 110
[2019.11.04-19.32.15:802][  0]LogD3D11RHI: D3D11 adapters:
[2019.11.04-19.32.15:893][  0]LogD3D11RHI:    0. 'NVIDIA GeForce GTX 1050 Ti' (Feature Level 11_0)
[2019.11.04-19.32.15:893][  0]LogD3D11RHI:       4029/0/8167 MB DedicatedVideo/DedicatedSystem/SharedSystem, Outputs:2, VendorId:0x10de
[2019.11.04-19.32.15:896][  0]LogD3D11RHI:    1. 'Microsoft Basic Render Driver' (Feature Level 11_0)
[2019.11.04-19.32.15:896][  0]LogD3D11RHI:       0/0/8167 MB DedicatedVideo/DedicatedSystem/SharedSystem, Outputs:0, VendorId:0x1414
[2019.11.04-19.32.15:896][  0]LogD3D11RHI: Chosen D3D11 Adapter: 0
[2019.11.04-19.32.15:905][  0]LogD3D11RHI: Creating new Direct3DDevice
[2019.11.04-19.32.15:905][  0]LogD3D11RHI:     GPU DeviceId: 0x1c82 (for the marketing name, search the web for "GPU Device Id")
[2019.11.04-19.32.15:905][  0]LogWindows: EnumDisplayDevices:
[2019.11.04-19.32.15:906][  0]LogWindows:    0. 'NVIDIA GeForce GTX 1050 Ti' (P:1 D:1)
[2019.11.04-19.32.15:906][  0]LogWindows:    1. 'NVIDIA GeForce GTX 1050 Ti' (P:0 D:1)
[2019.11.04-19.32.15:907][  0]LogWindows:    2. 'NVIDIA GeForce GTX 1050 Ti' (P:0 D:0)
[2019.11.04-19.32.15:907][  0]LogWindows:    3. 'NVIDIA GeForce GTX 1050 Ti' (P:0 D:0)
[2019.11.04-19.32.15:907][  0]LogWindows: DebugString: FoundDriverCount:4 
[2019.11.04-19.32.15:908][  0]LogD3D11RHI:     Adapter Name: NVIDIA GeForce GTX 1050 Ti
[2019.11.04-19.32.15:908][  0]LogD3D11RHI:   Driver Version: 388.13 (internal:23.21.13.8813, unified:388.13)
[2019.11.04-19.32.15:908][  0]LogD3D11RHI:      Driver Date: 10-27-2017
[2019.11.04-19.32.15:908][  0]LogRHI: Texture pool is 2820 MB (70% of 4029 MB)
[2019.11.04-19.32.15:956][  0]LogD3D11RHI: Async texture creation enabled
[2019.11.04-19.32.15:968][  0]LogD3D11RHI: GPU Timing Frequency: 1000.000000 (Debug: 2 1)
[2019.11.04-19.32.16:371][  0]LogTemp: Display: Module 'AllDesktopTargetPlatform' loaded TargetPlatform 'AllDesktop'
[2019.11.04-19.32.16:384][  0]LogTemp: Display: Module 'MacClientTargetPlatform' loaded TargetPlatform 'MacClient'
[2019.11.04-19.32.16:397][  0]LogTemp: Display: Module 'MacNoEditorTargetPlatform' loaded TargetPlatform 'MacNoEditor'
[2019.11.04-19.32.16:408][  0]LogTemp: Display: Module 'MacServerTargetPlatform' loaded TargetPlatform 'MacServer'
[2019.11.04-19.32.16:420][  0]LogTemp: Display: Module 'MacTargetPlatform' loaded TargetPlatform 'Mac'
[2019.11.04-19.32.16:431][  0]LogTemp: Display: Module 'WindowsClientTargetPlatform' loaded TargetPlatform 'WindowsClient'
[2019.11.04-19.32.16:442][  0]LogTemp: Display: Module 'WindowsNoEditorTargetPlatform' loaded TargetPlatform 'WindowsNoEditor'
[2019.11.04-19.32.16:454][  0]LogTemp: Display: Module 'WindowsServerTargetPlatform' loaded TargetPlatform 'WindowsServer'
[2019.11.04-19.32.16:459][  0]LogTemp: Display: Module 'WindowsTargetPlatform' loaded TargetPlatform 'Windows'
[2019.11.04-19.32.16:499][  0]LogTemp: Display: Module 'AndroidTargetPlatform' loaded TargetPlatform 'Android'
[2019.11.04-19.32.16:499][  0]LogTemp: Display: Module 'AndroidTargetPlatform' loaded TargetPlatform 'Android_ASTC'
[2019.11.04-19.32.16:499][  0]LogTemp: Display: Module 'AndroidTargetPlatform' loaded TargetPlatform 'Android_ATC'
[2019.11.04-19.32.16:500][  0]LogTemp: Display: Module 'AndroidTargetPlatform' loaded TargetPlatform 'Android_DXT'
[2019.11.04-19.32.16:500][  0]LogTemp: Display: Module 'AndroidTargetPlatform' loaded TargetPlatform 'Android_ETC1'
[2019.11.04-19.32.16:500][  0]LogTemp: Display: Module 'AndroidTargetPlatform' loaded TargetPlatform 'Android_ETC1a'
[2019.11.04-19.32.16:500][  0]LogTemp: Display: Module 'AndroidTargetPlatform' loaded TargetPlatform 'Android_ETC2'
[2019.11.04-19.32.16:500][  0]LogTemp: Display: Module 'AndroidTargetPlatform' loaded TargetPlatform 'Android_PVRTC'
[2019.11.04-19.32.16:500][  0]LogTemp: Display: Module 'AndroidTargetPlatform' loaded TargetPlatform 'AndroidClient'
[2019.11.04-19.32.16:500][  0]LogTemp: Display: Module 'AndroidTargetPlatform' loaded TargetPlatform 'Android_ASTCClient'
[2019.11.04-19.32.16:500][  0]LogTemp: Display: Module 'AndroidTargetPlatform' loaded TargetPlatform 'Android_ATCClient'
[2019.11.04-19.32.16:500][  0]LogTemp: Display: Module 'AndroidTargetPlatform' loaded TargetPlatform 'Android_DXTClient'
[2019.11.04-19.32.16:500][  0]LogTemp: Display: Module 'AndroidTargetPlatform' loaded TargetPlatform 'Android_ETC1Client'
[2019.11.04-19.32.16:500][  0]LogTemp: Display: Module 'AndroidTargetPlatform' loaded TargetPlatform 'Android_ETC1aClient'
[2019.11.04-19.32.16:500][  0]LogTemp: Display: Module 'AndroidTargetPlatform' loaded TargetPlatform 'Android_ETC2Client'
[2019.11.04-19.32.16:500][  0]LogTemp: Display: Module 'AndroidTargetPlatform' loaded TargetPlatform 'Android_PVRTCClient'
[2019.11.04-19.32.16:500][  0]LogTemp: Display: Module 'AndroidTargetPlatform' loaded TargetPlatform 'Android_Multi'
[2019.11.04-19.32.16:500][  0]LogTemp: Display: Module 'AndroidTargetPlatform' loaded TargetPlatform 'Android_MultiClient'
[2019.11.04-19.32.16:502][  0]LogTemp: Display: Module 'HTML5TargetPlatform' loaded TargetPlatform 'HTML5'
[2019.11.04-19.32.16:524][  0]LogTemp: Display: Module 'IOSTargetPlatform' loaded TargetPlatform 'IOSClient'
[2019.11.04-19.32.16:524][  0]LogTemp: Display: Module 'IOSTargetPlatform' loaded TargetPlatform 'IOS'
[2019.11.04-19.32.16:542][  0]LogTemp: Display: Module 'TVOSTargetPlatform' loaded TargetPlatform 'TVOSClient'
[2019.11.04-19.32.16:542][  0]LogTemp: Display: Module 'TVOSTargetPlatform' loaded TargetPlatform 'TVOS'
[2019.11.04-19.32.16:551][  0]LogTemp: Display: Module 'LinuxClientTargetPlatform' loaded TargetPlatform 'LinuxClient'
[2019.11.04-19.32.16:560][  0]LogTemp: Display: Module 'LinuxNoEditorTargetPlatform' loaded TargetPlatform 'LinuxNoEditor'
[2019.11.04-19.32.16:570][  0]LogTemp: Display: Module 'LinuxServerTargetPlatform' loaded TargetPlatform 'LinuxServer'
[2019.11.04-19.32.16:581][  0]LogTemp: Display: Module 'LinuxTargetPlatform' loaded TargetPlatform 'Linux'
[2019.11.04-19.32.16:615][  0]LogTemp: Display: Module 'LuminTargetPlatform' loaded TargetPlatform 'Lumin'
[2019.11.04-19.32.16:615][  0]LogTemp: Display: Module 'LuminTargetPlatform' loaded TargetPlatform 'LuminClient'
[2019.11.04-19.32.16:615][  0]LogTargetPlatformManager: Display: Building Assets For Windows
[2019.11.04-19.32.16:628][  0]LogAudioDebug: Display: Lib vorbis DLL was dynamically loaded.
[2019.11.04-19.32.16:691][  0]LogShaderCompilers: Guid format shader working directory is 20 characters bigger than the processId version (../../../../BattleRoyale/Intermediate/Shaders/WorkingDirectory/12572/).
[2019.11.04-19.32.16:691][  0]LogShaderCompilers: Cleaned the shader compiler working directory 'C:/Users/user/AppData/Local/Temp/UnrealShaderWorkingDir/1F3DA55944CF3EDA8E5DC6BF3F4A5E1A/'.
[2019.11.04-19.32.16:694][  0]LogXGEController: Cannot use XGE Controller as Incredibuild is not installed on this machine.
[2019.11.04-19.32.16:694][  0]LogShaderCompilers: Cannot use XGE Shader Compiler as Incredibuild is not installed on this machine.
[2019.11.04-19.32.16:694][  0]LogShaderCompilers: Display: Using Local Shader Compiler.
[2019.11.04-19.32.17:428][  0]LogDerivedDataCache: Display: Max Cache Size: 512 MB
[2019.11.04-19.32.17:480][  0]LogDerivedDataCache: Loaded boot cache 0.05s 73MB C:/Users/user/AppData/Local/UnrealEngine/4.23/DerivedDataCache/Boot.ddc.
[2019.11.04-19.32.17:480][  0]LogDerivedDataCache: Display: Loaded Boot cache: C:/Users/user/AppData/Local/UnrealEngine/4.23/DerivedDataCache/Boot.ddc
[2019.11.04-19.32.17:480][  0]LogDerivedDataCache: FDerivedDataBackendGraph:  Pak pak cache file ../../../../BattleRoyale/DerivedDataCache/DDC.ddp not found, will not use a pak cache.
[2019.11.04-19.32.17:481][  0]LogDerivedDataCache: Unable to find inner node Pak for hierarchical cache Hierarchy.
[2019.11.04-19.32.17:481][  0]LogDerivedDataCache: FDerivedDataBackendGraph:  CompressedPak pak cache file ../../../../BattleRoyale/DerivedDataCache/Compressed.ddp not found, will not use a pak cache.
[2019.11.04-19.32.17:481][  0]LogDerivedDataCache: Unable to find inner node CompressedPak for hierarchical cache Hierarchy.
[2019.11.04-19.32.17:495][  0]LogDerivedDataCache: Display: Pak cache opened for reading ../../../Engine/DerivedDataCache/Compressed.ddp.
[2019.11.04-19.32.17:495][  0]LogDerivedDataCache: FDerivedDataBackendGraph:  EnterprisePak pak cache file ../../../Enterprise/DerivedDataCache/Compressed.ddp not found, will not use a pak cache.
[2019.11.04-19.32.17:495][  0]LogDerivedDataCache: Unable to find inner node EnterprisePak for hierarchical cache Hierarchy.
[2019.11.04-19.32.17:497][  0]LogDerivedDataCache: Using Local data cache path C:/Users/user/AppData/Local/UnrealEngine/Common/DerivedDataCache: Writable
[2019.11.04-19.32.17:497][  0]LogDerivedDataCache: Shared data cache path not found in *engine.ini, will not use an Shared cache.
[2019.11.04-19.32.17:497][  0]LogDerivedDataCache: Unable to find inner node Shared for hierarchical cache Hierarchy.
[2019.11.04-19.32.17:524][  0]LogMaterial: Verifying Global Shaders for PCD3D_SM5
[2019.11.04-19.32.17:529][  0]LogSlate: Using FreeType 2.6.0
[2019.11.04-19.32.17:530][  0]LogSlate: SlateFontServices - WITH_FREETYPE: 1, WITH_HARFBUZZ: 1
[2019.11.04-19.32.17:607][  0]LogAssetRegistry: FAssetRegistry took 0.0029 seconds to start up
[2019.11.04-19.32.17:950][  0]LogInit: Selected Device Profile: [Windows]
[2019.11.04-19.32.18:117][  0]LogMeshReduction: Using QuadricMeshReduction for automatic static mesh reduction
[2019.11.04-19.32.18:117][  0]LogMeshReduction: Using SimplygonMeshReduction for automatic skeletal mesh reduction
[2019.11.04-19.32.18:117][  0]LogMeshReduction: Using ProxyLODMeshReduction for automatic mesh merging
[2019.11.04-19.32.18:117][  0]LogMeshReduction: No distributed automatic mesh merging module available
[2019.11.04-19.32.18:117][  0]LogMeshMerging: No distributed automatic mesh merging module available
[2019.11.04-19.32.18:128][  0]LogNetVersion: BattleRoyale 1.0.0, NetCL: 8386587, EngineNetVer: 11, GameNetVer: 0 (Checksum: 2593073077)
[2019.11.04-19.32.19:084][  0]LogPackageLocalizationCache: Processed 12 localized package path(s) for 1 prioritized culture(s) in 0.531408 seconds
[2019.11.04-19.32.19:094][  0]LogUObjectArray: 43444 objects as part of root set at end of initial load.
[2019.11.04-19.32.19:094][  0]LogUObjectAllocator: 7548648 out of 0 bytes used by permanent object pool.
[2019.11.04-19.32.19:094][  0]LogUObjectArray: CloseDisregardForGC: 0/0 objects in disregard for GC pool
[2019.11.04-19.32.20:207][  0]LogTcpMessaging: Initializing TcpMessaging bridge
[2019.11.04-19.32.20:211][  0]LogUdpMessaging: Initializing bridge on interface 0.0.0.0:0 to multicast group 230.0.0.1:6666.
[2019.11.04-19.32.20:282][  0]SourceControl: Source control is disabled
[2019.11.04-19.32.20:282][  0]SourceControl: Source control is disabled
[2019.11.04-19.32.20:284][  0]SourceControl: Source control is disabled
[2019.11.04-19.32.20:285][  0]SourceControl: Source control is disabled
[2019.11.04-19.32.20:393][  0]LogAndroidPermission: UAndroidPermissionCallbackProxy::GetInstance
[2019.11.04-19.32.20:554][  0]LogOcInput: OculusInput pre-init called
[2019.11.04-19.32.20:562][  0]LogWindows: Failed to load 'OVRPlugin.dll' (GetLastError=126)
[2019.11.04-19.32.20:562][  0]LogWindows: File 'OVRPlugin.dll' does not exist
[2019.11.04-19.32.20:648][  0]LogEngine: Initializing Engine...
[2019.11.04-19.32.20:650][  0]LogHMD: Failed to initialize OpenVR with code 110
[2019.11.04-19.32.20:651][  0]LogStats: UGameplayTagsManager::InitializeManager -  0.000 s
[2019.11.04-19.32.20:911][  0]LogInit: Initializing FReadOnlyCVARCache
[2019.11.04-19.32.20:930][  0]LogAIModule: Creating AISystem for world Untitled
[2019.11.04-19.32.20:953][  0]LogInit: XAudio2 using 'Speakers (Realtek High Definition Audio)' : 2 channels at 48 kHz using 32 bits per sample (channel mask 0x3)
[2019.11.04-19.32.21:018][  0]LogInit: FAudioDevice initialized.
[2019.11.04-19.32.21:018][  0]LogNetVersion: Set ProjectVersion to 1.0.0.0. Version Checksum will be recalculated on next use.
[2019.11.04-19.32.21:228][  0]LogDerivedDataCache: Saved boot cache 0.21s 73MB C:/Users/user/AppData/Local/UnrealEngine/4.23/DerivedDataCache/Boot.ddc.
[2019.11.04-19.32.21:231][  0]LogInit: Texture streaming: Enabled
[2019.11.04-19.32.21:255][  0]LogEngineSessionManager: EngineSessionManager initialized
[2019.11.04-19.32.21:255][  0]LogEditorSessionSummary: Verbose: Initializing EditorSessionSummaryWriter for editor session tracking
[2019.11.04-19.32.21:258][  0]LogEditorSessionSummary: EditorSessionSummaryWriter initialized
[2019.11.04-19.32.21:314][  0]LogInit: Transaction tracking system initialized
[2019.11.04-19.32.21:355][  0]BlueprintLog: New page: Editor Load
[2019.11.04-19.32.21:451][  0]LocalizationService: Localization service is disabled
[2019.11.04-19.32.21:875][  0]LogLinker: Warning: Failed to load '/Game/Interaction/Turorial_IKForInteraction': Can't find file.
[2019.11.04-19.32.21:875][  0]LogLinker: Warning: Failed to load '/Game/Interaction/Turorial_IKForInteraction': Can't find file.
[2019.11.04-19.32.21:875][  0]LogUObjectGlobals: Warning: Failed to find object 'Class /Game/Interaction/Turorial_IKForInteraction.Turorial_IKForInteraction_C'
[2019.11.04-19.32.22:947][  0]LogCook: Display: Max memory allowance for cook 16384mb min free memory 0mb
[2019.11.04-19.32.22:947][  0]LogCook: Display: Mobile HDR setting 1
[2019.11.04-19.32.23:175][  0]LogFileCache: Scanning file cache for directory 'E:/BattleRoyale/Content/' took 0.03s
[2019.11.04-19.32.23:175][  0]SourceControl: Source control is disabled
[2019.11.04-19.32.23:175][  0]Cmd: MAP LOAD FILE="../../../../BattleRoyale/Content/FirstPersonBP/Maps/FirstPersonExampleMap.umap" TEMPLATE=0 SHOWPROGRESS=1 FEATURELEVEL=3
[2019.11.04-19.32.23:175][  0]LogEditorServer: Warning: Can't find file '../../../../BattleRoyale/Content/FirstPersonBP/Maps/FirstPersonExampleMap.umap'
[2019.11.04-19.32.23:175][  0]Cmd: MAP CHECKDEP NOCLEARLOG
[2019.11.04-19.32.23:176][  0]MapCheck: Map check complete: 0 Error(s), 0 Warning(s), took 0.12ms to complete.
[2019.11.04-19.32.23:176][  0]LogFileHelpers: Loading map 'FirstPersonExampleMap' took 0.001
[2019.11.04-19.32.25:068][  0]LogSlate: Updating window title bar state: overlay mode, drag disabled, window buttons hidden, title bar hidden
[2019.11.04-19.32.25:186][  0]LogSlate: Updating window title bar state: overlay mode, drag disabled, window buttons hidden, title bar hidden
[2019.11.04-19.32.25:196][  0]LogSlate: Updating window title bar state: overlay mode, drag disabled, window buttons hidden, title bar hidden
[2019.11.04-19.32.25:204][  0]LogSlate: Updating window title bar state: overlay mode, drag disabled, window buttons hidden, title bar hidden
[2019.11.04-19.32.25:392][  0]LogCollectionManager: Loaded 0 collections in 0.023191 seconds
[2019.11.04-19.32.25:893][  0]LogFileCache: Scanning file cache for directory 'E:/BattleRoyale/Saved/Collections/' took 0.00s
[2019.11.04-19.32.25:893][  0]LogFileCache: Scanning file cache for directory 'E:/BattleRoyale/Content/Developers/user/Collections/' took 0.00s
[2019.11.04-19.32.25:893][  0]LogFileCache: Scanning file cache for directory 'E:/BattleRoyale/Content/Collections/' took 0.00s
[2019.11.04-19.32.25:893][  0]LogCollectionManager: Rebuilt the GUID cache for 0 collections in 0.000004 seconds
[2019.11.04-19.32.25:984][  0]LogContentBrowser: Native class hierarchy populated in 0.0217 seconds. Added 2863 classes and 680 folders.
[2019.11.04-19.32.26:330][  0]LogContentBrowser: Native class hierarchy updated for 'WidgetCarousel' in 0.0003 seconds. Added 0 classes and 0 folders.
[2019.11.04-19.32.28:050][  0]LogContentBrowser: Native class hierarchy updated for 'AddContentDialog' in 0.0003 seconds. Added 0 classes and 0 folders.
[2019.11.04-19.32.28:323][  0]LogContentBrowser: Native class hierarchy updated for 'SceneOutliner' in 0.0003 seconds. Added 1 classes and 2 folders.
[2019.11.04-19.32.29:244][  0]LogSlate: Took 0.000474 seconds to synchronously load lazily loaded font '../../../Engine/Content/Slate/Fonts/Roboto-Regular.ttf' (155K)
[2019.11.04-19.32.29:248][  0]LogSlate: Took 0.000250 seconds to synchronously load lazily loaded font '../../../Engine/Content/Slate/Fonts/Roboto-Bold.ttf' (160K)
[2019.11.04-19.32.29:423][  0]LogSlate: Took 0.052154 seconds to synchronously load lazily loaded font '../../../Engine/Content/Editor/Slate/Fonts/FontAwesome.ttf' (139K)
[2019.11.04-19.32.30:734][  0]LogRenderer: Reallocating scene render targets to support 1000x420 Format 10 NumSamples 1 (Frame:1).
[2019.11.04-19.32.31:309][  0]LogContentBrowser: Native class hierarchy updated for 'HierarchicalLODOutliner' in 0.0004 seconds. Added 0 classes and 0 folders.
[2019.11.04-19.32.31:309][  0]LogLoad: (Engine Initialization) Total time: 19.24 seconds
[2019.11.04-19.32.31:309][  0]LogLoad: (Engine Initialization) Total Blueprint compile time: 0.00 seconds
[2019.11.04-19.32.31:415][  0]LogContentStreaming: Texture pool size now 1000 MB
[2019.11.04-19.32.32:390][  6]LogSlate: Took 0.018839 seconds to synchronously load lazily loaded font '../../../Engine/Content/Slate/Fonts/Roboto-Light.ttf' (167K)
[2019.11.04-19.32.32:484][  7]LogAssetRegistry: Asset discovery search completed in 14.8791 seconds
[2019.11.04-19.32.32:490][  7]LogCollectionManager: Rebuilt the object cache for 0 collections in 0.000006 seconds (found 0 objects)
[2019.11.04-19.32.32:490][  7]LogCollectionManager: Fixed up redirectors for 0 collections in 0.000127 seconds (updated 0 objects)
[2019.11.04-19.33.06:764][141]LogSlate: FSceneViewport::OnFocusLost() reason 0
[2019.11.04-19.33.21:076][702]LogBlueprint: Error: [Compiler BP_Weapon] In use pin  Damage Update(Pic)  no longer exists on node  BulletHit . Please refresh node or break links to remove pin.
[2019.11.04-19.33.21:089][702]LogBlueprint: Error: [Compiler BP_Weapon] BulletHit  Signature Error: Unable to find the selected function/event: 'BulletHit' - has it been deleted?
[2019.11.04-19.33.22:213][702]LogSlate: Took 0.000250 seconds to synchronously load lazily loaded font '../../../Engine/Content/Slate/Fonts/Roboto-Light.ttf' (167K)
[2019.11.04-19.33.22:293][702]LogAssetEditorManager: Opening Asset editor for Blueprint /Game/Blueprints/Pawn/CharacterPawn.CharacterPawn
[2019.11.04-19.33.22:905][702]LogContentBrowser: Native class hierarchy updated for 'BlueprintGraph' in 0.0012 seconds. Added 121 classes and 0 folders.
[2019.11.04-19.33.24:849][702]LogSlate: Took 0.024531 seconds to synchronously load lazily loaded font '../../../Engine/Content/Slate/Fonts/Roboto-BoldCondensed.ttf' (158K)
[2019.11.04-19.33.25:259][703]LogSlate: Took 0.012665 seconds to synchronously load lazily loaded font '../../../Engine/Content/Slate/Fonts/Roboto-Italic.ttf' (157K)
[2019.11.04-19.33.31:319][234]LogEditorSessionSummary: EditorSessionSummary sent report. Type=Shutdown, SessionId={8CA2266F-434D-2FEF-9523-B58B4AD9D55A}
[2019.11.04-19.33.31:319][234]LogEditorSessionSummary: EditorSessionSummary sent report. Type=Shutdown, SessionId={059F1878-4A9E-DEC1-7182-A4A2CD704DFB}
[2019.11.04-19.33.34:154][553]LogRenderer: Reallocating scene render targets to support 1144x712 Format 10 NumSamples 1 (Frame:1).
[2019.11.04-19.33.40:279][ 54]LogSlate: FSceneViewport::OnFocusLost() reason 5
[2019.11.04-19.35.51:623][266]LogAssetEditorManager: Opening Asset editor for AnimBlueprint /Game/Blueprints/Pawn/Character_AnimBP.Character_AnimBP
[2019.11.04-19.35.52:047][266]LogContentBrowser: Native class hierarchy updated for 'SkeletonEditor' in 0.0005 seconds. Added 1 classes and 2 folders.
[2019.11.04-19.35.52:487][266]LogActorComponent: RegisterComponentWithWorld: (/Engine/Transient.World_5:PersistentLevel.AnimationEditorPreviewActor_0.DebugSkelMeshComponent_0) Already registered. Aborting.
[2019.11.04-19.35.52:522][266]LogContentBrowser: Native class hierarchy updated for 'PinnedCommandList' in 0.0005 seconds. Added 1 classes and 0 folders.
[2019.11.04-19.35.53:049][266]LogSkeletalMesh: USkeletalMeshComponent::InitArticulated : Bodies already created (/Engine/Transient.World_5:PersistentLevel.AnimationEditorPreviewActor_0.DebugSkelMeshComponent_0) - call TermArticulated first.
[2019.11.04-19.36.18:345][144]BlueprintLog: New page: Compile Character_AnimBP
[2019.11.04-19.36.18:871][144]LogUObjectHash: Compacting FUObjectHashTables data took   6.74ms
[2019.11.04-19.43.19:718][564]LogUObjectHash: Compacting FUObjectHashTables data took   5.77ms
[2019.11.04-19.43.19:718][564]LogFileHelpers: Editor autosave (incl. sublevels) for '/Temp/Untitled_0' took 0.054
[2019.11.04-19.43.19:720][564]OBJ SavePackage: Generating thumbnails for [1] asset(s) in package [/Game/Blueprints/Pawn/CharacterPawn] ([1] browsable assets)...
[2019.11.04-19.43.19:753][564]OBJ SavePackage:     Rendered thumbnail for [Blueprint /Game/Blueprints/Pawn/CharacterPawn.CharacterPawn]
[2019.11.04-19.43.19:753][564]OBJ SavePackage: Finished generating thumbnails for package [/Game/Blueprints/Pawn/CharacterPawn]
[2019.11.04-19.43.19:753][564]Cmd: OBJ SAVEPACKAGE PACKAGE="/Game/Blueprints/Pawn/CharacterPawn" FILE="../../../../BattleRoyale/Saved/Autosaves/Game/Blueprints/Pawn/CharacterPawn_Auto1.uasset" SILENT=false AUTOSAVING=true
[2019.11.04-19.43.20:146][564]LogSavePackage: Moving '../../../../BattleRoyale/Saved/CharacterPawn_Auto18069DC5340EF474EA2E1B5AF561A67A7.tmp' to '../../../../BattleRoyale/Saved/Autosaves/Game/Blueprints/Pawn/CharacterPawn_Auto1.uasset'
[2019.11.04-19.43.20:174][564]OBJ SavePackage: Generating thumbnails for [1] asset(s) in package [/Game/Blueprints/Pawn/Character_AnimBP] ([1] browsable assets)...
[2019.11.04-19.43.20:206][564]OBJ SavePackage:     Rendered thumbnail for [AnimBlueprint /Game/Blueprints/Pawn/Character_AnimBP.Character_AnimBP]
[2019.11.04-19.43.20:206][564]OBJ SavePackage: Finished generating thumbnails for package [/Game/Blueprints/Pawn/Character_AnimBP]
[2019.11.04-19.43.20:207][564]Cmd: OBJ SAVEPACKAGE PACKAGE="/Game/Blueprints/Pawn/Character_AnimBP" FILE="../../../../BattleRoyale/Saved/Autosaves/Game/Blueprints/Pawn/Character_AnimBP_Auto1.uasset" SILENT=false AUTOSAVING=true
[2019.11.04-19.43.20:278][564]LogSavePackage: Moving '../../../../BattleRoyale/Saved/Character_AnimBP_Auto12664B9604BE4AEDC14DB42AA9CAC9AB9.tmp' to '../../../../BattleRoyale/Saved/Autosaves/Game/Blueprints/Pawn/Character_AnimBP_Auto1.uasset'
[2019.11.04-19.43.20:280][564]LogFileHelpers: Auto-saving content packages took 0.560
[2019.11.04-19.50.16:662][503]LogSlate: Took 0.014288 seconds to synchronously load lazily loaded font '../../../Engine/Content/Slate/Fonts/Roboto-BoldCondensedItalic.ttf' (160K)
[2019.11.04-19.53.20:410][447]LogUObjectHash: Compacting FUObjectHashTables data took   5.68ms
[2019.11.04-19.53.20:411][447]LogFileHelpers: Editor autosave (incl. sublevels) for '/Temp/Untitled_0' took 0.055
[2019.11.04-19.53.20:413][447]OBJ SavePackage: Generating thumbnails for [1] asset(s) in package [/Game/Blueprints/Pawn/Character_AnimBP] ([1] browsable assets)...
[2019.11.04-19.53.20:425][447]OBJ SavePackage:     Rendered thumbnail for [AnimBlueprint /Game/Blueprints/Pawn/Character_AnimBP.Character_AnimBP]
[2019.11.04-19.53.20:425][447]OBJ SavePackage: Finished generating thumbnails for package [/Game/Blueprints/Pawn/Character_AnimBP]
[2019.11.04-19.53.20:425][447]Cmd: OBJ SAVEPACKAGE PACKAGE="/Game/Blueprints/Pawn/Character_AnimBP" FILE="../../../../BattleRoyale/Saved/Autosaves/Game/Blueprints/Pawn/Character_AnimBP_Auto2.uasset" SILENT=false AUTOSAVING=true
[2019.11.04-19.53.20:493][447]LogSavePackage: Moving '../../../../BattleRoyale/Saved/Character_AnimBP_Auto268ED06324C21C8556189B69455D94BB6.tmp' to '../../../../BattleRoyale/Saved/Autosaves/Game/Blueprints/Pawn/Character_AnimBP_Auto2.uasset'
[2019.11.04-19.53.20:494][447]LogFileHelpers: Auto-saving content packages took 0.082
[2019.11.04-19.58.02:846][778]LogAssetEditorManager: Opening Asset editor for BlendSpace1D /Game/Cyborg_soldier_V1/Anims/Handgun/Movement/Crouch/HG_CrouchMovement_2D.HG_CrouchMovement_2D
[2019.11.04-19.58.02:952][778]LogActorComponent: RegisterComponentWithWorld: (/Engine/Transient.World_10:PersistentLevel.AnimationEditorPreviewActor_0.DebugSkelMeshComponent_0) Already registered. Aborting.
[2019.11.04-19.58.02:976][778]LogSkeletalMesh: USkeletalMeshComponent::InitArticulated : Bodies already created (/Engine/Transient.World_10:PersistentLevel.AnimationEditorPreviewActor_0.DebugSkelMeshComponent_0) - call TermArticulated first.
[2019.11.04-19.58.03:672][778]LogContentBrowser: Verbose: The majority of assets in the view are of type: AnimSequence
[2019.11.04-20.03.20:738][822]LogUObjectHash: Compacting FUObjectHashTables data took  11.21ms
[2019.11.04-20.03.20:739][822]LogFileHelpers: Editor autosave (incl. sublevels) for '/Temp/Untitled_0' took 0.140
[2019.11.04-20.03.20:741][822]OBJ SavePackage: Generating thumbnails for [1] asset(s) in package [/Game/Blueprints/Pawn/Character_AnimBP] ([1] browsable assets)...
[2019.11.04-20.03.20:758][822]OBJ SavePackage:     Rendered thumbnail for [AnimBlueprint /Game/Blueprints/Pawn/Character_AnimBP.Character_AnimBP]
[2019.11.04-20.03.20:758][822]OBJ SavePackage: Finished generating thumbnails for package [/Game/Blueprints/Pawn/Character_AnimBP]
[2019.11.04-20.03.20:758][822]Cmd: OBJ SAVEPACKAGE PACKAGE="/Game/Blueprints/Pawn/Character_AnimBP" FILE="../../../../BattleRoyale/Saved/Autosaves/Game/Blueprints/Pawn/Character_AnimBP_Auto3.uasset" SILENT=false AUTOSAVING=true
[2019.11.04-20.03.20:864][822]LogSavePackage: Moving '../../../../BattleRoyale/Saved/Character_AnimBP_Auto3251CF9514DAE381CF827468853C4185A.tmp' to '../../../../BattleRoyale/Saved/Autosaves/Game/Blueprints/Pawn/Character_AnimBP_Auto3.uasset'
[2019.11.04-20.03.20:865][822]LogFileHelpers: Auto-saving content packages took 0.124
[2019.11.04-20.18.28:118][728]LogUObjectHash: Compacting FUObjectHashTables data took   7.00ms
[2019.11.04-20.18.28:118][728]LogFileHelpers: Editor autosave (incl. sublevels) for '/Temp/Untitled_0' took 0.083
[2019.11.04-20.18.28:121][728]OBJ SavePackage: Generating thumbnails for [1] asset(s) in package [/Game/Blueprints/Pawn/Character_AnimBP] ([1] browsable assets)...
[2019.11.04-20.18.28:131][728]OBJ SavePackage:     Rendered thumbnail for [AnimBlueprint /Game/Blueprints/Pawn/Character_AnimBP.Character_AnimBP]
[2019.11.04-20.18.28:132][728]OBJ SavePackage: Finished generating thumbnails for package [/Game/Blueprints/Pawn/Character_AnimBP]
[2019.11.04-20.18.28:132][728]Cmd: OBJ SAVEPACKAGE PACKAGE="/Game/Blueprints/Pawn/Character_AnimBP" FILE="../../../../BattleRoyale/Saved/Autosaves/Game/Blueprints/Pawn/Character_AnimBP_Auto4.uasset" SILENT=false AUTOSAVING=true
[2019.11.04-20.18.28:209][728]LogSavePackage: Moving '../../../../BattleRoyale/Saved/Character_AnimBP_Auto48798E2BB44EEC2CC76C1DAAEEA899852.tmp' to '../../../../BattleRoyale/Saved/Autosaves/Game/Blueprints/Pawn/Character_AnimBP_Auto4.uasset'
[2019.11.04-20.18.28:210][728]OBJ SavePackage: Generating thumbnails for [0] asset(s) in package [/Game/Blueprints/Pawn/Struct_PlayerUnarmedAnim] ([1] browsable assets)...
[2019.11.04-20.18.28:210][728]OBJ SavePackage: Finished generating thumbnails for package [/Game/Blueprints/Pawn/Struct_PlayerUnarmedAnim]
[2019.11.04-20.18.28:212][728]LogSavePackage: Moving '../../../../BattleRoyale/Saved/Struct_PlayerUnarmedAnim_Auto4BB538A444A89D4B8155749BCA8EE66A4.tmp' to '../../../../BattleRoyale/Saved/Autosaves/Game/Blueprints/Pawn/Struct_PlayerUnarmedAnim_Auto4.uasset'
[2019.11.04-20.18.28:213][728]LogFileHelpers: Auto-saving content packages took 0.092
[2019.11.04-20.19.20:128][316]LogAssetEditorManager: Opening Asset editor for UserDefinedStruct /Game/Blueprints/Pawn/Struct_PlayerUnarmedAnim.Struct_PlayerUnarmedAnim
[2019.11.04-20.22.34:601][783]Cmd: OBJ SAVEPACKAGE PACKAGE="/Game/Blueprints/Pawn/Struct_PlayerUnarmedAnim" FILE="../../../../BattleRoyale/Content/Blueprints/Pawn/Struct_PlayerUnarmedAnim.uasset" SILENT=true
[2019.11.04-20.22.34:608][783]LogSavePackage: Moving '../../../../BattleRoyale/Saved/Struct_PlayerUnarmedAnimD2556E7D4D4DAE82718010A00B662A56.tmp' to '../../../../BattleRoyale/Content/Blueprints/Pawn/Struct_PlayerUnarmedAnim.uasset'
[2019.11.04-20.22.42:054][426]BlueprintLog: New page: Compile Character_AnimBP
[2019.11.04-20.22.42:406][426]LogUObjectHash: Compacting FUObjectHashTables data took   6.52ms
[2019.11.04-20.23.35:082][658]BlueprintLog: New page: Compile Character_AnimBP
[2019.11.04-20.23.35:429][658]LogUObjectHash: Compacting FUObjectHashTables data took   6.14ms
[2019.11.04-20.24.15:682][290]LogAnimationCompression: Building Anim DDC data for AnimSequence /Game/Cyborg_soldier_V1/Anims/Movement/Crouch/A_Crouch_Idle.A_Crouch_Idle
[2019.11.04-20.24.15:693][290]LogAnimationCompression: Recompressing (AnimSequence /Game/Cyborg_soldier_V1/Anims/Movement/Crouch/A_Crouch_Idle.A_Crouch_Idle) using current/default (AnimCompress_BitwiseCompressOnly_2) bFirstRecompressUsingCurrentOrDefault(1) bTryAlternateCompressor(0) IsCompressedDataValid(0)
[2019.11.04-20.24.15:726][290]LogAnimationCompression: Building Anim DDC data for AnimSequence /Game/Cyborg_soldier_V1/Anims/Movement/Crouch/A_Crouch_Walk.A_Crouch_Walk
[2019.11.04-20.24.15:726][290]LogAnimationCompression: Recompressing (AnimSequence /Game/Cyborg_soldier_V1/Anims/Movement/Crouch/A_Crouch_Walk.A_Crouch_Walk) using current/default (AnimCompress_BitwiseCompressOnly_1) bFirstRecompressUsingCurrentOrDefault(1) bTryAlternateCompressor(0) IsCompressedDataValid(0)
[2019.11.04-20.24.17:389][392]LogAssetEditorManager: Opening Asset editor for BlendSpace1D /Game/Cyborg_soldier_V1/Anims/Movement/Crouch/CrouchMovement_2D.CrouchMovement_2D
[2019.11.04-20.24.39:318][893]LogAnimationCompression: Building Anim DDC data for AnimSequence /Game/Cyborg_soldier_V1/Anims/Movement/Jump/A_JumpLand_Walk.A_JumpLand_Walk
[2019.11.04-20.24.39:318][893]LogAnimationCompression: Recompressing (AnimSequence /Game/Cyborg_soldier_V1/Anims/Movement/Jump/A_JumpLand_Walk.A_JumpLand_Walk) using current/default (AnimCompress_BitwiseCompressOnly_23) bFirstRecompressUsingCurrentOrDefault(1) bTryAlternateCompressor(0) IsCompressedDataValid(0)
[2019.11.04-20.27.21:293][256]LogAssetEditorManager: Opening Asset editor for AnimSequence /Game/Cyborg_soldier_V1/Anims/Handgun/Aim/A_HG_Aim_Out.A_HG_Aim_Out
[2019.11.04-20.28.31:681][540]LogUObjectHash: Compacting FUObjectHashTables data took   7.24ms
[2019.11.04-20.28.31:681][540]LogFileHelpers: Editor autosave (incl. sublevels) for '/Temp/Untitled_0' took 0.049
[2019.11.04-20.28.31:684][540]OBJ SavePackage: Generating thumbnails for [1] asset(s) in package [/Game/Blueprints/Pawn/Character_AnimBP] ([1] browsable assets)...
[2019.11.04-20.28.31:698][540]OBJ SavePackage:     Rendered thumbnail for [AnimBlueprint /Game/Blueprints/Pawn/Character_AnimBP.Character_AnimBP]
[2019.11.04-20.28.31:698][540]OBJ SavePackage: Finished generating thumbnails for package [/Game/Blueprints/Pawn/Character_AnimBP]
[2019.11.04-20.28.31:698][540]Cmd: OBJ SAVEPACKAGE PACKAGE="/Game/Blueprints/Pawn/Character_AnimBP" FILE="../../../../BattleRoyale/Saved/Autosaves/Game/Blueprints/Pawn/Character_AnimBP_Auto5.uasset" SILENT=false AUTOSAVING=true
[2019.11.04-20.28.31:857][540]LogSavePackage: Moving '../../../../BattleRoyale/Saved/Character_AnimBP_Auto5294CF70D422C157C297962ADACBADF16.tmp' to '../../../../BattleRoyale/Saved/Autosaves/Game/Blueprints/Pawn/Character_AnimBP_Auto5.uasset'
[2019.11.04-20.28.31:858][540]LogFileHelpers: Auto-saving content packages took 0.175
[2019.11.04-20.28.46:918][478]LogSlate: Window 'Color Picker' being destroyed
[2019.11.04-20.39.50:566][727]LogUObjectHash: Compacting FUObjectHashTables data took   6.63ms
[2019.11.04-20.39.50:566][727]LogFileHelpers: Editor autosave (incl. sublevels) for '/Temp/Untitled_0' took 0.055
[2019.11.04-20.39.50:568][727]OBJ SavePackage: Generating thumbnails for [1] asset(s) in package [/Game/Blueprints/Pawn/Character_AnimBP] ([1] browsable assets)...
[2019.11.04-20.39.50:580][727]OBJ SavePackage:     Rendered thumbnail for [AnimBlueprint /Game/Blueprints/Pawn/Character_AnimBP.Character_AnimBP]
[2019.11.04-20.39.50:580][727]OBJ SavePackage: Finished generating thumbnails for package [/Game/Blueprints/Pawn/Character_AnimBP]
[2019.11.04-20.39.50:580][727]Cmd: OBJ SAVEPACKAGE PACKAGE="/Game/Blueprints/Pawn/Character_AnimBP" FILE="../../../../BattleRoyale/Saved/Autosaves/Game/Blueprints/Pawn/Character_AnimBP_Auto6.uasset" SILENT=false AUTOSAVING=true
[2019.11.04-20.39.50:673][727]LogSavePackage: Moving '../../../../BattleRoyale/Saved/Character_AnimBP_Auto60DF06E5C4CCFE535C2DEC286B6F6C6D9.tmp' to '../../../../BattleRoyale/Saved/Autosaves/Game/Blueprints/Pawn/Character_AnimBP_Auto6.uasset'
[2019.11.04-20.39.50:674][727]LogFileHelpers: Auto-saving content packages took 0.107
[2019.11.04-20.49.50:786][954]LogUObjectHash: Compacting FUObjectHashTables data took   3.01ms
[2019.11.04-20.49.50:786][954]LogFileHelpers: Editor autosave (incl. sublevels) for '/Temp/Untitled_0' took 0.048
[2019.11.04-20.49.50:788][954]OBJ SavePackage: Generating thumbnails for [1] asset(s) in package [/Game/Blueprints/Pawn/Character_AnimBP] ([1] browsable assets)...
[2019.11.04-20.49.50:800][954]OBJ SavePackage:     Rendered thumbnail for [AnimBlueprint /Game/Blueprints/Pawn/Character_AnimBP.Character_AnimBP]
[2019.11.04-20.49.50:800][954]OBJ SavePackage: Finished generating thumbnails for package [/Game/Blueprints/Pawn/Character_AnimBP]
[2019.11.04-20.49.50:800][954]Cmd: OBJ SAVEPACKAGE PACKAGE="/Game/Blueprints/Pawn/Character_AnimBP" FILE="../../../../BattleRoyale/Saved/Autosaves/Game/Blueprints/Pawn/Character_AnimBP_Auto7.uasset" SILENT=false AUTOSAVING=true
[2019.11.04-20.49.50:919][954]LogSavePackage: Moving '../../../../BattleRoyale/Saved/Character_AnimBP_Auto79F41BF89443900F35A9186A58FFC1849.tmp' to '../../../../BattleRoyale/Saved/Autosaves/Game/Blueprints/Pawn/Character_AnimBP_Auto7.uasset'
[2019.11.04-20.49.50:920][954]LogFileHelpers: Auto-saving content packages took 0.133
[2019.11.04-21.01.06:519][587]LogWindowsTextInputMethodSystem: Display: IME system now deactivated.
[2019.11.04-21.01.06:520][587]LogWindowsTextInputMethodSystem: Display: IME system now deactivated.
[2019.11.04-21.07.50:653][289]LogWindowsTextInputMethodSystem: Display: IME system now deactivated.
[2019.11.04-21.07.50:653][289]LogWindowsTextInputMethodSystem: Display: IME system now deactivated.
[2019.11.04-21.08.03:698][203]BlueprintLog: New page: Compile Character_AnimBP
[2019.11.04-21.08.04:060][203]LogUObjectHash: Compacting FUObjectHashTables data took   6.28ms
[2019.11.04-21.09.40:117][670]LogUObjectHash: Compacting FUObjectHashTables data took   5.80ms
[2019.11.04-21.09.40:117][670]LogFileHelpers: Editor autosave (incl. sublevels) for '/Temp/Untitled_0' took 0.050
[2019.11.04-21.09.40:119][670]OBJ SavePackage: Generating thumbnails for [1] asset(s) in package [/Game/Blueprints/Pawn/Character_AnimBP] ([1] browsable assets)...
[2019.11.04-21.09.40:131][670]OBJ SavePackage:     Rendered thumbnail for [AnimBlueprint /Game/Blueprints/Pawn/Character_AnimBP.Character_AnimBP]
[2019.11.04-21.09.40:131][670]OBJ SavePackage: Finished generating thumbnails for package [/Game/Blueprints/Pawn/Character_AnimBP]
[2019.11.04-21.09.40:131][670]Cmd: OBJ SAVEPACKAGE PACKAGE="/Game/Blueprints/Pawn/Character_AnimBP" FILE="../../../../BattleRoyale/Saved/Autosaves/Game/Blueprints/Pawn/Character_AnimBP_Auto8.uasset" SILENT=false AUTOSAVING=true
[2019.11.04-21.09.40:253][670]LogSavePackage: Moving '../../../../BattleRoyale/Saved/Character_AnimBP_Auto80CB3D8CB40782ABBA72F2BBEFA193DF4.tmp' to '../../../../BattleRoyale/Saved/Autosaves/Game/Blueprints/Pawn/Character_AnimBP_Auto8.uasset'
[2019.11.04-21.09.40:254][670]LogFileHelpers: Auto-saving content packages took 0.135
[2019.11.04-21.10.10:712][857]BlueprintLog: New page: Compile Character_AnimBP
[2019.11.04-21.10.11:058][857]LogUObjectHash: Compacting FUObjectHashTables data took   6.29ms
[2019.11.04-21.19.40:384][984]LogUObjectHash: Compacting FUObjectHashTables data took   7.47ms
[2019.11.04-21.19.40:385][984]LogFileHelpers: Editor autosave (incl. sublevels) for '/Temp/Untitled_0' took 0.057
[2019.11.04-21.19.40:387][984]OBJ SavePackage: Generating thumbnails for [1] asset(s) in package [/Game/Blueprints/Pawn/Character_AnimBP] ([1] browsable assets)...
[2019.11.04-21.19.40:399][984]OBJ SavePackage:     Rendered thumbnail for [AnimBlueprint /Game/Blueprints/Pawn/Character_AnimBP.Character_AnimBP]
[2019.11.04-21.19.40:399][984]OBJ SavePackage: Finished generating thumbnails for package [/Game/Blueprints/Pawn/Character_AnimBP]
[2019.11.04-21.19.40:399][984]Cmd: OBJ SAVEPACKAGE PACKAGE="/Game/Blueprints/Pawn/Character_AnimBP" FILE="../../../../BattleRoyale/Saved/Autosaves/Game/Blueprints/Pawn/Character_AnimBP_Auto9.uasset" SILENT=false AUTOSAVING=true
[2019.11.04-21.19.40:505][984]LogSavePackage: Moving '../../../../BattleRoyale/Saved/Character_AnimBP_Auto9530C41274618B658BE4E16BDFC9A4FD3.tmp' to '../../../../BattleRoyale/Saved/Autosaves/Game/Blueprints/Pawn/Character_AnimBP_Auto9.uasset'
[2019.11.04-21.19.40:505][984]LogFileHelpers: Auto-saving content packages took 0.119
[2019.11.04-21.51.45:242][276]LogUObjectHash: Compacting FUObjectHashTables data took   6.02ms
[2019.11.04-21.51.45:242][276]LogFileHelpers: Editor autosave (incl. sublevels) for '/Temp/Untitled_0' took 0.056
[2019.11.04-21.51.45:244][276]OBJ SavePackage: Generating thumbnails for [1] asset(s) in package [/Game/Blueprints/Pawn/Character_AnimBP] ([1] browsable assets)...
[2019.11.04-21.51.45:256][276]OBJ SavePackage:     Rendered thumbnail for [AnimBlueprint /Game/Blueprints/Pawn/Character_AnimBP.Character_AnimBP]
[2019.11.04-21.51.45:256][276]OBJ SavePackage: Finished generating thumbnails for package [/Game/Blueprints/Pawn/Character_AnimBP]
[2019.11.04-21.51.45:256][276]Cmd: OBJ SAVEPACKAGE PACKAGE="/Game/Blueprints/Pawn/Character_AnimBP" FILE="../../../../BattleRoyale/Saved/Autosaves/Game/Blueprints/Pawn/Character_AnimBP_Auto0.uasset" SILENT=false AUTOSAVING=true
[2019.11.04-21.51.45:359][276]LogSavePackage: Moving '../../../../BattleRoyale/Saved/Character_AnimBP_Auto0733232634551F170782ABE925FC362FE.tmp' to '../../../../BattleRoyale/Saved/Autosaves/Game/Blueprints/Pawn/Character_AnimBP_Auto0.uasset'
[2019.11.04-21.51.45:361][276]LogFileHelpers: Auto-saving content packages took 0.117
[2019.11.04-22.01.45:499][736]LogUObjectHash: Compacting FUObjectHashTables data took   6.24ms
[2019.11.04-22.01.45:499][736]LogFileHelpers: Editor autosave (incl. sublevels) for '/Temp/Untitled_0' took 0.055
[2019.11.04-22.01.45:501][736]OBJ SavePackage: Generating thumbnails for [1] asset(s) in package [/Game/Blueprints/Pawn/Character_AnimBP] ([1] browsable assets)...
[2019.11.04-22.01.45:513][736]OBJ SavePackage:     Rendered thumbnail for [AnimBlueprint /Game/Blueprints/Pawn/Character_AnimBP.Character_AnimBP]
[2019.11.04-22.01.45:513][736]OBJ SavePackage: Finished generating thumbnails for package [/Game/Blueprints/Pawn/Character_AnimBP]
[2019.11.04-22.01.45:513][736]Cmd: OBJ SAVEPACKAGE PACKAGE="/Game/Blueprints/Pawn/Character_AnimBP" FILE="../../../../BattleRoyale/Saved/Autosaves/Game/Blueprints/Pawn/Character_AnimBP_Auto1.uasset" SILENT=false AUTOSAVING=true
[2019.11.04-22.01.45:624][736]LogSavePackage: Moving '../../../../BattleRoyale/Saved/Character_AnimBP_Auto15F87B71E4858F6391CC1538260A8A55B.tmp' to '../../../../BattleRoyale/Saved/Autosaves/Game/Blueprints/Pawn/Character_AnimBP_Auto1.uasset'
[2019.11.04-22.01.45:625][736]LogFileHelpers: Auto-saving content packages took 0.125
[2019.11.04-23.27.14:717][500]LogWorld: UWorld::CleanupWorld for World_10, bSessionEnded=true, bCleanupResources=true
[2019.11.04-23.27.14:752][500]LogWorld: UWorld::CleanupWorld for World_12, bSessionEnded=true, bCleanupResources=true
[2019.11.04-23.27.14:857][500]LogWorld: UWorld::CleanupWorld for World_11, bSessionEnded=true, bCleanupResources=true
[2019.11.04-23.27.27:931][237]LogAssetEditorManager: Opening Asset editor for AnimSequence /Game/Cyborg_soldier_V1/Anims/Handgun/Aim/A_HG_Aim_Out.A_HG_Aim_Out
[2019.11.04-23.27.27:940][237]LogActorComponent: RegisterComponentWithWorld: (/Engine/Transient.World_13:PersistentLevel.AnimationEditorPreviewActor_0.DebugSkelMeshComponent_0) Already registered. Aborting.
[2019.11.04-23.27.27:966][237]LogSkeletalMesh: USkeletalMeshComponent::InitArticulated : Bodies already created (/Engine/Transient.World_13:PersistentLevel.AnimationEditorPreviewActor_0.DebugSkelMeshComponent_0) - call TermArticulated first.
[2019.11.04-23.27.28:283][237]LogContentBrowser: Verbose: The majority of assets in the view are of type: AnimSequence
[2019.11.04-23.27.30:560][392]LogWorld: UWorld::CleanupWorld for World_13, bSessionEnded=true, bCleanupResources=true
[2019.11.04-23.27.30:593][392]LogWorld: UWorld::CleanupWorld for World_15, bSessionEnded=true, bCleanupResources=true
[2019.11.04-23.27.30:699][392]LogWorld: UWorld::CleanupWorld for World_14, bSessionEnded=true, bCleanupResources=true
[2019.11.04-23.27.58:385][740]LogUObjectHash: Compacting FUObjectHashTables data took   5.48ms
[2019.11.04-23.27.58:385][740]LogFileHelpers: Editor autosave (incl. sublevels) for '/Temp/Untitled_0' took 0.071
[2019.11.04-23.27.58:389][740]OBJ SavePackage: Generating thumbnails for [1] asset(s) in package [/Game/Blueprints/Pawn/Character_AnimBP] ([1] browsable assets)...
[2019.11.04-23.27.58:406][740]OBJ SavePackage:     Rendered thumbnail for [AnimBlueprint /Game/Blueprints/Pawn/Character_AnimBP.Character_AnimBP]
[2019.11.04-23.27.58:406][740]OBJ SavePackage: Finished generating thumbnails for package [/Game/Blueprints/Pawn/Character_AnimBP]
[2019.11.04-23.27.58:406][740]Cmd: OBJ SAVEPACKAGE PACKAGE="/Game/Blueprints/Pawn/Character_AnimBP" FILE="../../../../BattleRoyale/Saved/Autosaves/Game/Blueprints/Pawn/Character_AnimBP_Auto2.uasset" SILENT=false AUTOSAVING=true
[2019.11.04-23.27.58:551][740]LogSavePackage: Moving '../../../../BattleRoyale/Saved/Character_AnimBP_Auto28F739C3D4C5CA31EB1124FAC86E54CE6.tmp' to '../../../../BattleRoyale/Saved/Autosaves/Game/Blueprints/Pawn/Character_AnimBP_Auto2.uasset'
[2019.11.04-23.27.58:553][740]LogFileHelpers: Auto-saving content packages took 0.166
[2019.11.04-23.28.39:519][982]BlueprintLog: New page: Compile Character_AnimBP
[2019.11.04-23.28.39:881][982]LogUObjectHash: Compacting FUObjectHashTables data took   6.75ms
[2019.11.04-23.28.40:487][ 13]Cmd: OBJ SAVEPACKAGE PACKAGE="/Game/Blueprints/Pawn/Character_AnimBP" FILE="../../../../BattleRoyale/Content/Blueprints/Pawn/Character_AnimBP.uasset" SILENT=true
[2019.11.04-23.28.40:602][ 13]LogSavePackage: Moving '../../../../BattleRoyale/Saved/Character_AnimBP26CDBEA14F847F2D39F972BA493092D8.tmp' to '../../../../BattleRoyale/Content/Blueprints/Pawn/Character_AnimBP.uasset'
[2019.11.04-23.35.45:581][942]LogAssetEditorManager: Opening Asset editor for AnimSequence /Game/Cyborg_soldier_V1/Anims/Handgun/Aim/A_HG_Aim_Out.A_HG_Aim_Out
[2019.11.04-23.35.45:591][942]LogActorComponent: RegisterComponentWithWorld: (/Engine/Transient.World_16:PersistentLevel.AnimationEditorPreviewActor_0.DebugSkelMeshComponent_0) Already registered. Aborting.
[2019.11.04-23.35.45:618][942]LogSkeletalMesh: USkeletalMeshComponent::InitArticulated : Bodies already created (/Engine/Transient.World_16:PersistentLevel.AnimationEditorPreviewActor_0.DebugSkelMeshComponent_0) - call TermArticulated first.
[2019.11.04-23.35.45:927][942]LogContentBrowser: Verbose: The majority of assets in the view are of type: AnimSequence
[2019.11.04-23.35.49:921][243]LogWorld: UWorld::CleanupWorld for World_16, bSessionEnded=true, bCleanupResources=true
[2019.11.04-23.35.49:955][243]LogWorld: UWorld::CleanupWorld for World_18, bSessionEnded=true, bCleanupResources=true
[2019.11.04-23.35.50:067][243]LogWorld: UWorld::CleanupWorld for World_17, bSessionEnded=true, bCleanupResources=true
[2019.11.04-23.36.00:679][854]BlueprintLog: New page: Compile Character_AnimBP
[2019.11.04-23.36.01:060][854]LogUObjectHash: Compacting FUObjectHashTables data took   8.16ms
[2019.11.04-23.37.22:340][ 64]LogAssetEditorManager: Opening Asset editor for BlendSpace1D /Game/Cyborg_soldier_V1/Anims/Handgun/Aim/Crouch/HG_AimCrouch_In_1D.HG_AimCrouch_In_1D
[2019.11.04-23.37.22:351][ 64]LogActorComponent: RegisterComponentWithWorld: (/Engine/Transient.World_19:PersistentLevel.AnimationEditorPreviewActor_0.DebugSkelMeshComponent_0) Already registered. Aborting.
[2019.11.04-23.37.22:380][ 64]LogSkeletalMesh: USkeletalMeshComponent::InitArticulated : Bodies already created (/Engine/Transient.World_19:PersistentLevel.AnimationEditorPreviewActor_0.DebugSkelMeshComponent_0) - call TermArticulated first.
[2019.11.04-23.37.22:671][ 64]LogContentBrowser: Verbose: The majority of assets in the view are of type: AnimSequence
[2019.11.04-23.38.04:424][565]LogUObjectHash: Compacting FUObjectHashTables data took   7.00ms
[2019.11.04-23.38.04:424][565]LogFileHelpers: Editor autosave (incl. sublevels) for '/Temp/Untitled_0' took 0.070
[2019.11.04-23.38.04:427][565]OBJ SavePackage: Generating thumbnails for [1] asset(s) in package [/Game/Blueprints/Pawn/Character_AnimBP] ([1] browsable assets)...
[2019.11.04-23.38.04:450][565]OBJ SavePackage:     Rendered thumbnail for [AnimBlueprint /Game/Blueprints/Pawn/Character_AnimBP.Character_AnimBP]
[2019.11.04-23.38.04:450][565]OBJ SavePackage: Finished generating thumbnails for package [/Game/Blueprints/Pawn/Character_AnimBP]
[2019.11.04-23.38.04:450][565]Cmd: OBJ SAVEPACKAGE PACKAGE="/Game/Blueprints/Pawn/Character_AnimBP" FILE="../../../../BattleRoyale/Saved/Autosaves/Game/Blueprints/Pawn/Character_AnimBP_Auto3.uasset" SILENT=false AUTOSAVING=true
[2019.11.04-23.38.04:612][565]LogSavePackage: Moving '../../../../BattleRoyale/Saved/Character_AnimBP_Auto38D4001004AB1A35A92C4D5A112811EBA.tmp' to '../../../../BattleRoyale/Saved/Autosaves/Game/Blueprints/Pawn/Character_AnimBP_Auto3.uasset'
[2019.11.04-23.38.04:613][565]LogFileHelpers: Auto-saving content packages took 0.187
[2019.11.04-23.41.31:197][571]LogAssetEditorManager: Opening Asset editor for AnimSequence /Game/Cyborg_soldier_V1/Anims/Handgun/Aim/Crouch/A_HG_AimCrouch_Out.A_HG_AimCrouch_Out
[2019.11.04-23.41.38:857][153]LogWorld: UWorld::CleanupWorld for World_19, bSessionEnded=true, bCleanupResources=true
[2019.11.04-23.41.38:892][153]LogWorld: UWorld::CleanupWorld for World_21, bSessionEnded=true, bCleanupResources=true
[2019.11.04-23.41.38:995][153]LogWorld: UWorld::CleanupWorld for World_20, bSessionEnded=true, bCleanupResources=true
[2019.11.04-23.42.10:137][906]LogAnimationCompression: Building Anim DDC data for AnimSequence /Game/Cyborg_soldier_V1/Anims/AssaultRifle/Aim/Crouch/A_AR_Aim_Crouch.A_AR_Aim_Crouch
[2019.11.04-23.42.10:137][906]LogAnimationCompression: Recompressing (AnimSequence /Game/Cyborg_soldier_V1/Anims/AssaultRifle/Aim/Crouch/A_AR_Aim_Crouch.A_AR_Aim_Crouch) using current/default (AnimCompress_BitwiseCompressOnly_0) bFirstRecompressUsingCurrentOrDefault(1) bTryAlternateCompressor(0) IsCompressedDataValid(0)
[2019.11.04-23.42.11:783][  3]LogAssetEditorManager: Opening Asset editor for AnimSequence /Game/Cyborg_soldier_V1/Anims/AssaultRifle/Aim/Crouch/A_AR_Aim_Crouch.A_AR_Aim_Crouch
[2019.11.04-23.42.11:793][  3]LogActorComponent: RegisterComponentWithWorld: (/Engine/Transient.World_22:PersistentLevel.AnimationEditorPreviewActor_0.DebugSkelMeshComponent_0) Already registered. Aborting.
[2019.11.04-23.42.11:818][  3]LogSkeletalMesh: USkeletalMeshComponent::InitArticulated : Bodies already created (/Engine/Transient.World_22:PersistentLevel.AnimationEditorPreviewActor_0.DebugSkelMeshComponent_0) - call TermArticulated first.
[2019.11.04-23.42.12:145][  3]LogContentBrowser: Verbose: The majority of assets in the view are of type: AnimSequence
[2019.11.04-23.42.49:062][324]LogAnimationCompression: Building Anim DDC data for AnimSequence /Game/Cyborg_soldier_V1/Anims/Handgun/Aim/Crouch/A_HG_AimCrouch_Up.A_HG_AimCrouch_Up
[2019.11.04-23.42.49:062][324]LogAnimationCompression: Recompressing (AnimSequence /Game/Cyborg_soldier_V1/Anims/Handgun/Aim/Crouch/A_HG_AimCrouch_Up.A_HG_AimCrouch_Up) using current/default (AnimCompress_BitwiseCompressOnly_30) bFirstRecompressUsingCurrentOrDefault(1) bTryAlternateCompressor(0) IsCompressedDataValid(0)
[2019.11.04-23.42.49:063][324]LogAnimationCompression: Building Anim DDC data for AnimSequence /Game/Cyborg_soldier_V1/Anims/Handgun/Aim/Crouch/A_HG_AimCrouch_Dwn.A_HG_AimCrouch_Dwn
[2019.11.04-23.42.49:063][324]LogAnimationCompression: Recompressing (AnimSequence /Game/Cyborg_soldier_V1/Anims/Handgun/Aim/Crouch/A_HG_AimCrouch_Dwn.A_HG_AimCrouch_Dwn) using current/default (AnimCompress_BitwiseCompressOnly_29) bFirstRecompressUsingCurrentOrDefault(1) bTryAlternateCompressor(0) IsCompressedDataValid(0)
[2019.11.04-23.42.49:063][324]LogAnimationCompression: Building Anim DDC data for AnimSequence /Game/Cyborg_soldier_V1/Anims/Handgun/Aim/Crouch/A_HG_AimCrouch_Fwd.A_HG_AimCrouch_Fwd
[2019.11.04-23.42.49:064][324]LogAnimationCompression: Recompressing (AnimSequence /Game/Cyborg_soldier_V1/Anims/Handgun/Aim/Crouch/A_HG_AimCrouch_Fwd.A_HG_AimCrouch_Fwd) using current/default (AnimCompress_BitwiseCompressOnly_28) bFirstRecompressUsingCurrentOrDefault(1) bTryAlternateCompressor(0) IsCompressedDataValid(0)
[2019.11.04-23.42.52:581][527]LogAssetEditorManager: Opening Asset editor for AimOffsetBlendSpace1D /Game/Cyborg_soldier_V1/Anims/Handgun/Aim/Crouch/HG_AimCrouch.HG_AimCrouch
[2019.11.04-23.42.52:682][527]LogWorld: UWorld::CleanupWorld for World_24, bSessionEnded=true, bCleanupResources=true
[2019.11.04-23.42.59:527][ 60]LogWorld: UWorld::CleanupWorld for World_22, bSessionEnded=true, bCleanupResources=true
[2019.11.04-23.42.59:658][ 60]LogWorld: UWorld::CleanupWorld for World_23, bSessionEnded=true, bCleanupResources=true
[2019.11.04-23.43.11:527][752]LogAnimationCompression: Building Anim DDC data for AnimSequence /Game/Cyborg_soldier_V1/Anims/Handgun/Equip/A_HG_Unequip.A_HG_Unequip
[2019.11.04-23.43.11:527][752]LogAnimationCompression: Recompressing (AnimSequence /Game/Cyborg_soldier_V1/Anims/Handgun/Equip/A_HG_Unequip.A_HG_Unequip) using current/default (AnimCompress_BitwiseCompressOnly_8) bFirstRecompressUsingCurrentOrDefault(1) bTryAlternateCompressor(0) IsCompressedDataValid(0)
[2019.11.04-23.43.19:042][153]LogAnimationCompression: Building Anim DDC data for AnimSequence /Game/Cyborg_soldier_V1/Anims/Handgun/Equip/A_HG_Equip.A_HG_Equip
[2019.11.04-23.43.19:042][153]LogAnimationCompression: Recompressing (AnimSequence /Game/Cyborg_soldier_V1/Anims/Handgun/Equip/A_HG_Equip.A_HG_Equip) using current/default (AnimCompress_BitwiseCompressOnly_7) bFirstRecompressUsingCurrentOrDefault(1) bTryAlternateCompressor(0) IsCompressedDataValid(0)
[2019.11.04-23.43.21:539][296]BlueprintLog: New page: Compile Character_AnimBP
[2019.11.04-23.43.21:915][296]LogUObjectHash: Compacting FUObjectHashTables data took   6.33ms
[2019.11.04-23.43.22:440][313]Cmd: OBJ SAVEPACKAGE PACKAGE="/Game/Blueprints/Pawn/Character_AnimBP" FILE="../../../../BattleRoyale/Content/Blueprints/Pawn/Character_AnimBP.uasset" SILENT=true
[2019.11.04-23.43.22:569][313]LogSavePackage: Moving '../../../../BattleRoyale/Saved/Character_AnimBP485A2FAF4B3537B5C4C307A068084FBA.tmp' to '../../../../BattleRoyale/Content/Blueprints/Pawn/Character_AnimBP.uasset'
[2019.11.04-23.43.34:071][953]LogAssetEditorManager: Opening Asset editor for AnimSequence /Game/Cyborg_soldier_V1/Anims/Handgun/Aim/A_HG_Aim_Stand.A_HG_Aim_Stand
[2019.11.04-23.43.34:081][953]LogActorComponent: RegisterComponentWithWorld: (/Engine/Transient.World_25:PersistentLevel.AnimationEditorPreviewActor_0.DebugSkelMeshComponent_0) Already registered. Aborting.
[2019.11.04-23.43.34:106][953]LogSkeletalMesh: USkeletalMeshComponent::InitArticulated : Bodies already created (/Engine/Transient.World_25:PersistentLevel.AnimationEditorPreviewActor_0.DebugSkelMeshComponent_0) - call TermArticulated first.
[2019.11.04-23.43.34:437][953]LogContentBrowser: Verbose: The majority of assets in the view are of type: AnimSequence
[2019.11.04-23.43.39:506][322]LogWorld: UWorld::CleanupWorld for World_25, bSessionEnded=true, bCleanupResources=true
[2019.11.04-23.43.39:540][322]LogWorld: UWorld::CleanupWorld for World_27, bSessionEnded=true, bCleanupResources=true
[2019.11.04-23.43.39:646][322]LogWorld: UWorld::CleanupWorld for World_26, bSessionEnded=true, bCleanupResources=true
[2019.11.04-23.48.11:907][163]LogUObjectHash: Compacting FUObjectHashTables data took   6.26ms
[2019.11.04-23.48.11:907][163]LogFileHelpers: Editor autosave (incl. sublevels) for '/Temp/Untitled_0' took 0.058
[2019.11.04-23.48.11:910][163]OBJ SavePackage: Generating thumbnails for [1] asset(s) in package [/Game/Blueprints/Pawn/Character_AnimBP] ([1] browsable assets)...
[2019.11.04-23.48.11:922][163]OBJ SavePackage:     Rendered thumbnail for [AnimBlueprint /Game/Blueprints/Pawn/Character_AnimBP.Character_AnimBP]
[2019.11.04-23.48.11:922][163]OBJ SavePackage: Finished generating thumbnails for package [/Game/Blueprints/Pawn/Character_AnimBP]
[2019.11.04-23.48.11:922][163]Cmd: OBJ SAVEPACKAGE PACKAGE="/Game/Blueprints/Pawn/Character_AnimBP" FILE="../../../../BattleRoyale/Saved/Autosaves/Game/Blueprints/Pawn/Character_AnimBP_Auto4.uasset" SILENT=false AUTOSAVING=true
[2019.11.04-23.48.12:059][163]LogSavePackage: Moving '../../../../BattleRoyale/Saved/Character_AnimBP_Auto45B55199043008B090019E28D19266870.tmp' to '../../../../BattleRoyale/Saved/Autosaves/Game/Blueprints/Pawn/Character_AnimBP_Auto4.uasset'
[2019.11.04-23.48.12:060][163]LogFileHelpers: Auto-saving content packages took 0.151
[2019.11.04-23.50.21:320][357]BlueprintLog: New page: Compile Character_AnimBP
[2019.11.04-23.50.21:697][357]LogUObjectHash: Compacting FUObjectHashTables data took   6.12ms
[2019.11.04-23.50.22:338][381]Cmd: OBJ SAVEPACKAGE PACKAGE="/Game/Blueprints/Pawn/Character_AnimBP" FILE="../../../../BattleRoyale/Content/Blueprints/Pawn/Character_AnimBP.uasset" SILENT=true
[2019.11.04-23.50.22:472][381]LogSavePackage: Moving '../../../../BattleRoyale/Saved/Character_AnimBPDA1A8580413C6EE0C15B57AD0F01CD49.tmp' to '../../../../BattleRoyale/Content/Blueprints/Pawn/Character_AnimBP.uasset'
[2019.11.04-23.59.28:758][661]BlueprintLog: New page: Compile Character_AnimBP
[2019.11.04-23.59.29:130][661]LogUObjectHash: Compacting FUObjectHashTables data took  10.61ms
[2019.11.04-23.59.29:687][684]Cmd: OBJ SAVEPACKAGE PACKAGE="/Game/Blueprints/Pawn/Character_AnimBP" FILE="../../../../BattleRoyale/Content/Blueprints/Pawn/Character_AnimBP.uasset" SILENT=true
[2019.11.04-23.59.29:840][684]LogSavePackage: Moving '../../../../BattleRoyale/Saved/Character_AnimBP36E9D9694E315F7F61E03693E095369A.tmp' to '../../../../BattleRoyale/Content/Blueprints/Pawn/Character_AnimBP.uasset'
[2019.11.05-00.04.39:472][664]LogUObjectHash: Compacting FUObjectHashTables data took   6.39ms
[2019.11.05-00.04.39:473][664]LogFileHelpers: Editor autosave (incl. sublevels) for '/Temp/Untitled_0' took 0.055
[2019.11.05-00.04.39:475][664]OBJ SavePackage: Generating thumbnails for [1] asset(s) in package [/Game/Blueprints/Pawn/Character_AnimBP] ([1] browsable assets)...
[2019.11.05-00.04.39:486][664]OBJ SavePackage:     Rendered thumbnail for [AnimBlueprint /Game/Blueprints/Pawn/Character_AnimBP.Character_AnimBP]
[2019.11.05-00.04.39:486][664]OBJ SavePackage: Finished generating thumbnails for package [/Game/Blueprints/Pawn/Character_AnimBP]
[2019.11.05-00.04.39:486][664]Cmd: OBJ SAVEPACKAGE PACKAGE="/Game/Blueprints/Pawn/Character_AnimBP" FILE="../../../../BattleRoyale/Saved/Autosaves/Game/Blueprints/Pawn/Character_AnimBP_Auto5.uasset" SILENT=false AUTOSAVING=true
[2019.11.05-00.04.39:643][664]LogSavePackage: Moving '../../../../BattleRoyale/Saved/Character_AnimBP_Auto53A01F69B4F7A662444BBC39977406A63.tmp' to '../../../../BattleRoyale/Saved/Autosaves/Game/Blueprints/Pawn/Character_AnimBP_Auto5.uasset'
[2019.11.05-00.04.39:644][664]LogFileHelpers: Auto-saving content packages took 0.170
[2019.11.05-00.08.42:631][716]BlueprintLog: New page: Compile Character_AnimBP
[2019.11.05-00.08.43:006][716]LogUObjectHash: Compacting FUObjectHashTables data took   6.30ms
[2019.11.05-00.08.43:246][719]BlueprintLog: New page: Compile Character_AnimBP
[2019.11.05-00.08.43:646][719]LogUObjectHash: Compacting FUObjectHashTables data took   7.46ms
[2019.11.05-00.09.10:443][100]LogAssetEditorManager: Opening Asset editor for Blueprint /Game/Blueprints/Pawn/AnimBP_Interface.AnimBP_Interface
[2019.11.05-00.12.14:817][208]BlueprintLog: New page: Compile AnimBP_Interface
[2019.11.05-00.12.14:876][208]LogUObjectHash: Compacting FUObjectHashTables data took   5.71ms
[2019.11.05-00.14.11:664][391]BlueprintLog: New page: Compile AnimBP_Interface
[2019.11.05-00.14.11:718][391]LogUObjectHash: Compacting FUObjectHashTables data took   6.02ms
[2019.11.05-00.14.51:476][622]BlueprintLog: New page: Compile AnimBP_Interface
[2019.11.05-00.14.51:531][622]LogUObjectHash: Compacting FUObjectHashTables data took   6.42ms
[2019.11.05-00.14.51:983][664]Cmd: OBJ SAVEPACKAGE PACKAGE="/Game/Blueprints/Pawn/AnimBP_Interface" FILE="../../../../BattleRoyale/Content/Blueprints/Pawn/AnimBP_Interface.uasset" SILENT=true
[2019.11.05-00.14.51:994][664]LogSavePackage: Moving '../../../../BattleRoyale/Saved/AnimBP_Interface1FE99BAF44B2D3C535220EB015359231.tmp' to '../../../../BattleRoyale/Content/Blueprints/Pawn/AnimBP_Interface.uasset'
[2019.11.05-00.14.57:967][ 32]LogSlate: Prevented a slow task dialog from being summoned while a context menu was open
[2019.11.05-00.15.02:209][277]BlueprintLog: New page: Compile Character_AnimBP
[2019.11.05-00.15.02:239][277]LogBlueprint: Error: [Compiler Character_AnimBP] Found more than one function with the same name Weapon_Reload; second occurance at  <None>
[2019.11.05-00.15.07:350][277]LogWindows: Error: === Critical error: ===
[2019.11.05-00.15.07:350][277]LogWindows: Error: 
[2019.11.05-00.15.07:350][277]LogWindows: Error: Fatal error!
[2019.11.05-00.15.07:350][277]LogWindows: Error: 
[2019.11.05-00.15.07:350][277]LogWindows: Error: Unhandled Exception: EXCEPTION_ACCESS_VIOLATION reading address 0x00000018
[2019.11.05-00.15.07:350][277]LogWindows: Error: 
[2019.11.05-00.15.07:350][277]LogWindows: Error: [Callstack] 0x00007fffe72e083e UE4Editor-KismetCompiler.dll!UnknownFunction []
[2019.11.05-00.15.07:350][277]LogWindows: Error: [Callstack] 0x00007fffe733a425 UE4Editor-KismetCompiler.dll!UnknownFunction []
[2019.11.05-00.15.07:351][277]LogWindows: Error: [Callstack] 0x00007fffe730849c UE4Editor-KismetCompiler.dll!UnknownFunction []
[2019.11.05-00.15.07:351][277]LogWindows: Error: [Callstack] 0x00007fffec351bfc UE4Editor-Kismet.dll!UnknownFunction []
[2019.11.05-00.15.07:351][277]LogWindows: Error: [Callstack] 0x00007fffec303977 UE4Editor-Kismet.dll!UnknownFunction []
[2019.11.05-00.15.07:351][277]LogWindows: Error: [Callstack] 0x00007fffee1960e8 UE4Editor-UnrealEd.dll!UnknownFunction []
[2019.11.05-00.15.07:351][277]LogWindows: Error: [Callstack] 0x00007fffec3fa781 UE4Editor-Kismet.dll!UnknownFunction []
[2019.11.05-00.15.07:351][277]LogWindows: Error: [Callstack] 0x00007fffd78d85f6 UE4Editor-AnimationBlueprintEditor.dll!UnknownFunction []
[2019.11.05-00.15.07:351][277]LogWindows: Error: [Callstack] 0x00007fffec415d78 UE4Editor-Kismet.dll!UnknownFunction []
[2019.11.05-00.15.07:351][277]LogWindows: Error: [Callstack] 0x00007fffef4d7fda UE4Editor-Slate.dll!UnknownFunction []
[2019.11.05-00.15.07:351][277]LogWindows: Error: [Callstack] 0x00007fffef5ba262 UE4Editor-Slate.dll!UnknownFunction []
[2019.11.05-00.15.07:351][277]LogWindows: Error: [Callstack] 0x00007fffef59ccf4 UE4Editor-Slate.dll!UnknownFunction []
[2019.11.05-00.15.07:351][277]LogWindows: Error: [Callstack] 0x00007fffef6358b8 UE4Editor-Slate.dll!UnknownFunction []
[2019.11.05-00.15.07:351][277]LogWindows: Error: [Callstack] 0x00007fffef6514b1 UE4Editor-Slate.dll!UnknownFunction []
[2019.11.05-00.15.07:351][277]LogWindows: Error: [Callstack] 0x00007fffef495231 UE4Editor-Slate.dll!UnknownFunction []
[2019.11.05-00.15.07:351][277]LogWindows: Error: [Callstack] 0x00007fffef51b4f1 UE4Editor-Slate.dll!UnknownFunction []
[2019.11.05-00.15.07:351][277]LogWindows: Error: [Callstack] 0x00007fffef5052e8 UE4Editor-Slate.dll!UnknownFunction []
[2019.11.05-00.15.07:351][277]LogWindows: Error: [Callstack] 0x00007fffef4f9c91 UE4Editor-Slate.dll!UnknownFunction []
[2019.11.05-00.15.07:351][277]LogWindows: Error: [Callstack] 0x00007ff817764e02 UE4Editor-ApplicationCore.dll!UnknownFunction []
[2019.11.05-00.15.07:351][277]LogWindows: Error: [Callstack] 0x00007ff8177526df UE4Editor-ApplicationCore.dll!UnknownFunction []
[2019.11.05-00.15.07:351][277]LogWindows: Error: [Callstack] 0x00007ff817767340 UE4Editor-ApplicationCore.dll!UnknownFunction []
[2019.11.05-00.15.07:351][277]LogWindows: Error: [Callstack] 0x00007ff81774edd0 UE4Editor-ApplicationCore.dll!UnknownFunction []
[2019.11.05-00.15.07:351][277]LogWindows: Error: [Callstack] 0x00007ff849c063ed USER32.dll!UnknownFunction []
[2019.11.05-00.15.07:351][277]LogWindows: Error: [Callstack] 0x00007ff849c05de2 USER32.dll!UnknownFunction []
[2019.11.05-00.15.07:351][277]LogWindows: Error: [Callstack] 0x00007ff8177688e9 UE4Editor-ApplicationCore.dll!UnknownFunction []
[2019.11.05-00.15.07:351][277]LogWindows: Error: [Callstack] 0x00007ff6bb116980 UE4Editor.exe!UnknownFunction []
[2019.11.05-00.15.07:351][277]LogWindows: Error: [Callstack] 0x00007ff6bb12a91c UE4Editor.exe!UnknownFunction []
[2019.11.05-00.15.07:351][277]LogWindows: Error: [Callstack] 0x00007ff6bb12a9fa UE4Editor.exe!UnknownFunction []
[2019.11.05-00.15.07:351][277]LogWindows: Error: [Callstack] 0x00007ff6bb13b92c UE4Editor.exe!UnknownFunction []
[2019.11.05-00.15.07:351][277]LogWindows: Error: [Callstack] 0x00007ff6bb13e60e UE4Editor.exe!UnknownFunction []
[2019.11.05-00.15.07:351][277]LogWindows: Error: [Callstack] 0x00007ff84ac87bd4 KERNEL32.DLL!UnknownFunction []
[2019.11.05-00.15.07:351][277]LogWindows: Error: [Callstack] 0x00007ff84b30ced1 ntdll.dll!UnknownFunction []
[2019.11.05-00.15.07:351][277]LogWindows: Error: 
[2019.11.05-00.15.07:417][277]LogExit: Executing StaticShutdownAfterError
[2019.11.05-00.15.07:424][277]LogWindows: FPlatformMisc::RequestExit(1)
[2019.11.05-00.15.07:474][277]Log file closed, 11/05/19 03:15:07
