Log file open, 11/05/19 03:16:30
LogWindows: Failed to load 'aqProf.dll' (GetLastError=126)
LogWindows: File 'aqProf.dll' does not exist
LogWindows: Failed to load 'VtuneApi.dll' (GetLastError=126)
LogWindows: File 'VtuneApi.dll' does not exist
LogWindows: Failed to load 'VtuneApi32e.dll' (GetLastError=126)
LogWindows: File 'VtuneApi32e.dll' does not exist
LogConsoleResponse: Display: Failed to find resolution value strings in scalability ini. Falling back to default.
LogInit: Display: Running engine for game: BattleRoyale
LogPlatformFile: Not using cached read wrapper
LogTaskGraph: Started task graph with 5 named threads and 23 total threads with 3 sets of task threads.
LogStats: Stats thread started at 0.105657
LogD3D11RHI: Loaded GFSDK_Aftermath_Lib.x64.dll
LogICUInternationalization: ICU TimeZone Detection - Raw Offset: +4:00, Platform Override: ''
LogPluginManager: Mounting plugin Paper2D
LogPluginManager: Mounting plugin AISupport
LogPluginManager: Mounting plugin LightPropagationVolume
LogPluginManager: Mounting plugin ActorLayerUtilities
LogPluginManager: Mounting plugin AnimationSharing
LogPluginManager: Mounting plugin CLionSourceCodeAccess
LogPluginManager: Mounting plugin CodeLiteSourceCodeAccess
LogPluginManager: Mounting plugin GitSourceControl
LogPluginManager: Mounting plugin KDevelopSourceCodeAccess
LogPluginManager: Mounting plugin NullSourceCodeAccess
LogPluginManager: Mounting plugin PerforceSourceControl
LogPluginManager: Mounting plugin SubversionSourceControl
LogPluginManager: Mounting plugin UObjectPlugin
LogPluginManager: Mounting plugin VisualStudioCodeSourceCodeAccess
LogPluginManager: Mounting plugin VisualStudioSourceCodeAccess
LogPluginManager: Mounting plugin XCodeSourceCodeAccess
LogPluginManager: Mounting plugin AssetManagerEditor
LogPluginManager: Mounting plugin CryptoKeys
LogPluginManager: Mounting plugin CurveEditorTools
LogPluginManager: Mounting plugin DataValidation
LogPluginManager: Mounting plugin FacialAnimation
LogPluginManager: Mounting plugin GameplayTagsEditor
LogPluginManager: Mounting plugin MacGraphicsSwitching
LogPluginManager: Mounting plugin MaterialAnalyzer
LogPluginManager: Mounting plugin MobileLauncherProfileWizard
LogPluginManager: Mounting plugin PluginBrowser
LogPluginManager: Mounting plugin SpeedTreeImporter
LogPluginManager: Mounting plugin DatasmithContent
LogPluginManager: Mounting plugin VariantManagerContent
LogPluginManager: Mounting plugin AlembicImporter
LogPluginManager: Mounting plugin AutomationUtils
LogPluginManager: Mounting plugin BackChannel
LogPluginManager: Mounting plugin CharacterAI
LogPluginManager: Mounting plugin GeometryCache
LogPluginManager: Mounting plugin HTML5Networking
LogPluginManager: Mounting plugin PlatformCrypto
LogPluginManager: Mounting plugin ProxyLODPlugin
LogPluginManager: Mounting plugin SkeletalReduction
LogPluginManager: Mounting plugin MagicLeap
LogPluginManager: Mounting plugin MagicLeapMedia
LogPluginManager: Mounting plugin AndroidMedia
LogPluginManager: Mounting plugin AvfMedia
LogPluginManager: Mounting plugin ImgMedia
LogPluginManager: Mounting plugin MediaCompositing
LogPluginManager: Mounting plugin MediaPlayerEditor
LogPluginManager: Mounting plugin WebMMedia
LogPluginManager: Mounting plugin WmfMedia
LogPluginManager: Mounting plugin TcpMessaging
LogPluginManager: Mounting plugin UdpMessaging
LogPluginManager: Mounting plugin ActorSequence
LogPluginManager: Mounting plugin LevelSequenceEditor
LogPluginManager: Mounting plugin MatineeToLevelSequence
LogPluginManager: Mounting plugin NetcodeUnitTest
LogPluginManager: Mounting plugin NUTUnrealEngine4
LogPluginManager: Mounting plugin OnlineSubsystemGooglePlay
LogPluginManager: Mounting plugin OnlineSubsystemIOS
LogPluginManager: Mounting plugin OnlineSubsystem
LogPluginManager: Mounting plugin OnlineSubsystemNull
LogPluginManager: Mounting plugin OnlineSubsystemUtils
LogPluginManager: Mounting plugin LauncherChunkInstaller
LogPluginManager: Mounting plugin AndroidDeviceProfileSelector
LogPluginManager: Mounting plugin AndroidMoviePlayer
LogPluginManager: Mounting plugin AndroidPermission
LogPluginManager: Mounting plugin AppleImageUtils
LogPluginManager: Mounting plugin AppleMoviePlayer
LogPluginManager: Mounting plugin ArchVisCharacter
LogPluginManager: Mounting plugin AudioCapture
LogPluginManager: Mounting plugin CableComponent
LogPluginManager: Mounting plugin CustomMeshComponent
LogPluginManager: Mounting plugin EditableMesh
LogPluginManager: Mounting plugin ExampleDeviceProfileSelector
LogPluginManager: Mounting plugin GoogleCloudMessaging
LogPluginManager: Mounting plugin IOSDeviceProfileSelector
LogPluginManager: Mounting plugin LinuxDeviceProfileSelector
LogPluginManager: Mounting plugin LocationServicesBPLibrary
LogPluginManager: Mounting plugin MobilePatchingUtils
LogPluginManager: Mounting plugin OculusVR
LogPluginManager: Mounting plugin PhysXVehicles
LogPluginManager: Mounting plugin ProceduralMeshComponent
LogPluginManager: Mounting plugin RuntimePhysXCooking
LogPluginManager: Mounting plugin SignificanceManager
LogPluginManager: Mounting plugin SteamVR
LogPluginManager: Mounting plugin WebMMoviePlayer
LogPluginManager: Mounting plugin WindowsMoviePlayer
LogPluginManager: Mounting plugin ScreenshotTools
LogInit: Using libcurl 7.55.1-DEV
LogInit:  - built for x86_64-pc-win32
LogInit:  - supports SSL with OpenSSL/1.1.1
LogInit:  - supports HTTP deflate (compression) using libz 1.2.8
LogInit:  - other features:
LogInit:      CURL_VERSION_SSL
LogInit:      CURL_VERSION_LIBZ
LogInit:      CURL_VERSION_IPV6
LogInit:      CURL_VERSION_ASYNCHDNS
LogInit:      CURL_VERSION_LARGEFILE
LogInit:      CURL_VERSION_IDN
LogInit:  CurlRequestOptions (configurable via config and command line):
LogInit:  - bVerifyPeer = true  - Libcurl will verify peer certificate
LogInit:  - bUseHttpProxy = false  - Libcurl will NOT use HTTP proxy
LogInit:  - bDontReuseConnections = false  - Libcurl will reuse connections
LogInit:  - MaxHostConnections = 16  - Libcurl will limit the number of connections to a host
LogInit:  - LocalHostAddr = Default
LogInit:  - BufferSize = 65536
LogOnline: OSS: Creating online subsystem instance for: NULL
LogInit: WinSock: version 1.1 (2.2), MaxSocks=32767, MaxUdp=65467
LogInit: Build: ++UE4+Release-4.23-CL-9631420
LogInit: Engine Version: 4.23.1-9631420+++UE4+Release-4.23
LogInit: Compatible Engine Version: 4.23.0-8386587+++UE4+Release-4.23
LogInit: Net CL: 8386587
LogInit: OS: Windows 10 (Release 1903) (), CPU: AMD Ryzen 5 1400 Quad-Core Processor           , GPU: NVIDIA GeForce GTX 1050 Ti
LogInit: Compiled (64-bit): Oct 18 2019 02:07:44
LogInit: Compiled with Visual C++: 19.16.27030.01
LogInit: Build Configuration: Development
LogInit: Branch Name: ++UE4+Release-4.23
LogInit: Command Line: 
LogInit: Base Directory: E:/UE_4.23/Engine/Binaries/Win64/
LogInit: Installed Engine Build: 1
LogDevObjectVersion: Number of dev versions registered: 23
LogDevObjectVersion:   Dev-Blueprints (B0D832E4-1F89-4F0D-ACCF-7EB736FD4AA2): 10
LogDevObjectVersion:   Dev-Build (E1C64328-A22C-4D53-A36C-8E866417BD8C): 0
LogDevObjectVersion:   Dev-Core (375EC13C-06E4-48FB-B500-84F0262A717E): 3
LogDevObjectVersion:   Dev-Editor (E4B068ED-F494-42E9-A231-DA0B2E46BB41): 34
LogDevObjectVersion:   Dev-Framework (CFFC743F-43B0-4480-9391-14DF171D2073): 35
LogDevObjectVersion:   Dev-Mobile (B02B49B5-BB20-44E9-A304-32B752E40360): 2
LogDevObjectVersion:   Dev-Networking (A4E4105C-59A1-49B5-A7C5-40C4547EDFEE): 0
LogDevObjectVersion:   Dev-Online (39C831C9-5AE6-47DC-9A44-9C173E1C8E7C): 0
LogDevObjectVersion:   Dev-Physics (78F01B33-EBEA-4F98-B9B4-84EACCB95AA2): 0
LogDevObjectVersion:   Dev-Platform (6631380F-2D4D-43E0-8009-CF276956A95A): 0
LogDevObjectVersion:   Dev-Rendering (12F88B9F-8875-4AFC-A67C-D90C383ABD29): 31
LogDevObjectVersion:   Dev-Sequencer (7B5AE74C-D270-4C10-A958-57980B212A5A): 11
LogDevObjectVersion:   Dev-VR (D7296918-1DD6-4BDD-9DE2-64A83CC13884): 2
LogDevObjectVersion:   Dev-LoadTimes (C2A15278-BFE7-4AFE-6C17-90FF531DF755): 1
LogDevObjectVersion:   Private-Geometry (6EACA3D4-40EC-4CC1-B786-8BED09428FC5): 3
LogDevObjectVersion:   Dev-AnimPhys (29E575DD-E0A3-4627-9D10-D276232CDCEA): 17
LogDevObjectVersion:   Dev-Anim (AF43A65D-7FD3-4947-9873-3E8ED9C1BB05): 2
LogDevObjectVersion:   Dev-ReflectionCapture (6B266CEC-1EC7-4B8F-A30B-E4D90942FC07): 1
LogDevObjectVersion:   Dev-Automation (0DF73D61-A23F-47EA-B727-89E90C41499A): 1
LogDevObjectVersion:   FortniteMain (601D1886-AC64-4F84-AA16-D3DE0DEAC7D6): 27
LogDevObjectVersion:   Dev-Enterprise (9DFFBCD6-494F-0158-E221-12823C92A888): 6
LogDevObjectVersion:   Dev-Niagara (F2AED0AC-9AFE-416F-8664-AA7FFA26D6FC): 1
LogDevObjectVersion:   Dev-Destruction (174F1F0B-B4C6-45A5-B13F-2EE8D0FB917D): 9
LogInit: Presizing for max 16777216 objects, including 0 objects not considered by GC, pre-allocating 0 bytes for permanent pool.
LogInit: Object subsystem initialized
LogConfig: Setting CVar [[con.DebugEarlyDefault:1]]
LogConfig: Setting CVar [[r.setres:1280x720]]
[2019.11.05-00.16.31:012][  0]LogConfig: Setting CVar [[r.VSync:0]]
[2019.11.05-00.16.31:013][  0]LogConfig: Setting CVar [[r.RHICmdBypass:0]]
[2019.11.05-00.16.31:013][  0]LogConfig: Applying CVar settings from Section [/Script/Engine.RendererSettings] File [E:/BattleRoyale/Saved/Config/Windows/Engine.ini]
[2019.11.05-00.16.31:013][  0]LogConfig: Setting CVar [[r.GPUCrashDebugging:0]]
[2019.11.05-00.16.31:013][  0]LogConfig: Applying CVar settings from Section [/Script/Engine.RendererOverrideSettings] File [E:/BattleRoyale/Saved/Config/Windows/Engine.ini]
[2019.11.05-00.16.31:013][  0]LogConfig: Setting CVar [[r.SupportAllShaderPermutations:0]]
[2019.11.05-00.16.31:013][  0]LogConfig: Setting CVar [[r.SkinCache.ForceRecomputeTangents:0]]
[2019.11.05-00.16.31:013][  0]LogConfig: Applying CVar settings from Section [/Script/Engine.StreamingSettings] File [E:/BattleRoyale/Saved/Config/Windows/Engine.ini]
[2019.11.05-00.16.31:013][  0]LogConfig: Setting CVar [[s.MinBulkDataSizeForAsyncLoading:131072]]
[2019.11.05-00.16.31:013][  0]LogConfig: Setting CVar [[s.AsyncLoadingThreadEnabled:0]]
[2019.11.05-00.16.31:013][  0]LogConfig: Setting CVar [[s.EventDrivenLoaderEnabled:1]]
[2019.11.05-00.16.31:013][  0]LogConfig: Setting CVar [[s.WarnIfTimeLimitExceeded:0]]
[2019.11.05-00.16.31:013][  0]LogConfig: Setting CVar [[s.TimeLimitExceededMultiplier:1.5]]
[2019.11.05-00.16.31:013][  0]LogConfig: Setting CVar [[s.TimeLimitExceededMinTime:0.005]]
[2019.11.05-00.16.31:013][  0]LogConfig: Setting CVar [[s.UseBackgroundLevelStreaming:1]]
[2019.11.05-00.16.31:013][  0]LogConfig: Setting CVar [[s.PriorityAsyncLoadingExtraTime:15.0]]
[2019.11.05-00.16.31:013][  0]LogConfig: Setting CVar [[s.LevelStreamingActorsUpdateTimeLimit:5.0]]
[2019.11.05-00.16.31:013][  0]LogConfig: Setting CVar [[s.PriorityLevelStreamingActorsUpdateExtraTime:5.0]]
[2019.11.05-00.16.31:013][  0]LogConfig: Setting CVar [[s.LevelStreamingComponentsRegistrationGranularity:10]]
[2019.11.05-00.16.31:013][  0]LogConfig: Setting CVar [[s.UnregisterComponentsTimeLimit:1.0]]
[2019.11.05-00.16.31:013][  0]LogConfig: Setting CVar [[s.LevelStreamingComponentsUnregistrationGranularity:5]]
[2019.11.05-00.16.31:013][  0]LogConfig: Applying CVar settings from Section [/Script/Engine.GarbageCollectionSettings] File [E:/BattleRoyale/Saved/Config/Windows/Engine.ini]
[2019.11.05-00.16.31:013][  0]LogConfig: Setting CVar [[gc.MaxObjectsNotConsideredByGC:1]]
[2019.11.05-00.16.31:013][  0]LogConfig: Setting CVar [[gc.SizeOfPermanentObjectPool:0]]
[2019.11.05-00.16.31:013][  0]LogConfig: Setting CVar [[gc.FlushStreamingOnGC:0]]
[2019.11.05-00.16.31:013][  0]LogConfig: Setting CVar [[gc.NumRetriesBeforeForcingGC:10]]
[2019.11.05-00.16.31:013][  0]LogConfig: Setting CVar [[gc.AllowParallelGC:1]]
[2019.11.05-00.16.31:013][  0]LogConfig: Setting CVar [[gc.TimeBetweenPurgingPendingKillObjects:61.1]]
[2019.11.05-00.16.31:013][  0]LogConfig: Setting CVar [[gc.MaxObjectsInEditor:16777216]]
[2019.11.05-00.16.31:013][  0]LogConfig: Setting CVar [[gc.IncrementalBeginDestroyEnabled:1]]
[2019.11.05-00.16.31:013][  0]LogConfig: Setting CVar [[gc.CreateGCClusters:1]]
[2019.11.05-00.16.31:013][  0]LogConfig: Setting CVar [[gc.MinGCClusterSize:5]]
[2019.11.05-00.16.31:013][  0]LogConfig: Setting CVar [[gc.ActorClusteringEnabled:0]]
[2019.11.05-00.16.31:013][  0]LogConfig: Setting CVar [[gc.BlueprintClusteringEnabled:0]]
[2019.11.05-00.16.31:013][  0]LogConfig: Setting CVar [[gc.UseDisregardForGCOnDedicatedServers:0]]
[2019.11.05-00.16.31:013][  0]LogConfig: Applying CVar settings from Section [/Script/Engine.NetworkSettings] File [E:/BattleRoyale/Saved/Config/Windows/Engine.ini]
[2019.11.05-00.16.31:013][  0]LogConfig: Applying CVar settings from Section [/Script/UnrealEd.CookerSettings] File [E:/BattleRoyale/Saved/Config/Windows/Engine.ini]
[2019.11.05-00.16.31:019][  0]LogConfig: Applying CVar settings from Section [ViewDistanceQuality@3] File [E:/BattleRoyale/Saved/Config/Windows/Scalability.ini]
[2019.11.05-00.16.31:020][  0]LogConfig: Setting CVar [[r.SkeletalMeshLODBias:0]]
[2019.11.05-00.16.31:020][  0]LogConfig: Setting CVar [[r.ViewDistanceScale:1.0]]
[2019.11.05-00.16.31:020][  0]LogConfig: Applying CVar settings from Section [AntiAliasingQuality@3] File [E:/BattleRoyale/Saved/Config/Windows/Scalability.ini]
[2019.11.05-00.16.31:020][  0]LogConfig: Setting CVar [[r.PostProcessAAQuality:4]]
[2019.11.05-00.16.31:020][  0]LogConfig: Applying CVar settings from Section [ShadowQuality@3] File [E:/BattleRoyale/Saved/Config/Windows/Scalability.ini]
[2019.11.05-00.16.31:020][  0]LogConfig: Setting CVar [[r.LightFunctionQuality:1]]
[2019.11.05-00.16.31:020][  0]LogConfig: Setting CVar [[r.ShadowQuality:5]]
[2019.11.05-00.16.31:020][  0]LogConfig: Setting CVar [[r.Shadow.CSM.MaxCascades:10]]
[2019.11.05-00.16.31:020][  0]LogConfig: Setting CVar [[r.Shadow.MaxResolution:2048]]
[2019.11.05-00.16.31:020][  0]LogConfig: Setting CVar [[r.Shadow.MaxCSMResolution:2048]]
[2019.11.05-00.16.31:020][  0]LogConfig: Setting CVar [[r.Shadow.RadiusThreshold:0.01]]
[2019.11.05-00.16.31:020][  0]LogConfig: Setting CVar [[r.Shadow.DistanceScale:1.0]]
[2019.11.05-00.16.31:020][  0]LogConfig: Setting CVar [[r.Shadow.CSM.TransitionScale:1.0]]
[2019.11.05-00.16.31:020][  0]LogConfig: Setting CVar [[r.Shadow.PreShadowResolutionFactor:1.0]]
[2019.11.05-00.16.31:020][  0]LogConfig: Setting CVar [[r.DistanceFieldShadowing:1]]
[2019.11.05-00.16.31:020][  0]LogConfig: Setting CVar [[r.DistanceFieldAO:1]]
[2019.11.05-00.16.31:020][  0]LogConfig: Setting CVar [[r.AOQuality:2]]
[2019.11.05-00.16.31:020][  0]LogConfig: Setting CVar [[r.VolumetricFog:1]]
[2019.11.05-00.16.31:020][  0]LogConfig: Setting CVar [[r.VolumetricFog.GridPixelSize:8]]
[2019.11.05-00.16.31:020][  0]LogConfig: Setting CVar [[r.VolumetricFog.GridSizeZ:128]]
[2019.11.05-00.16.31:020][  0]LogConfig: Setting CVar [[r.VolumetricFog.HistoryMissSupersampleCount:4]]
[2019.11.05-00.16.31:020][  0]LogConfig: Setting CVar [[r.LightMaxDrawDistanceScale:1]]
[2019.11.05-00.16.31:020][  0]LogConfig: Setting CVar [[r.CapsuleShadows:1]]
[2019.11.05-00.16.31:020][  0]LogConfig: Applying CVar settings from Section [PostProcessQuality@3] File [E:/BattleRoyale/Saved/Config/Windows/Scalability.ini]
[2019.11.05-00.16.31:020][  0]LogConfig: Setting CVar [[r.MotionBlurQuality:4]]
[2019.11.05-00.16.31:020][  0]LogConfig: Setting CVar [[r.AmbientOcclusionMipLevelFactor:0.4]]
[2019.11.05-00.16.31:020][  0]LogConfig: Setting CVar [[r.AmbientOcclusionMaxQuality:100]]
[2019.11.05-00.16.31:020][  0]LogConfig: Setting CVar [[r.AmbientOcclusionLevels:-1]]
[2019.11.05-00.16.31:020][  0]LogConfig: Setting CVar [[r.AmbientOcclusionRadiusScale:1.0]]
[2019.11.05-00.16.31:020][  0]LogConfig: Setting CVar [[r.DepthOfFieldQuality:2]]
[2019.11.05-00.16.31:020][  0]LogConfig: Setting CVar [[r.RenderTargetPoolMin:400]]
[2019.11.05-00.16.31:020][  0]LogConfig: Setting CVar [[r.LensFlareQuality:2]]
[2019.11.05-00.16.31:020][  0]LogConfig: Setting CVar [[r.SceneColorFringeQuality:1]]
[2019.11.05-00.16.31:020][  0]LogConfig: Setting CVar [[r.EyeAdaptationQuality:2]]
[2019.11.05-00.16.31:020][  0]LogConfig: Setting CVar [[r.BloomQuality:5]]
[2019.11.05-00.16.31:020][  0]LogConfig: Setting CVar [[r.FastBlurThreshold:100]]
[2019.11.05-00.16.31:020][  0]LogConfig: Setting CVar [[r.Upscale.Quality:3]]
[2019.11.05-00.16.31:020][  0]LogConfig: Setting CVar [[r.Tonemapper.GrainQuantization:1]]
[2019.11.05-00.16.31:020][  0]LogConfig: Setting CVar [[r.LightShaftQuality:1]]
[2019.11.05-00.16.31:020][  0]LogConfig: Setting CVar [[r.Filter.SizeScale:1]]
[2019.11.05-00.16.31:020][  0]LogConfig: Setting CVar [[r.Tonemapper.Quality:5]]
[2019.11.05-00.16.31:020][  0]LogConfig: Setting CVar [[r.DOF.Gather.AccumulatorQuality:1        ; higher gathering accumulator quality]]
[2019.11.05-00.16.31:020][  0]LogConfig: Setting CVar [[r.DOF.Gather.PostfilterMethod:1          ; Median3x3 postfilering method]]
[2019.11.05-00.16.31:020][  0]LogConfig: Setting CVar [[r.DOF.Gather.EnableBokehSettings:0       ; no bokeh simulation when gathering]]
[2019.11.05-00.16.31:020][  0]LogConfig: Setting CVar [[r.DOF.Gather.RingCount:4                 ; medium number of samples when gathering]]
[2019.11.05-00.16.31:020][  0]LogConfig: Setting CVar [[r.DOF.Scatter.ForegroundCompositing:1    ; additive foreground scattering]]
[2019.11.05-00.16.31:020][  0]LogConfig: Setting CVar [[r.DOF.Scatter.BackgroundCompositing:2    ; additive background scattering]]
[2019.11.05-00.16.31:020][  0]LogConfig: Setting CVar [[r.DOF.Scatter.EnableBokehSettings:1      ; bokeh simulation when scattering]]
[2019.11.05-00.16.31:020][  0]LogConfig: Setting CVar [[r.DOF.Scatter.MaxSpriteRatio:0.1         ; only a maximum of 10% of scattered bokeh]]
[2019.11.05-00.16.31:020][  0]LogConfig: Setting CVar [[r.DOF.Recombine.Quality:1                ; cheap slight out of focus]]
[2019.11.05-00.16.31:020][  0]LogConfig: Setting CVar [[r.DOF.Recombine.EnableBokehSettings:0    ; no bokeh simulation on slight out of focus]]
[2019.11.05-00.16.31:021][  0]LogConfig: Setting CVar [[r.DOF.TemporalAAQuality:1                ; more stable temporal accumulation]]
[2019.11.05-00.16.31:021][  0]LogConfig: Setting CVar [[r.DOF.Kernel.MaxForegroundRadius:0.025]]
[2019.11.05-00.16.31:021][  0]LogConfig: Setting CVar [[r.DOF.Kernel.MaxBackgroundRadius:0.025]]
[2019.11.05-00.16.31:021][  0]LogConfig: Applying CVar settings from Section [TextureQuality@3] File [E:/BattleRoyale/Saved/Config/Windows/Scalability.ini]
[2019.11.05-00.16.31:021][  0]LogConfig: Setting CVar [[r.Streaming.MipBias:0]]
[2019.11.05-00.16.31:021][  0]LogConfig: Setting CVar [[r.Streaming.AmortizeCPUToGPUCopy:0]]
[2019.11.05-00.16.31:021][  0]LogConfig: Setting CVar [[r.Streaming.MaxNumTexturesToStreamPerFrame:0]]
[2019.11.05-00.16.31:021][  0]LogConfig: Setting CVar [[r.Streaming.Boost:1]]
[2019.11.05-00.16.31:021][  0]LogConfig: Setting CVar [[r.MaxAnisotropy:8]]
[2019.11.05-00.16.31:021][  0]LogConfig: Setting CVar [[r.Streaming.LimitPoolSizeToVRAM:0]]
[2019.11.05-00.16.31:021][  0]LogConfig: Setting CVar [[r.Streaming.PoolSize:1000]]
[2019.11.05-00.16.31:021][  0]LogConfig: Setting CVar [[r.Streaming.MaxEffectiveScreenSize:0]]
[2019.11.05-00.16.31:021][  0]LogConfig: Applying CVar settings from Section [EffectsQuality@3] File [E:/BattleRoyale/Saved/Config/Windows/Scalability.ini]
[2019.11.05-00.16.31:021][  0]LogConfig: Setting CVar [[r.TranslucencyLightingVolumeDim:64]]
[2019.11.05-00.16.31:021][  0]LogConfig: Setting CVar [[r.RefractionQuality:2]]
[2019.11.05-00.16.31:021][  0]LogConfig: Setting CVar [[r.SSR.Quality:3]]
[2019.11.05-00.16.31:021][  0]LogConfig: Setting CVar [[r.SceneColorFormat:4]]
[2019.11.05-00.16.31:021][  0]LogConfig: Setting CVar [[r.DetailMode:2]]
[2019.11.05-00.16.31:021][  0]LogConfig: Setting CVar [[r.TranslucencyVolumeBlur:1]]
[2019.11.05-00.16.31:021][  0]LogConfig: Setting CVar [[r.MaterialQualityLevel:1 ; High quality]]
[2019.11.05-00.16.31:021][  0]LogConfig: Setting CVar [[r.SSS.Scale:1]]
[2019.11.05-00.16.31:021][  0]LogConfig: Setting CVar [[r.SSS.SampleSet:2]]
[2019.11.05-00.16.31:021][  0]LogConfig: Setting CVar [[r.SSS.Quality:1]]
[2019.11.05-00.16.31:021][  0]LogConfig: Setting CVar [[r.SSS.HalfRes:1]]
[2019.11.05-00.16.31:021][  0]LogConfig: Setting CVar [[r.EmitterSpawnRateScale:1.0]]
[2019.11.05-00.16.31:021][  0]LogConfig: Setting CVar [[r.ParticleLightQuality:2]]
[2019.11.05-00.16.31:021][  0]LogConfig: Applying CVar settings from Section [FoliageQuality@3] File [E:/BattleRoyale/Saved/Config/Windows/Scalability.ini]
[2019.11.05-00.16.31:021][  0]LogConfig: Setting CVar [[foliage.DensityScale:1.0]]
[2019.11.05-00.16.31:021][  0]LogConfig: Setting CVar [[grass.DensityScale:1.0]]
[2019.11.05-00.16.31:021][  0]LogInit: Selected Device Profile: [Windows]
[2019.11.05-00.16.31:021][  0]LogInit: Applying CVar settings loaded from the selected device profile: [Windows]
[2019.11.05-00.16.31:025][  0]LogHAL: Display: Platform has ~ 16 GB [17127804928 / 17179869184 / 16], which maps to Larger [LargestMinGB=32, LargerMinGB=12, DefaultMinGB=8, SmallerMinGB=6, SmallestMinGB=0)
[2019.11.05-00.16.31:025][  0]LogInit: Going up to parent DeviceProfile []
[2019.11.05-00.16.31:025][  0]LogConfig: Applying CVar settings from Section [ViewDistanceQuality@3] File [E:/BattleRoyale/Saved/Config/Windows/Scalability.ini]
[2019.11.05-00.16.31:025][  0]LogConfig: Setting CVar [[r.SkeletalMeshLODBias:0]]
[2019.11.05-00.16.31:025][  0]LogConfig: Setting CVar [[r.ViewDistanceScale:1.0]]
[2019.11.05-00.16.31:025][  0]LogConfig: Applying CVar settings from Section [AntiAliasingQuality@3] File [E:/BattleRoyale/Saved/Config/Windows/Scalability.ini]
[2019.11.05-00.16.31:025][  0]LogConfig: Setting CVar [[r.PostProcessAAQuality:4]]
[2019.11.05-00.16.31:025][  0]LogConfig: Applying CVar settings from Section [ShadowQuality@3] File [E:/BattleRoyale/Saved/Config/Windows/Scalability.ini]
[2019.11.05-00.16.31:025][  0]LogConfig: Setting CVar [[r.LightFunctionQuality:1]]
[2019.11.05-00.16.31:025][  0]LogConfig: Setting CVar [[r.ShadowQuality:5]]
[2019.11.05-00.16.31:025][  0]LogConfig: Setting CVar [[r.Shadow.CSM.MaxCascades:10]]
[2019.11.05-00.16.31:025][  0]LogConfig: Setting CVar [[r.Shadow.MaxResolution:2048]]
[2019.11.05-00.16.31:025][  0]LogConfig: Setting CVar [[r.Shadow.MaxCSMResolution:2048]]
[2019.11.05-00.16.31:025][  0]LogConfig: Setting CVar [[r.Shadow.RadiusThreshold:0.01]]
[2019.11.05-00.16.31:025][  0]LogConfig: Setting CVar [[r.Shadow.DistanceScale:1.0]]
[2019.11.05-00.16.31:025][  0]LogConfig: Setting CVar [[r.Shadow.CSM.TransitionScale:1.0]]
[2019.11.05-00.16.31:025][  0]LogConfig: Setting CVar [[r.Shadow.PreShadowResolutionFactor:1.0]]
[2019.11.05-00.16.31:025][  0]LogConfig: Setting CVar [[r.DistanceFieldShadowing:1]]
[2019.11.05-00.16.31:025][  0]LogConfig: Setting CVar [[r.DistanceFieldAO:1]]
[2019.11.05-00.16.31:025][  0]LogConfig: Setting CVar [[r.AOQuality:2]]
[2019.11.05-00.16.31:025][  0]LogConfig: Setting CVar [[r.VolumetricFog:1]]
[2019.11.05-00.16.31:025][  0]LogConfig: Setting CVar [[r.VolumetricFog.GridPixelSize:8]]
[2019.11.05-00.16.31:025][  0]LogConfig: Setting CVar [[r.VolumetricFog.GridSizeZ:128]]
[2019.11.05-00.16.31:025][  0]LogConfig: Setting CVar [[r.VolumetricFog.HistoryMissSupersampleCount:4]]
[2019.11.05-00.16.31:026][  0]LogConfig: Setting CVar [[r.LightMaxDrawDistanceScale:1]]
[2019.11.05-00.16.31:026][  0]LogConfig: Setting CVar [[r.CapsuleShadows:1]]
[2019.11.05-00.16.31:026][  0]LogConfig: Applying CVar settings from Section [PostProcessQuality@3] File [E:/BattleRoyale/Saved/Config/Windows/Scalability.ini]
[2019.11.05-00.16.31:026][  0]LogConfig: Setting CVar [[r.MotionBlurQuality:4]]
[2019.11.05-00.16.31:026][  0]LogConfig: Setting CVar [[r.AmbientOcclusionMipLevelFactor:0.4]]
[2019.11.05-00.16.31:026][  0]LogConfig: Setting CVar [[r.AmbientOcclusionMaxQuality:100]]
[2019.11.05-00.16.31:026][  0]LogConfig: Setting CVar [[r.AmbientOcclusionLevels:-1]]
[2019.11.05-00.16.31:026][  0]LogConfig: Setting CVar [[r.AmbientOcclusionRadiusScale:1.0]]
[2019.11.05-00.16.31:026][  0]LogConfig: Setting CVar [[r.DepthOfFieldQuality:2]]
[2019.11.05-00.16.31:026][  0]LogConfig: Setting CVar [[r.RenderTargetPoolMin:400]]
[2019.11.05-00.16.31:026][  0]LogConfig: Setting CVar [[r.LensFlareQuality:2]]
[2019.11.05-00.16.31:026][  0]LogConfig: Setting CVar [[r.SceneColorFringeQuality:1]]
[2019.11.05-00.16.31:026][  0]LogConfig: Setting CVar [[r.EyeAdaptationQuality:2]]
[2019.11.05-00.16.31:026][  0]LogConfig: Setting CVar [[r.BloomQuality:5]]
[2019.11.05-00.16.31:026][  0]LogConfig: Setting CVar [[r.FastBlurThreshold:100]]
[2019.11.05-00.16.31:026][  0]LogConfig: Setting CVar [[r.Upscale.Quality:3]]
[2019.11.05-00.16.31:026][  0]LogConfig: Setting CVar [[r.Tonemapper.GrainQuantization:1]]
[2019.11.05-00.16.31:026][  0]LogConfig: Setting CVar [[r.LightShaftQuality:1]]
[2019.11.05-00.16.31:026][  0]LogConfig: Setting CVar [[r.Filter.SizeScale:1]]
[2019.11.05-00.16.31:026][  0]LogConfig: Setting CVar [[r.Tonemapper.Quality:5]]
[2019.11.05-00.16.31:026][  0]LogConfig: Setting CVar [[r.DOF.Gather.AccumulatorQuality:1        ; higher gathering accumulator quality]]
[2019.11.05-00.16.31:026][  0]LogConfig: Setting CVar [[r.DOF.Gather.PostfilterMethod:1          ; Median3x3 postfilering method]]
[2019.11.05-00.16.31:026][  0]LogConfig: Setting CVar [[r.DOF.Gather.EnableBokehSettings:0       ; no bokeh simulation when gathering]]
[2019.11.05-00.16.31:026][  0]LogConfig: Setting CVar [[r.DOF.Gather.RingCount:4                 ; medium number of samples when gathering]]
[2019.11.05-00.16.31:026][  0]LogConfig: Setting CVar [[r.DOF.Scatter.ForegroundCompositing:1    ; additive foreground scattering]]
[2019.11.05-00.16.31:026][  0]LogConfig: Setting CVar [[r.DOF.Scatter.BackgroundCompositing:2    ; additive background scattering]]
[2019.11.05-00.16.31:026][  0]LogConfig: Setting CVar [[r.DOF.Scatter.EnableBokehSettings:1      ; bokeh simulation when scattering]]
[2019.11.05-00.16.31:026][  0]LogConfig: Setting CVar [[r.DOF.Scatter.MaxSpriteRatio:0.1         ; only a maximum of 10% of scattered bokeh]]
[2019.11.05-00.16.31:026][  0]LogConfig: Setting CVar [[r.DOF.Recombine.Quality:1                ; cheap slight out of focus]]
[2019.11.05-00.16.31:026][  0]LogConfig: Setting CVar [[r.DOF.Recombine.EnableBokehSettings:0    ; no bokeh simulation on slight out of focus]]
[2019.11.05-00.16.31:026][  0]LogConfig: Setting CVar [[r.DOF.TemporalAAQuality:1                ; more stable temporal accumulation]]
[2019.11.05-00.16.31:027][  0]LogConfig: Setting CVar [[r.DOF.Kernel.MaxForegroundRadius:0.025]]
[2019.11.05-00.16.31:027][  0]LogConfig: Setting CVar [[r.DOF.Kernel.MaxBackgroundRadius:0.025]]
[2019.11.05-00.16.31:027][  0]LogConfig: Applying CVar settings from Section [TextureQuality@3] File [E:/BattleRoyale/Saved/Config/Windows/Scalability.ini]
[2019.11.05-00.16.31:027][  0]LogConfig: Setting CVar [[r.Streaming.MipBias:0]]
[2019.11.05-00.16.31:027][  0]LogConfig: Setting CVar [[r.Streaming.AmortizeCPUToGPUCopy:0]]
[2019.11.05-00.16.31:027][  0]LogConfig: Setting CVar [[r.Streaming.MaxNumTexturesToStreamPerFrame:0]]
[2019.11.05-00.16.31:027][  0]LogConfig: Setting CVar [[r.Streaming.Boost:1]]
[2019.11.05-00.16.31:027][  0]LogConfig: Setting CVar [[r.MaxAnisotropy:8]]
[2019.11.05-00.16.31:027][  0]LogConfig: Setting CVar [[r.Streaming.LimitPoolSizeToVRAM:0]]
[2019.11.05-00.16.31:027][  0]LogConfig: Setting CVar [[r.Streaming.PoolSize:1000]]
[2019.11.05-00.16.31:027][  0]LogConfig: Setting CVar [[r.Streaming.MaxEffectiveScreenSize:0]]
[2019.11.05-00.16.31:027][  0]LogConfig: Applying CVar settings from Section [EffectsQuality@3] File [E:/BattleRoyale/Saved/Config/Windows/Scalability.ini]
[2019.11.05-00.16.31:027][  0]LogConfig: Setting CVar [[r.TranslucencyLightingVolumeDim:64]]
[2019.11.05-00.16.31:027][  0]LogConfig: Setting CVar [[r.RefractionQuality:2]]
[2019.11.05-00.16.31:027][  0]LogConfig: Setting CVar [[r.SSR.Quality:3]]
[2019.11.05-00.16.31:027][  0]LogConfig: Setting CVar [[r.SceneColorFormat:4]]
[2019.11.05-00.16.31:027][  0]LogConfig: Setting CVar [[r.DetailMode:2]]
[2019.11.05-00.16.31:027][  0]LogConfig: Setting CVar [[r.TranslucencyVolumeBlur:1]]
[2019.11.05-00.16.31:027][  0]LogConfig: Setting CVar [[r.MaterialQualityLevel:1 ; High quality]]
[2019.11.05-00.16.31:027][  0]LogConfig: Setting CVar [[r.SSS.Scale:1]]
[2019.11.05-00.16.31:027][  0]LogConfig: Setting CVar [[r.SSS.SampleSet:2]]
[2019.11.05-00.16.31:027][  0]LogConfig: Setting CVar [[r.SSS.Quality:1]]
[2019.11.05-00.16.31:027][  0]LogConfig: Setting CVar [[r.SSS.HalfRes:1]]
[2019.11.05-00.16.31:027][  0]LogConfig: Setting CVar [[r.EmitterSpawnRateScale:1.0]]
[2019.11.05-00.16.31:027][  0]LogConfig: Setting CVar [[r.ParticleLightQuality:2]]
[2019.11.05-00.16.31:027][  0]LogConfig: Applying CVar settings from Section [FoliageQuality@3] File [E:/BattleRoyale/Saved/Config/Windows/Scalability.ini]
[2019.11.05-00.16.31:027][  0]LogConfig: Setting CVar [[foliage.DensityScale:1.0]]
[2019.11.05-00.16.31:027][  0]LogConfig: Setting CVar [[grass.DensityScale:1.0]]
[2019.11.05-00.16.31:027][  0]LogConfig: Applying CVar settings from Section [Startup] File [../../../Engine/Config/ConsoleVariables.ini]
[2019.11.05-00.16.31:028][  0]LogConfig: Setting CVar [[net.UseAdaptiveNetUpdateFrequency:0]]
[2019.11.05-00.16.31:028][  0]LogConfig: Setting CVar [[p.chaos.AllowCreatePhysxBodies:1]]
[2019.11.05-00.16.31:028][  0]LogConfig: Applying CVar settings from Section [ConsoleVariables] File [E:/BattleRoyale/Saved/Config/Windows/Engine.ini]
[2019.11.05-00.16.31:028][  0]LogInit: Computer: DESKTOP-V651FJE
[2019.11.05-00.16.31:028][  0]LogInit: User: user
[2019.11.05-00.16.31:028][  0]LogInit: CPU Page size=4096, Cores=4
[2019.11.05-00.16.31:028][  0]LogInit: High frequency timer resolution =10.000000 MHz
[2019.11.05-00.16.31:028][  0]LogMemory: Memory total: Physical=16.0GB (16GB approx)
[2019.11.05-00.16.31:029][  0]LogMemory: Platform Memory Stats for Windows
[2019.11.05-00.16.31:029][  0]LogMemory: Process Physical Memory: 104.48 MB used, 104.49 MB peak
[2019.11.05-00.16.31:029][  0]LogMemory: Process Virtual Memory: 112.54 MB used, 112.54 MB peak
[2019.11.05-00.16.31:029][  0]LogMemory: Physical Memory: 6463.44 MB used,  9870.91 MB free, 16334.35 MB total
[2019.11.05-00.16.31:029][  0]LogMemory: Virtual Memory: 4666.70 MB used,  134213064.00 MB free, 134217728.00 MB total
[2019.11.05-00.16.31:033][  0]LogWindows: WindowsPlatformFeatures enabled
[2019.11.05-00.16.31:066][  0]LogInit: Using OS detected language (en-US).
[2019.11.05-00.16.31:066][  0]LogInit: Using OS detected locale (en-US).
[2019.11.05-00.16.31:068][  0]LogTextLocalizationManager: No specific localization for 'en-US' exists, so the 'en' localization will be used.
[2019.11.05-00.16.31:354][  0]LogInit: Setting process to per monitor DPI aware
[2019.11.05-00.16.31:407][  0]LogSlate: New Slate User Created.  User Index 0, Is Virtual User: 0
[2019.11.05-00.16.31:407][  0]LogSlate: Slate User Registered.  User Index 0, Is Virtual User: 0
[2019.11.05-00.16.31:661][  0]LogHMD: Failed to initialize OpenVR with code 110
[2019.11.05-00.16.31:661][  0]LogD3D11RHI: D3D11 adapters:
[2019.11.05-00.16.31:730][  0]LogD3D11RHI:    0. 'NVIDIA GeForce GTX 1050 Ti' (Feature Level 11_0)
[2019.11.05-00.16.31:730][  0]LogD3D11RHI:       4029/0/8167 MB DedicatedVideo/DedicatedSystem/SharedSystem, Outputs:2, VendorId:0x10de
[2019.11.05-00.16.31:734][  0]LogD3D11RHI:    1. 'Microsoft Basic Render Driver' (Feature Level 11_0)
[2019.11.05-00.16.31:734][  0]LogD3D11RHI:       0/0/8167 MB DedicatedVideo/DedicatedSystem/SharedSystem, Outputs:0, VendorId:0x1414
[2019.11.05-00.16.31:734][  0]LogD3D11RHI: Chosen D3D11 Adapter: 0
[2019.11.05-00.16.31:744][  0]LogD3D11RHI: Creating new Direct3DDevice
[2019.11.05-00.16.31:744][  0]LogD3D11RHI:     GPU DeviceId: 0x1c82 (for the marketing name, search the web for "GPU Device Id")
[2019.11.05-00.16.31:744][  0]LogWindows: EnumDisplayDevices:
[2019.11.05-00.16.31:744][  0]LogWindows:    0. 'NVIDIA GeForce GTX 1050 Ti' (P:1 D:1)
[2019.11.05-00.16.31:745][  0]LogWindows:    1. 'NVIDIA GeForce GTX 1050 Ti' (P:0 D:1)
[2019.11.05-00.16.31:745][  0]LogWindows:    2. 'NVIDIA GeForce GTX 1050 Ti' (P:0 D:0)
[2019.11.05-00.16.31:746][  0]LogWindows:    3. 'NVIDIA GeForce GTX 1050 Ti' (P:0 D:0)
[2019.11.05-00.16.31:746][  0]LogWindows: DebugString: FoundDriverCount:4 
[2019.11.05-00.16.31:746][  0]LogD3D11RHI:     Adapter Name: NVIDIA GeForce GTX 1050 Ti
[2019.11.05-00.16.31:746][  0]LogD3D11RHI:   Driver Version: 388.13 (internal:23.21.13.8813, unified:388.13)
[2019.11.05-00.16.31:746][  0]LogD3D11RHI:      Driver Date: 10-27-2017
[2019.11.05-00.16.31:746][  0]LogRHI: Texture pool is 2820 MB (70% of 4029 MB)
[2019.11.05-00.16.31:792][  0]LogD3D11RHI: Async texture creation enabled
[2019.11.05-00.16.31:804][  0]LogD3D11RHI: GPU Timing Frequency: 1000.000000 (Debug: 2 1)
[2019.11.05-00.16.32:221][  0]LogTemp: Display: Module 'AllDesktopTargetPlatform' loaded TargetPlatform 'AllDesktop'
[2019.11.05-00.16.32:235][  0]LogTemp: Display: Module 'MacClientTargetPlatform' loaded TargetPlatform 'MacClient'
[2019.11.05-00.16.32:247][  0]LogTemp: Display: Module 'MacNoEditorTargetPlatform' loaded TargetPlatform 'MacNoEditor'
[2019.11.05-00.16.32:259][  0]LogTemp: Display: Module 'MacServerTargetPlatform' loaded TargetPlatform 'MacServer'
[2019.11.05-00.16.32:271][  0]LogTemp: Display: Module 'MacTargetPlatform' loaded TargetPlatform 'Mac'
[2019.11.05-00.16.32:283][  0]LogTemp: Display: Module 'WindowsClientTargetPlatform' loaded TargetPlatform 'WindowsClient'
[2019.11.05-00.16.32:295][  0]LogTemp: Display: Module 'WindowsNoEditorTargetPlatform' loaded TargetPlatform 'WindowsNoEditor'
[2019.11.05-00.16.32:308][  0]LogTemp: Display: Module 'WindowsServerTargetPlatform' loaded TargetPlatform 'WindowsServer'
[2019.11.05-00.16.32:314][  0]LogTemp: Display: Module 'WindowsTargetPlatform' loaded TargetPlatform 'Windows'
[2019.11.05-00.16.32:354][  0]LogTemp: Display: Module 'AndroidTargetPlatform' loaded TargetPlatform 'Android'
[2019.11.05-00.16.32:354][  0]LogTemp: Display: Module 'AndroidTargetPlatform' loaded TargetPlatform 'Android_ASTC'
[2019.11.05-00.16.32:354][  0]LogTemp: Display: Module 'AndroidTargetPlatform' loaded TargetPlatform 'Android_ATC'
[2019.11.05-00.16.32:354][  0]LogTemp: Display: Module 'AndroidTargetPlatform' loaded TargetPlatform 'Android_DXT'
[2019.11.05-00.16.32:354][  0]LogTemp: Display: Module 'AndroidTargetPlatform' loaded TargetPlatform 'Android_ETC1'
[2019.11.05-00.16.32:354][  0]LogTemp: Display: Module 'AndroidTargetPlatform' loaded TargetPlatform 'Android_ETC1a'
[2019.11.05-00.16.32:354][  0]LogTemp: Display: Module 'AndroidTargetPlatform' loaded TargetPlatform 'Android_ETC2'
[2019.11.05-00.16.32:354][  0]LogTemp: Display: Module 'AndroidTargetPlatform' loaded TargetPlatform 'Android_PVRTC'
[2019.11.05-00.16.32:354][  0]LogTemp: Display: Module 'AndroidTargetPlatform' loaded TargetPlatform 'AndroidClient'
[2019.11.05-00.16.32:354][  0]LogTemp: Display: Module 'AndroidTargetPlatform' loaded TargetPlatform 'Android_ASTCClient'
[2019.11.05-00.16.32:354][  0]LogTemp: Display: Module 'AndroidTargetPlatform' loaded TargetPlatform 'Android_ATCClient'
[2019.11.05-00.16.32:354][  0]LogTemp: Display: Module 'AndroidTargetPlatform' loaded TargetPlatform 'Android_DXTClient'
[2019.11.05-00.16.32:354][  0]LogTemp: Display: Module 'AndroidTargetPlatform' loaded TargetPlatform 'Android_ETC1Client'
[2019.11.05-00.16.32:354][  0]LogTemp: Display: Module 'AndroidTargetPlatform' loaded TargetPlatform 'Android_ETC1aClient'
[2019.11.05-00.16.32:354][  0]LogTemp: Display: Module 'AndroidTargetPlatform' loaded TargetPlatform 'Android_ETC2Client'
[2019.11.05-00.16.32:354][  0]LogTemp: Display: Module 'AndroidTargetPlatform' loaded TargetPlatform 'Android_PVRTCClient'
[2019.11.05-00.16.32:354][  0]LogTemp: Display: Module 'AndroidTargetPlatform' loaded TargetPlatform 'Android_Multi'
[2019.11.05-00.16.32:354][  0]LogTemp: Display: Module 'AndroidTargetPlatform' loaded TargetPlatform 'Android_MultiClient'
[2019.11.05-00.16.32:357][  0]LogTemp: Display: Module 'HTML5TargetPlatform' loaded TargetPlatform 'HTML5'
[2019.11.05-00.16.32:384][  0]LogTemp: Display: Module 'IOSTargetPlatform' loaded TargetPlatform 'IOSClient'
[2019.11.05-00.16.32:384][  0]LogTemp: Display: Module 'IOSTargetPlatform' loaded TargetPlatform 'IOS'
[2019.11.05-00.16.32:405][  0]LogTemp: Display: Module 'TVOSTargetPlatform' loaded TargetPlatform 'TVOSClient'
[2019.11.05-00.16.32:405][  0]LogTemp: Display: Module 'TVOSTargetPlatform' loaded TargetPlatform 'TVOS'
[2019.11.05-00.16.32:414][  0]LogTemp: Display: Module 'LinuxClientTargetPlatform' loaded TargetPlatform 'LinuxClient'
[2019.11.05-00.16.32:424][  0]LogTemp: Display: Module 'LinuxNoEditorTargetPlatform' loaded TargetPlatform 'LinuxNoEditor'
[2019.11.05-00.16.32:434][  0]LogTemp: Display: Module 'LinuxServerTargetPlatform' loaded TargetPlatform 'LinuxServer'
[2019.11.05-00.16.32:445][  0]LogTemp: Display: Module 'LinuxTargetPlatform' loaded TargetPlatform 'Linux'
[2019.11.05-00.16.32:478][  0]LogTemp: Display: Module 'LuminTargetPlatform' loaded TargetPlatform 'Lumin'
[2019.11.05-00.16.32:478][  0]LogTemp: Display: Module 'LuminTargetPlatform' loaded TargetPlatform 'LuminClient'
[2019.11.05-00.16.32:478][  0]LogTargetPlatformManager: Display: Building Assets For Windows
[2019.11.05-00.16.32:491][  0]LogAudioDebug: Display: Lib vorbis DLL was dynamically loaded.
[2019.11.05-00.16.32:557][  0]LogShaderCompilers: Guid format shader working directory is 20 characters bigger than the processId version (../../../../BattleRoyale/Intermediate/Shaders/WorkingDirectory/14904/).
[2019.11.05-00.16.32:558][  0]LogShaderCompilers: Cleaned the shader compiler working directory 'C:/Users/user/AppData/Local/Temp/UnrealShaderWorkingDir/A48AC02547B1BA8DBD3720AF33F3DA3F/'.
[2019.11.05-00.16.32:562][  0]LogXGEController: Cannot use XGE Controller as Incredibuild is not installed on this machine.
[2019.11.05-00.16.32:562][  0]LogShaderCompilers: Cannot use XGE Shader Compiler as Incredibuild is not installed on this machine.
[2019.11.05-00.16.32:562][  0]LogShaderCompilers: Display: Using Local Shader Compiler.
[2019.11.05-00.16.33:422][  0]LogDerivedDataCache: Display: Max Cache Size: 512 MB
[2019.11.05-00.16.33:484][  0]LogDerivedDataCache: Loaded boot cache 0.06s 73MB C:/Users/user/AppData/Local/UnrealEngine/4.23/DerivedDataCache/Boot.ddc.
[2019.11.05-00.16.33:485][  0]LogDerivedDataCache: Display: Loaded Boot cache: C:/Users/user/AppData/Local/UnrealEngine/4.23/DerivedDataCache/Boot.ddc
[2019.11.05-00.16.33:485][  0]LogDerivedDataCache: FDerivedDataBackendGraph:  Pak pak cache file ../../../../BattleRoyale/DerivedDataCache/DDC.ddp not found, will not use a pak cache.
[2019.11.05-00.16.33:485][  0]LogDerivedDataCache: Unable to find inner node Pak for hierarchical cache Hierarchy.
[2019.11.05-00.16.33:485][  0]LogDerivedDataCache: FDerivedDataBackendGraph:  CompressedPak pak cache file ../../../../BattleRoyale/DerivedDataCache/Compressed.ddp not found, will not use a pak cache.
[2019.11.05-00.16.33:485][  0]LogDerivedDataCache: Unable to find inner node CompressedPak for hierarchical cache Hierarchy.
[2019.11.05-00.16.33:502][  0]LogDerivedDataCache: Display: Pak cache opened for reading ../../../Engine/DerivedDataCache/Compressed.ddp.
[2019.11.05-00.16.33:502][  0]LogDerivedDataCache: FDerivedDataBackendGraph:  EnterprisePak pak cache file ../../../Enterprise/DerivedDataCache/Compressed.ddp not found, will not use a pak cache.
[2019.11.05-00.16.33:502][  0]LogDerivedDataCache: Unable to find inner node EnterprisePak for hierarchical cache Hierarchy.
[2019.11.05-00.16.33:504][  0]LogDerivedDataCache: Using Local data cache path C:/Users/user/AppData/Local/UnrealEngine/Common/DerivedDataCache: Writable
[2019.11.05-00.16.33:504][  0]LogDerivedDataCache: Shared data cache path not found in *engine.ini, will not use an Shared cache.
[2019.11.05-00.16.33:504][  0]LogDerivedDataCache: Unable to find inner node Shared for hierarchical cache Hierarchy.
[2019.11.05-00.16.33:541][  0]LogMaterial: Verifying Global Shaders for PCD3D_SM5
[2019.11.05-00.16.33:546][  0]LogSlate: Using FreeType 2.6.0
[2019.11.05-00.16.33:547][  0]LogSlate: SlateFontServices - WITH_FREETYPE: 1, WITH_HARFBUZZ: 1
[2019.11.05-00.16.33:636][  0]LogAssetRegistry: FAssetRegistry took 0.0032 seconds to start up
[2019.11.05-00.16.34:089][  0]LogInit: Selected Device Profile: [Windows]
[2019.11.05-00.16.34:301][  0]LogMeshReduction: Using QuadricMeshReduction for automatic static mesh reduction
[2019.11.05-00.16.34:301][  0]LogMeshReduction: Using SimplygonMeshReduction for automatic skeletal mesh reduction
[2019.11.05-00.16.34:302][  0]LogMeshReduction: Using ProxyLODMeshReduction for automatic mesh merging
[2019.11.05-00.16.34:302][  0]LogMeshReduction: No distributed automatic mesh merging module available
[2019.11.05-00.16.34:302][  0]LogMeshMerging: No distributed automatic mesh merging module available
[2019.11.05-00.16.34:316][  0]LogNetVersion: BattleRoyale 1.0.0, NetCL: 8386587, EngineNetVer: 11, GameNetVer: 0 (Checksum: 2593073077)
[2019.11.05-00.16.34:926][  0]LogPackageLocalizationCache: Processed 12 localized package path(s) for 1 prioritized culture(s) in 0.081662 seconds
[2019.11.05-00.16.34:942][  0]LogUObjectArray: 43444 objects as part of root set at end of initial load.
[2019.11.05-00.16.34:942][  0]LogUObjectAllocator: 7548648 out of 0 bytes used by permanent object pool.
[2019.11.05-00.16.34:942][  0]LogUObjectArray: CloseDisregardForGC: 0/0 objects in disregard for GC pool
[2019.11.05-00.16.36:316][  0]LogTcpMessaging: Initializing TcpMessaging bridge
[2019.11.05-00.16.36:322][  0]LogUdpMessaging: Initializing bridge on interface 0.0.0.0:0 to multicast group 230.0.0.1:6666.
[2019.11.05-00.16.36:418][  0]SourceControl: Source control is disabled
[2019.11.05-00.16.36:418][  0]SourceControl: Source control is disabled
[2019.11.05-00.16.36:421][  0]SourceControl: Source control is disabled
[2019.11.05-00.16.36:423][  0]SourceControl: Source control is disabled
[2019.11.05-00.16.36:575][  0]LogAndroidPermission: UAndroidPermissionCallbackProxy::GetInstance
[2019.11.05-00.16.36:786][  0]LogOcInput: OculusInput pre-init called
[2019.11.05-00.16.36:797][  0]LogWindows: Failed to load 'OVRPlugin.dll' (GetLastError=126)
[2019.11.05-00.16.36:798][  0]LogWindows: File 'OVRPlugin.dll' does not exist
[2019.11.05-00.16.36:905][  0]LogEngine: Initializing Engine...
[2019.11.05-00.16.36:907][  0]LogHMD: Failed to initialize OpenVR with code 110
[2019.11.05-00.16.36:909][  0]LogStats: UGameplayTagsManager::InitializeManager -  0.000 s
[2019.11.05-00.16.37:245][  0]LogInit: Initializing FReadOnlyCVARCache
[2019.11.05-00.16.37:271][  0]LogAIModule: Creating AISystem for world Untitled
[2019.11.05-00.16.37:299][  0]LogInit: XAudio2 using 'Speakers (Realtek High Definition Audio)' : 2 channels at 48 kHz using 32 bits per sample (channel mask 0x3)
[2019.11.05-00.16.37:340][  0]LogInit: FAudioDevice initialized.
[2019.11.05-00.16.37:341][  0]LogNetVersion: Set ProjectVersion to 1.0.0.0. Version Checksum will be recalculated on next use.
[2019.11.05-00.16.37:574][  0]LogDerivedDataCache: Saved boot cache 0.23s 73MB C:/Users/user/AppData/Local/UnrealEngine/4.23/DerivedDataCache/Boot.ddc.
[2019.11.05-00.16.37:578][  0]LogInit: Texture streaming: Enabled
[2019.11.05-00.16.37:806][  0]LogEngineSessionManager: EngineSessionManager initialized
[2019.11.05-00.16.37:806][  0]LogEngineSessionManager: EngineSessionManager sent abnormal shutdown report. Type=Crashed, SessionId={5E18C8A8-4D93-E36A-32A9-B48B656BA340}
[2019.11.05-00.16.37:806][  0]LogEditorSessionSummary: Verbose: Initializing EditorSessionSummaryWriter for editor session tracking
[2019.11.05-00.16.37:809][  0]LogEditorSessionSummary: EditorSessionSummaryWriter initialized
[2019.11.05-00.16.37:880][  0]LogInit: Transaction tracking system initialized
[2019.11.05-00.16.37:928][  0]BlueprintLog: New page: Editor Load
[2019.11.05-00.16.38:061][  0]LocalizationService: Localization service is disabled
[2019.11.05-00.16.38:638][  0]LogLinker: Warning: Failed to load '/Game/Interaction/Turorial_IKForInteraction': Can't find file.
[2019.11.05-00.16.38:639][  0]LogLinker: Warning: Failed to load '/Game/Interaction/Turorial_IKForInteraction': Can't find file.
[2019.11.05-00.16.38:639][  0]LogUObjectGlobals: Warning: Failed to find object 'Class /Game/Interaction/Turorial_IKForInteraction.Turorial_IKForInteraction_C'
[2019.11.05-00.16.38:939][  0]LogCook: Display: Max memory allowance for cook 16384mb min free memory 0mb
[2019.11.05-00.16.38:939][  0]LogCook: Display: Mobile HDR setting 1
[2019.11.05-00.16.39:061][  0]LogFileCache: Scanning file cache for directory 'E:/BattleRoyale/Content/' took 0.04s
[2019.11.05-00.16.39:276][  0]SourceControl: Source control is disabled
[2019.11.05-00.16.39:276][  0]Cmd: MAP LOAD FILE="../../../../BattleRoyale/Content/FirstPersonBP/Maps/FirstPersonExampleMap.umap" TEMPLATE=0 SHOWPROGRESS=1 FEATURELEVEL=3
[2019.11.05-00.16.39:276][  0]LogEditorServer: Warning: Can't find file '../../../../BattleRoyale/Content/FirstPersonBP/Maps/FirstPersonExampleMap.umap'
[2019.11.05-00.16.39:277][  0]Cmd: MAP CHECKDEP NOCLEARLOG
[2019.11.05-00.16.39:277][  0]MapCheck: Map check complete: 0 Error(s), 0 Warning(s), took 0.176ms to complete.
[2019.11.05-00.16.39:277][  0]LogFileHelpers: Loading map 'FirstPersonExampleMap' took 0.001
[2019.11.05-00.16.39:406][  0]LogSlate: Updating window title bar state: overlay mode, drag disabled, window buttons hidden, title bar hidden
[2019.11.05-00.16.39:416][  0]LogSlate: Updating window title bar state: overlay mode, drag disabled, window buttons hidden, title bar hidden
[2019.11.05-00.16.39:424][  0]LogSlate: Updating window title bar state: overlay mode, drag disabled, window buttons hidden, title bar hidden
[2019.11.05-00.16.39:433][  0]LogSlate: Updating window title bar state: overlay mode, drag disabled, window buttons hidden, title bar hidden
[2019.11.05-00.16.39:442][  0]LogCollectionManager: Loaded 0 collections in 0.002707 seconds
[2019.11.05-00.16.39:449][  0]LogFileCache: Scanning file cache for directory 'E:/BattleRoyale/Saved/Collections/' took 0.00s
[2019.11.05-00.16.39:449][  0]LogFileCache: Scanning file cache for directory 'E:/BattleRoyale/Content/Developers/user/Collections/' took 0.00s
[2019.11.05-00.16.39:449][  0]LogFileCache: Scanning file cache for directory 'E:/BattleRoyale/Content/Collections/' took 0.00s
[2019.11.05-00.16.39:449][  0]LogCollectionManager: Rebuilt the GUID cache for 0 collections in 0.000004 seconds
[2019.11.05-00.16.39:460][  0]LogContentBrowser: Native class hierarchy populated in 0.0111 seconds. Added 2863 classes and 680 folders.
[2019.11.05-00.16.39:470][  0]LogContentBrowser: Native class hierarchy updated for 'WidgetCarousel' in 0.0003 seconds. Added 0 classes and 0 folders.
[2019.11.05-00.16.39:545][  0]LogContentBrowser: Native class hierarchy updated for 'AddContentDialog' in 0.0003 seconds. Added 0 classes and 0 folders.
[2019.11.05-00.16.39:554][  0]LogContentBrowser: Native class hierarchy updated for 'SceneOutliner' in 0.0004 seconds. Added 1 classes and 2 folders.
[2019.11.05-00.16.39:591][  0]LogSlate: Took 0.000252 seconds to synchronously load lazily loaded font '../../../Engine/Content/Slate/Fonts/Roboto-Regular.ttf' (155K)
[2019.11.05-00.16.39:594][  0]LogSlate: Took 0.000271 seconds to synchronously load lazily loaded font '../../../Engine/Content/Slate/Fonts/Roboto-Bold.ttf' (160K)
[2019.11.05-00.16.39:600][  0]LogSlate: Took 0.000266 seconds to synchronously load lazily loaded font '../../../Engine/Content/Editor/Slate/Fonts/FontAwesome.ttf' (139K)
[2019.11.05-00.16.39:673][  0]LogRenderer: Reallocating scene render targets to support 1000x420 Format 10 NumSamples 1 (Frame:1).
[2019.11.05-00.16.39:758][  0]LogContentBrowser: Native class hierarchy updated for 'HierarchicalLODOutliner' in 0.0003 seconds. Added 0 classes and 0 folders.
[2019.11.05-00.16.39:758][  0]LogLoad: (Engine Initialization) Total time: 11.06 seconds
[2019.11.05-00.16.39:758][  0]LogLoad: (Engine Initialization) Total Blueprint compile time: 0.00 seconds
[2019.11.05-00.16.39:816][  0]LogContentStreaming: Texture pool size now 1000 MB
[2019.11.05-00.16.39:870][  0]LogSlate: Took 0.000263 seconds to synchronously load lazily loaded font '../../../Engine/Content/Slate/Fonts/Roboto-Light.ttf' (167K)
[2019.11.05-00.16.39:921][  1]LogAssetRegistry: Asset discovery search completed in 6.2858 seconds
[2019.11.05-00.16.39:926][  1]LogCollectionManager: Rebuilt the object cache for 0 collections in 0.000005 seconds (found 0 objects)
[2019.11.05-00.16.39:926][  1]LogCollectionManager: Fixed up redirectors for 0 collections in 0.000118 seconds (updated 0 objects)
[2019.11.05-00.16.40:785][ 96]LogSlate: Took 0.000258 seconds to synchronously load lazily loaded font '../../../Engine/Content/Slate/Fonts/Roboto-Light.ttf' (167K)
[2019.11.05-00.16.42:798][321]LogSlate: FSceneViewport::OnFocusLost() reason 0
[2019.11.05-00.16.50:017][152]LogAssetEditorManager: Opening Asset editor for AnimBlueprint /Game/Blueprints/Pawn/Character_AnimBP.Character_AnimBP
[2019.11.05-00.16.50:114][152]LogContentBrowser: Native class hierarchy updated for 'SkeletonEditor' in 0.0003 seconds. Added 1 classes and 2 folders.
[2019.11.05-00.16.50:396][152]LogActorComponent: RegisterComponentWithWorld: (/Engine/Transient.World_1:PersistentLevel.AnimationEditorPreviewActor_0.DebugSkelMeshComponent_0) Already registered. Aborting.
[2019.11.05-00.16.50:401][152]LogContentBrowser: Native class hierarchy updated for 'PinnedCommandList' in 0.0003 seconds. Added 1 classes and 0 folders.
[2019.11.05-00.16.50:708][152]LogContentBrowser: Native class hierarchy updated for 'BlueprintGraph' in 0.0007 seconds. Added 121 classes and 0 folders.
[2019.11.05-00.16.51:754][152]LogSkeletalMesh: USkeletalMeshComponent::InitArticulated : Bodies already created (/Engine/Transient.World_1:PersistentLevel.AnimationEditorPreviewActor_0.DebugSkelMeshComponent_0) - call TermArticulated first.
[2019.11.05-00.16.52:156][152]LogSlate: Took 0.000314 seconds to synchronously load lazily loaded font '../../../Engine/Content/Slate/Fonts/Roboto-BoldCondensed.ttf' (158K)
[2019.11.05-00.16.52:326][153]LogSlate: Took 0.000350 seconds to synchronously load lazily loaded font '../../../Engine/Content/Slate/Fonts/Roboto-Italic.ttf' (157K)
[2019.11.05-00.16.53:947][227]Cmd: OBJ SAVEPACKAGE PACKAGE="/Game/Blueprints/Pawn/Character_AnimBP" FILE="../../../../BattleRoyale/Content/Blueprints/Pawn/Character_AnimBP.uasset" SILENT=true
[2019.11.05-00.16.54:117][227]LogSavePackage: Moving '../../../../BattleRoyale/Saved/Character_AnimBP62D5F3DD49743CEEA33CB18591866859.tmp' to '../../../../BattleRoyale/Content/Blueprints/Pawn/Character_AnimBP.uasset'
[2019.11.05-00.17.00:226][552]LogContentBrowser: Verbose: The majority of assets in the view are of type: AnimSequence
[2019.11.05-00.17.04:022][734]LogBlueprint: Error: [Compiler BP_Weapon] In use pin  Damage Update(Pic)  no longer exists on node  BulletHit . Please refresh node or break links to remove pin.
[2019.11.05-00.17.04:034][734]LogBlueprint: Error: [Compiler BP_Weapon] BulletHit  Signature Error: Unable to find the selected function/event: 'BulletHit' - has it been deleted?
[2019.11.05-00.17.04:303][734]LogAssetEditorManager: Opening Asset editor for Blueprint /Game/Blueprints/Pawn/CharacterPawn.CharacterPawn
[2019.11.05-00.17.11:833][237]LogRenderer: Reallocating scene render targets to support 1144x712 Format 10 NumSamples 1 (Frame:1).
[2019.11.05-00.17.16:053][537]LogSlate: FSceneViewport::OnFocusLost() reason 0
[2019.11.05-00.17.37:747][760]LogAssetEditorManager: Opening Asset editor for Blueprint /Game/Blueprints/Pawn/AnimBP_Interface.AnimBP_Interface
[2019.11.05-00.17.49:524][ 45]LogSlate: Took 0.000443 seconds to synchronously load lazily loaded font '../../../Engine/Content/Slate/Fonts/Roboto-BoldCondensedItalic.ttf' (160K)
[2019.11.05-00.19.52:375][957]Cmd: OBJ SAVEPACKAGE PACKAGE="/Game/Blueprints/Pawn/AnimBP_Interface" FILE="../../../../BattleRoyale/Content/Blueprints/Pawn/AnimBP_Interface.uasset" SILENT=true
[2019.11.05-00.19.52:397][957]LogSavePackage: Moving '../../../../BattleRoyale/Saved/AnimBP_Interface906B3AE44955D96D36768083A1041D4B.tmp' to '../../../../BattleRoyale/Content/Blueprints/Pawn/AnimBP_Interface.uasset'
[2019.11.05-00.19.52:910][ 11]BlueprintLog: New page: Compile AnimBP_Interface
[2019.11.05-00.19.52:973][ 11]LogUObjectHash: Compacting FUObjectHashTables data took   5.22ms
[2019.11.05-00.19.53:467][ 61]Cmd: OBJ SAVEPACKAGE PACKAGE="/Game/Blueprints/Pawn/AnimBP_Interface" FILE="../../../../BattleRoyale/Content/Blueprints/Pawn/AnimBP_Interface.uasset" SILENT=true
[2019.11.05-00.19.53:483][ 61]LogSavePackage: Moving '../../../../BattleRoyale/Saved/AnimBP_Interface3FC449274561A902CFA19F91514D4932.tmp' to '../../../../BattleRoyale/Content/Blueprints/Pawn/AnimBP_Interface.uasset'
[2019.11.05-00.20.12:370][894]BlueprintLog: New page: Compile AnimBP_Interface
[2019.11.05-00.20.12:423][894]LogUObjectHash: Compacting FUObjectHashTables data took   4.17ms
[2019.11.05-00.20.12:854][939]Cmd: OBJ SAVEPACKAGE PACKAGE="/Game/Blueprints/Pawn/AnimBP_Interface" FILE="../../../../BattleRoyale/Content/Blueprints/Pawn/AnimBP_Interface.uasset" SILENT=true
[2019.11.05-00.20.12:871][939]LogSavePackage: Moving '../../../../BattleRoyale/Saved/AnimBP_InterfaceCDBD2A3F49E1F3446887B791E5E15FB6.tmp' to '../../../../BattleRoyale/Content/Blueprints/Pawn/AnimBP_Interface.uasset'
[2019.11.05-00.20.21:463][944]BlueprintLog: New page: Compile AnimBP_Interface
[2019.11.05-00.20.21:510][944]LogUObjectHash: Compacting FUObjectHashTables data took   4.99ms
[2019.11.05-00.20.22:143][ 15]Cmd: OBJ SAVEPACKAGE PACKAGE="/Game/Blueprints/Pawn/AnimBP_Interface" FILE="../../../../BattleRoyale/Content/Blueprints/Pawn/AnimBP_Interface.uasset" SILENT=true
[2019.11.05-00.20.22:159][ 15]LogSavePackage: Moving '../../../../BattleRoyale/Saved/AnimBP_InterfaceE13473FA484977FEA71D8BBBB8101749.tmp' to '../../../../BattleRoyale/Content/Blueprints/Pawn/AnimBP_Interface.uasset'
[2019.11.05-00.20.35:814][630]Cmd: OBJ SAVEPACKAGE PACKAGE="/Game/Blueprints/Pawn/AnimBP_Interface" FILE="../../../../BattleRoyale/Content/Blueprints/Pawn/AnimBP_Interface.uasset" SILENT=true
[2019.11.05-00.20.35:831][630]LogSavePackage: Moving '../../../../BattleRoyale/Saved/AnimBP_Interface6A92D4D641C554595A5167BE62FD22FE.tmp' to '../../../../BattleRoyale/Content/Blueprints/Pawn/AnimBP_Interface.uasset'
[2019.11.05-00.20.37:082][770]LogWorld: UWorld::CleanupWorld for World_10, bSessionEnded=true, bCleanupResources=true
[2019.11.05-00.20.41:348][ 61]LogUObjectHash: Compacting FUObjectHashTables data took   4.22ms
[2019.11.05-00.20.45:658][345]LogSlate: Prevented a slow task dialog from being summoned while a context menu was open
[2019.11.05-00.20.55:450][859]LogUObjectHash: Compacting FUObjectHashTables data took   4.22ms
[2019.11.05-00.20.56:688][859]LogSlate: Window 'Save Content' being destroyed
[2019.11.05-00.20.56:721][859]Cmd: OBJ SAVEPACKAGE PACKAGE="/Game/Blueprints/Pawn/Character_AnimBP" FILE="../../../../BattleRoyale/Content/Blueprints/Pawn/Character_AnimBP.uasset" SILENT=true
[2019.11.05-00.20.56:877][859]LogSavePackage: Moving '../../../../BattleRoyale/Saved/Character_AnimBP6E5FB8AE480187A6540D9FAB981F9B26.tmp' to '../../../../BattleRoyale/Content/Blueprints/Pawn/Character_AnimBP.uasset'
[2019.11.05-00.21.00:295][ 71]Cmd: OBJ SAVEPACKAGE PACKAGE="/Game/Blueprints/Pawn/Character_AnimBP" FILE="../../../../BattleRoyale/Content/Blueprints/Pawn/Character_AnimBP.uasset" SILENT=true
[2019.11.05-00.21.00:441][ 71]LogSavePackage: Moving '../../../../BattleRoyale/Saved/Character_AnimBP3954061B4ECC4F01ECCA8BBBEF218144.tmp' to '../../../../BattleRoyale/Content/Blueprints/Pawn/Character_AnimBP.uasset'
[2019.11.05-00.21.02:780][207]BlueprintLog: New page: Compile Character_AnimBP
[2019.11.05-00.21.02:809][207]LogBlueprint: Error: [Compiler Character_AnimBP] Found more than one function with the same name Weapon_Reload; second occurance at  <None>
[2019.11.05-00.21.04:031][207]LogWindows: Error: === Critical error: ===
[2019.11.05-00.21.04:031][207]LogWindows: Error: 
[2019.11.05-00.21.04:031][207]LogWindows: Error: Fatal error!
[2019.11.05-00.21.04:031][207]LogWindows: Error: 
[2019.11.05-00.21.04:031][207]LogWindows: Error: Unhandled Exception: EXCEPTION_ACCESS_VIOLATION reading address 0x00000018
[2019.11.05-00.21.04:031][207]LogWindows: Error: 
[2019.11.05-00.21.04:031][207]LogWindows: Error: [Callstack] 0x00007fffe72e083e UE4Editor-KismetCompiler.dll!UnknownFunction []
[2019.11.05-00.21.04:031][207]LogWindows: Error: [Callstack] 0x00007fffe733a425 UE4Editor-KismetCompiler.dll!UnknownFunction []
[2019.11.05-00.21.04:031][207]LogWindows: Error: [Callstack] 0x00007fffe730849c UE4Editor-KismetCompiler.dll!UnknownFunction []
[2019.11.05-00.21.04:031][207]LogWindows: Error: [Callstack] 0x00007fffec351bfc UE4Editor-Kismet.dll!UnknownFunction []
[2019.11.05-00.21.04:031][207]LogWindows: Error: [Callstack] 0x00007fffec303977 UE4Editor-Kismet.dll!UnknownFunction []
[2019.11.05-00.21.04:031][207]LogWindows: Error: [Callstack] 0x00007fffee1960e8 UE4Editor-UnrealEd.dll!UnknownFunction []
[2019.11.05-00.21.04:031][207]LogWindows: Error: [Callstack] 0x00007fffec3fa781 UE4Editor-Kismet.dll!UnknownFunction []
[2019.11.05-00.21.04:031][207]LogWindows: Error: [Callstack] 0x00007fffd78d85f6 UE4Editor-AnimationBlueprintEditor.dll!UnknownFunction []
[2019.11.05-00.21.04:031][207]LogWindows: Error: [Callstack] 0x00007fffec415d78 UE4Editor-Kismet.dll!UnknownFunction []
[2019.11.05-00.21.04:031][207]LogWindows: Error: [Callstack] 0x00007fffef4d7fda UE4Editor-Slate.dll!UnknownFunction []
[2019.11.05-00.21.04:031][207]LogWindows: Error: [Callstack] 0x00007fffef5ba262 UE4Editor-Slate.dll!UnknownFunction []
[2019.11.05-00.21.04:031][207]LogWindows: Error: [Callstack] 0x00007fffef59ccf4 UE4Editor-Slate.dll!UnknownFunction []
[2019.11.05-00.21.04:031][207]LogWindows: Error: [Callstack] 0x00007fffef6358b8 UE4Editor-Slate.dll!UnknownFunction []
[2019.11.05-00.21.04:031][207]LogWindows: Error: [Callstack] 0x00007fffef6514b1 UE4Editor-Slate.dll!UnknownFunction []
[2019.11.05-00.21.04:031][207]LogWindows: Error: [Callstack] 0x00007fffef495231 UE4Editor-Slate.dll!UnknownFunction []
[2019.11.05-00.21.04:031][207]LogWindows: Error: [Callstack] 0x00007fffef51b4f1 UE4Editor-Slate.dll!UnknownFunction []
[2019.11.05-00.21.04:031][207]LogWindows: Error: [Callstack] 0x00007fffef5052e8 UE4Editor-Slate.dll!UnknownFunction []
[2019.11.05-00.21.04:031][207]LogWindows: Error: [Callstack] 0x00007fffef4f9c91 UE4Editor-Slate.dll!UnknownFunction []
[2019.11.05-00.21.04:031][207]LogWindows: Error: [Callstack] 0x00007ff817764e02 UE4Editor-ApplicationCore.dll!UnknownFunction []
[2019.11.05-00.21.04:031][207]LogWindows: Error: [Callstack] 0x00007ff8177526df UE4Editor-ApplicationCore.dll!UnknownFunction []
[2019.11.05-00.21.04:032][207]LogWindows: Error: [Callstack] 0x00007ff817767340 UE4Editor-ApplicationCore.dll!UnknownFunction []
[2019.11.05-00.21.04:032][207]LogWindows: Error: [Callstack] 0x00007ff81774edd0 UE4Editor-ApplicationCore.dll!UnknownFunction []
[2019.11.05-00.21.04:032][207]LogWindows: Error: [Callstack] 0x00007ff849c063ed USER32.dll!UnknownFunction []
[2019.11.05-00.21.04:032][207]LogWindows: Error: [Callstack] 0x00007ff849c05de2 USER32.dll!UnknownFunction []
[2019.11.05-00.21.04:032][207]LogWindows: Error: [Callstack] 0x00007ff8177688e9 UE4Editor-ApplicationCore.dll!UnknownFunction []
[2019.11.05-00.21.04:032][207]LogWindows: Error: [Callstack] 0x00007ff6bb116980 UE4Editor.exe!UnknownFunction []
[2019.11.05-00.21.04:032][207]LogWindows: Error: [Callstack] 0x00007ff6bb12a91c UE4Editor.exe!UnknownFunction []
[2019.11.05-00.21.04:032][207]LogWindows: Error: [Callstack] 0x00007ff6bb12a9fa UE4Editor.exe!UnknownFunction []
[2019.11.05-00.21.04:032][207]LogWindows: Error: [Callstack] 0x00007ff6bb13b92c UE4Editor.exe!UnknownFunction []
[2019.11.05-00.21.04:032][207]LogWindows: Error: [Callstack] 0x00007ff6bb13e60e UE4Editor.exe!UnknownFunction []
[2019.11.05-00.21.04:032][207]LogWindows: Error: [Callstack] 0x00007ff84ac87bd4 KERNEL32.DLL!UnknownFunction []
[2019.11.05-00.21.04:032][207]LogWindows: Error: [Callstack] 0x00007ff84b30ced1 ntdll.dll!UnknownFunction []
[2019.11.05-00.21.04:032][207]LogWindows: Error: 
[2019.11.05-00.21.04:045][207]LogExit: Executing StaticShutdownAfterError
[2019.11.05-00.21.04:050][207]LogWindows: FPlatformMisc::RequestExit(1)
[2019.11.05-00.21.04:079][207]Log file closed, 11/05/19 03:21:04
